  [1m[36mCreature Load (1.7ms)[0m  [1mSELECT "creatures".* FROM "creatures"[0m
  [1m[36m (42.7ms)[0m  [1mCREATE TABLE "schema_migrations" ("version" character varying NOT NULL) [0m
  [1m[35m (2.1ms)[0m  CREATE UNIQUE INDEX  "unique_schema_migrations" ON "schema_migrations"  ("version")
  [1m[36mActiveRecord::SchemaMigration Load (0.6ms)[0m  [1mSELECT "schema_migrations".* FROM "schema_migrations"[0m
Migrating to CreateCreatures (20160219002737)
  [1m[35m (0.2ms)[0m  BEGIN
  [1m[36m (32.4ms)[0m  [1mCREATE TABLE "creatures" ("id" serial primary key, "created_at" timestamp NOT NULL, "updated_at" timestamp NOT NULL) [0m
  [1m[35mSQL (0.5ms)[0m  INSERT INTO "schema_migrations" ("version") VALUES ($1)  [["version", "20160219002737"]]
  [1m[36m (7.2ms)[0m  [1mCOMMIT[0m
  [1m[35mActiveRecord::SchemaMigration Load (0.3ms)[0m  SELECT "schema_migrations".* FROM "schema_migrations"
  [1m[36m (7.2ms)[0m  [1mSELECT t2.oid::regclass::text AS to_table, a1.attname AS column, a2.attname AS primary_key, c.conname AS name, c.confupdtype AS on_update, c.confdeltype AS on_delete
FROM pg_constraint c
JOIN pg_class t1 ON c.conrelid = t1.oid
JOIN pg_class t2 ON c.confrelid = t2.oid
JOIN pg_attribute a1 ON a1.attnum = c.conkey[1] AND a1.attrelid = t1.oid
JOIN pg_attribute a2 ON a2.attnum = c.confkey[1] AND a2.attrelid = t2.oid
JOIN pg_namespace t3 ON c.connamespace = t3.oid
WHERE c.contype = 'f'
  AND t1.relname = 'creatures'
  AND t3.nspname = ANY (current_schemas(false))
ORDER BY c.conname
[0m
  [1m[36mCreature Load (0.7ms)[0m  [1mSELECT "creatures".* FROM "creatures"[0m
  [1m[36mActiveRecord::SchemaMigration Load (0.8ms)[0m  [1mSELECT "schema_migrations".* FROM "schema_migrations"[0m
Migrating to AddColumnsToCreatures (20160219004841)
  [1m[35m (0.3ms)[0m  BEGIN
  [1m[36m (23.6ms)[0m  [1mALTER TABLE "creatures" ADD "creature" character varying[0m
  [1m[35m (0.4ms)[0m  ALTER TABLE "creatures" ADD "name" character varying
  [1m[36m (0.2ms)[0m  [1mALTER TABLE "creatures" ADD "description" character varying[0m
  [1m[35mSQL (0.5ms)[0m  INSERT INTO "schema_migrations" ("version") VALUES ($1)  [["version", "20160219004841"]]
  [1m[36m (13.8ms)[0m  [1mCOMMIT[0m
  [1m[35mActiveRecord::SchemaMigration Load (0.2ms)[0m  SELECT "schema_migrations".* FROM "schema_migrations"
  [1m[36m (4.8ms)[0m  [1mSELECT t2.oid::regclass::text AS to_table, a1.attname AS column, a2.attname AS primary_key, c.conname AS name, c.confupdtype AS on_update, c.confdeltype AS on_delete
FROM pg_constraint c
JOIN pg_class t1 ON c.conrelid = t1.oid
JOIN pg_class t2 ON c.confrelid = t2.oid
JOIN pg_attribute a1 ON a1.attnum = c.conkey[1] AND a1.attrelid = t1.oid
JOIN pg_attribute a2 ON a2.attnum = c.confkey[1] AND a2.attrelid = t2.oid
JOIN pg_namespace t3 ON c.connamespace = t3.oid
WHERE c.contype = 'f'
  AND t1.relname = 'creatures'
  AND t3.nspname = ANY (current_schemas(false))
ORDER BY c.conname
[0m
  [1m[36m (0.2ms)[0m  [1mBEGIN[0m
  [1m[35mSQL (1.3ms)[0m  INSERT INTO "creatures" ("name", "description", "created_at", "updated_at") VALUES ($1, $2, $3, $4) RETURNING "id"  [["name", "Yoda"], ["description", "Green little man"], ["created_at", "2016-02-19 00:49:56.312250"], ["updated_at", "2016-02-19 00:49:56.312250"]]
  [1m[36m (6.1ms)[0m  [1mCOMMIT[0m
  [1m[36mActiveRecord::SchemaMigration Load (0.7ms)[0m  [1mSELECT "schema_migrations".* FROM "schema_migrations"[0m
  [1m[35m (0.3ms)[0m  BEGIN
  [1m[36mSQL (0.7ms)[0m  [1mINSERT INTO "creatures" ("name", "description", "created_at", "updated_at") VALUES ($1, $2, $3, $4) RETURNING "id"[0m  [["name", "Luke"], ["description", "Jedi"], ["created_at", "2016-02-19 00:50:55.978530"], ["updated_at", "2016-02-19 00:50:55.978530"]]
  [1m[35m (6.1ms)[0m  COMMIT
  [1m[36m (0.3ms)[0m  [1mBEGIN[0m
  [1m[35mSQL (0.3ms)[0m  INSERT INTO "creatures" ("name", "description", "created_at", "updated_at") VALUES ($1, $2, $3, $4) RETURNING "id"  [["name", "Darth Vader"], ["description", "Father of Luke"], ["created_at", "2016-02-19 00:50:55.993123"], ["updated_at", "2016-02-19 00:50:55.993123"]]
  [1m[36m (11.2ms)[0m  [1mCOMMIT[0m


Started GET "/" for ::1 at 2016-02-18 16:59:14 -0800
  [1m[36mActiveRecord::SchemaMigration Load (0.7ms)[0m  [1mSELECT "schema_migrations".* FROM "schema_migrations"[0m
Processing by CreaturesController#index as HTML
  [1m[35mCreature Load (0.8ms)[0m  SELECT "creatures".* FROM "creatures"
  Rendered creatures/index.html.erb within layouts/application (34.2ms)
Completed 200 OK in 2505ms (Views: 2478.5ms | ActiveRecord: 5.1ms)


Started GET "/assets/application.self-7b12c2dc6a0df7471b90d2c83786925728878105c9c45371138e76b30d5e03f4.css?body=1" for ::1 at 2016-02-18 16:59:17 -0800


Started GET "/assets/creatures.self-877aef30ae1b040ab8a3aba4e3e309a11d7f2612f44dde450b5c157aa5f95c05.js?body=1" for ::1 at 2016-02-18 16:59:17 -0800


Started GET "/assets/creatures.self-e3b0c44298fc1c149afbf4c8996fb92427ae41e4649b934ca495991b7852b855.css?body=1" for ::1 at 2016-02-18 16:59:17 -0800


Started GET "/creatures/index" for ::1 at 2016-02-18 16:59:22 -0800

ActionController::RoutingError (No route matches [GET] "/creatures/index"):
  actionpack (4.2.5.1) lib/action_dispatch/middleware/debug_exceptions.rb:21:in `call'
  web-console (2.3.0) lib/web_console/middleware.rb:28:in `block in call'
  web-console (2.3.0) lib/web_console/middleware.rb:18:in `catch'
  web-console (2.3.0) lib/web_console/middleware.rb:18:in `call'
  actionpack (4.2.5.1) lib/action_dispatch/middleware/show_exceptions.rb:30:in `call'
  railties (4.2.5.1) lib/rails/rack/logger.rb:38:in `call_app'
  railties (4.2.5.1) lib/rails/rack/logger.rb:20:in `block in call'
  activesupport (4.2.5.1) lib/active_support/tagged_logging.rb:68:in `block in tagged'
  activesupport (4.2.5.1) lib/active_support/tagged_logging.rb:26:in `tagged'
  activesupport (4.2.5.1) lib/active_support/tagged_logging.rb:68:in `tagged'
  railties (4.2.5.1) lib/rails/rack/logger.rb:20:in `call'
  actionpack (4.2.5.1) lib/action_dispatch/middleware/request_id.rb:21:in `call'
  rack (1.6.4) lib/rack/methodoverride.rb:22:in `call'
  rack (1.6.4) lib/rack/runtime.rb:18:in `call'
  activesupport (4.2.5.1) lib/active_support/cache/strategy/local_cache_middleware.rb:28:in `call'
  rack (1.6.4) lib/rack/lock.rb:17:in `call'
  actionpack (4.2.5.1) lib/action_dispatch/middleware/static.rb:116:in `call'
  rack (1.6.4) lib/rack/sendfile.rb:113:in `call'
  railties (4.2.5.1) lib/rails/engine.rb:518:in `call'
  railties (4.2.5.1) lib/rails/application.rb:165:in `call'
  rack (1.6.4) lib/rack/lock.rb:17:in `call'
  rack (1.6.4) lib/rack/content_length.rb:15:in `call'
  rack (1.6.4) lib/rack/handler/webrick.rb:88:in `service'
  /Users/annabellethaddeus/.rvm/rubies/ruby-2.2.1/lib/ruby/2.2.0/webrick/httpserver.rb:138:in `service'
  /Users/annabellethaddeus/.rvm/rubies/ruby-2.2.1/lib/ruby/2.2.0/webrick/httpserver.rb:94:in `run'
  /Users/annabellethaddeus/.rvm/rubies/ruby-2.2.1/lib/ruby/2.2.0/webrick/server.rb:294:in `block in start_thread'


  Rendered /Users/annabellethaddeus/.rvm/gems/ruby-2.2.1/gems/actionpack-4.2.5.1/lib/action_dispatch/middleware/templates/rescues/_trace.html.erb (3.2ms)
  Rendered /Users/annabellethaddeus/.rvm/gems/ruby-2.2.1/gems/actionpack-4.2.5.1/lib/action_dispatch/middleware/templates/routes/_route.html.erb (1.8ms)
  Rendered /Users/annabellethaddeus/.rvm/gems/ruby-2.2.1/gems/actionpack-4.2.5.1/lib/action_dispatch/middleware/templates/routes/_table.html.erb (20.8ms)
  Rendered /Users/annabellethaddeus/.rvm/gems/ruby-2.2.1/gems/actionpack-4.2.5.1/lib/action_dispatch/middleware/templates/rescues/_request_and_response.html.erb (2.1ms)
  Rendered /Users/annabellethaddeus/.rvm/gems/ruby-2.2.1/gems/actionpack-4.2.5.1/lib/action_dispatch/middleware/templates/rescues/routing_error.html.erb within rescues/layout (192.9ms)
  Rendered /Users/annabellethaddeus/.rvm/gems/ruby-2.2.1/gems/web-console-2.3.0/lib/web_console/templates/_markup.html.erb (0.7ms)
  Rendered /Users/annabellethaddeus/.rvm/gems/ruby-2.2.1/gems/web-console-2.3.0/lib/web_console/templates/_inner_console_markup.html.erb within layouts/inlined_string (0.6ms)
  Rendered /Users/annabellethaddeus/.rvm/gems/ruby-2.2.1/gems/web-console-2.3.0/lib/web_console/templates/_prompt_box_markup.html.erb within layouts/inlined_string (0.7ms)
  Rendered /Users/annabellethaddeus/.rvm/gems/ruby-2.2.1/gems/web-console-2.3.0/lib/web_console/templates/style.css.erb within layouts/inlined_string (0.7ms)
  Rendered /Users/annabellethaddeus/.rvm/gems/ruby-2.2.1/gems/web-console-2.3.0/lib/web_console/templates/console.js.erb within layouts/javascript (122.7ms)
  Rendered /Users/annabellethaddeus/.rvm/gems/ruby-2.2.1/gems/web-console-2.3.0/lib/web_console/templates/main.js.erb within layouts/javascript (0.6ms)
  Rendered /Users/annabellethaddeus/.rvm/gems/ruby-2.2.1/gems/web-console-2.3.0/lib/web_console/templates/error_page.js.erb within layouts/javascript (0.7ms)
  Rendered /Users/annabellethaddeus/.rvm/gems/ruby-2.2.1/gems/web-console-2.3.0/lib/web_console/templates/index.html.erb (258.5ms)


Started GET "/creatures/new" for ::1 at 2016-02-18 16:59:37 -0800
Processing by CreaturesController#new as HTML
  Rendered creatures/new.html.erb within layouts/application (3.5ms)
Completed 200 OK in 36ms (Views: 35.4ms | ActiveRecord: 0.0ms)


Started GET "/creatures/new" for ::1 at 2016-02-18 17:15:10 -0800
Processing by CreaturesController#new as HTML
  Rendered creatures/new.html.erb within layouts/application (7.9ms)
Completed 200 OK in 65ms (Views: 50.5ms | ActiveRecord: 2.3ms)


Started GET "/creatures/1/edit" for ::1 at 2016-02-18 17:28:29 -0800
Processing by CreaturesController#edit as HTML
  Parameters: {"id"=>"1"}
  [1m[36mCreature Load (0.5ms)[0m  [1mSELECT  "creatures".* FROM "creatures" WHERE "creatures"."id" = $1 LIMIT 1[0m  [["id", 1]]
  Rendered creatures/edit.html.erb within layouts/application (3.3ms)
Completed 200 OK in 96ms (Views: 49.9ms | ActiveRecord: 3.3ms)


Started GET "/creatures/new" for ::1 at 2016-02-18 17:29:16 -0800
Processing by CreaturesController#new as HTML
  Rendered creatures/new.html.erb within layouts/application (3.1ms)
Completed 200 OK in 37ms (Views: 36.1ms | ActiveRecord: 0.0ms)


Started GET "/assets/creatures.self-e3b0c44298fc1c149afbf4c8996fb92427ae41e4649b934ca495991b7852b855.css?body=1" for ::1 at 2016-02-18 17:29:16 -0800


Started GET "/assets/jquery.self-c64a74367bda6ef8b860f19e74df08927ca99d2be2ac934e9e92d5fd361e0da4.js?body=1" for ::1 at 2016-02-18 17:29:16 -0800


Started GET "/assets/jquery_ujs.self-d602bdfe68ffc63b9f9cc512872aa3cfff046228a0a36e90dd476e8ef54c1b09.js?body=1" for ::1 at 2016-02-18 17:29:16 -0800


Started GET "/assets/application.self-7b12c2dc6a0df7471b90d2c83786925728878105c9c45371138e76b30d5e03f4.css?body=1" for ::1 at 2016-02-18 17:29:16 -0800


Started GET "/assets/creatures.self-877aef30ae1b040ab8a3aba4e3e309a11d7f2612f44dde450b5c157aa5f95c05.js?body=1" for ::1 at 2016-02-18 17:29:16 -0800


Started GET "/assets/turbolinks.self-c37727e9bd6b2735da5c311aa83fead54ed0be6cc8bd9a65309e9c5abe2cbfff.js?body=1" for ::1 at 2016-02-18 17:29:16 -0800


Started GET "/assets/application.self-3b8dabdc891efe46b9a144b400ad69e37d7e5876bdc39dee783419a69d7ca819.js?body=1" for ::1 at 2016-02-18 17:29:16 -0800


Started GET "/creatures/1/edit" for ::1 at 2016-02-18 17:29:19 -0800
Processing by CreaturesController#edit as HTML
  Parameters: {"id"=>"1"}
  [1m[35mCreature Load (0.3ms)[0m  SELECT  "creatures".* FROM "creatures" WHERE "creatures"."id" = $1 LIMIT 1  [["id", 1]]
  Rendered creatures/edit.html.erb within layouts/application (1.8ms)
Completed 200 OK in 26ms (Views: 24.1ms | ActiveRecord: 0.3ms)


Started GET "/creatures/1/edit" for ::1 at 2016-02-18 17:29:31 -0800
Processing by CreaturesController#edit as HTML
  Parameters: {"id"=>"1"}
  [1m[36mCreature Load (0.4ms)[0m  [1mSELECT  "creatures".* FROM "creatures" WHERE "creatures"."id" = $1 LIMIT 1[0m  [["id", 1]]
  Rendered creatures/edit.html.erb within layouts/application (2.2ms)
Completed 200 OK in 37ms (Views: 34.9ms | ActiveRecord: 0.4ms)


Started GET "/assets/application.self-7b12c2dc6a0df7471b90d2c83786925728878105c9c45371138e76b30d5e03f4.css?body=1" for ::1 at 2016-02-18 17:29:31 -0800


Started GET "/assets/jquery.self-c64a74367bda6ef8b860f19e74df08927ca99d2be2ac934e9e92d5fd361e0da4.js?body=1" for ::1 at 2016-02-18 17:29:31 -0800


Started GET "/assets/jquery_ujs.self-d602bdfe68ffc63b9f9cc512872aa3cfff046228a0a36e90dd476e8ef54c1b09.js?body=1" for ::1 at 2016-02-18 17:29:31 -0800


Started GET "/assets/turbolinks.self-c37727e9bd6b2735da5c311aa83fead54ed0be6cc8bd9a65309e9c5abe2cbfff.js?body=1" for ::1 at 2016-02-18 17:29:31 -0800


Started GET "/assets/creatures.self-877aef30ae1b040ab8a3aba4e3e309a11d7f2612f44dde450b5c157aa5f95c05.js?body=1" for ::1 at 2016-02-18 17:29:31 -0800


Started GET "/assets/application.self-3b8dabdc891efe46b9a144b400ad69e37d7e5876bdc39dee783419a69d7ca819.js?body=1" for ::1 at 2016-02-18 17:29:31 -0800


Started GET "/assets/creatures.self-e3b0c44298fc1c149afbf4c8996fb92427ae41e4649b934ca495991b7852b855.css?body=1" for ::1 at 2016-02-18 17:29:31 -0800


Started GET "/creatures/1/edit" for ::1 at 2016-02-18 17:31:32 -0800
Processing by CreaturesController#edit as HTML
  Parameters: {"id"=>"1"}
  [1m[35mCreature Load (6.7ms)[0m  SELECT  "creatures".* FROM "creatures" WHERE "creatures"."id" = $1 LIMIT 1  [["id", 1]]
  Rendered creatures/edit.html.erb within layouts/application (1.3ms)
Completed 200 OK in 39ms (Views: 30.9ms | ActiveRecord: 6.7ms)


Started GET "/assets/application.self-7b12c2dc6a0df7471b90d2c83786925728878105c9c45371138e76b30d5e03f4.css?body=1" for ::1 at 2016-02-18 17:31:33 -0800


Started GET "/assets/turbolinks.self-c37727e9bd6b2735da5c311aa83fead54ed0be6cc8bd9a65309e9c5abe2cbfff.js?body=1" for ::1 at 2016-02-18 17:31:33 -0800


Started GET "/assets/creatures.self-877aef30ae1b040ab8a3aba4e3e309a11d7f2612f44dde450b5c157aa5f95c05.js?body=1" for ::1 at 2016-02-18 17:31:33 -0800


Started GET "/assets/jquery_ujs.self-d602bdfe68ffc63b9f9cc512872aa3cfff046228a0a36e90dd476e8ef54c1b09.js?body=1" for ::1 at 2016-02-18 17:31:33 -0800


Started GET "/assets/jquery.self-c64a74367bda6ef8b860f19e74df08927ca99d2be2ac934e9e92d5fd361e0da4.js?body=1" for ::1 at 2016-02-18 17:31:33 -0800


Started GET "/assets/creatures.self-e3b0c44298fc1c149afbf4c8996fb92427ae41e4649b934ca495991b7852b855.css?body=1" for ::1 at 2016-02-18 17:31:33 -0800


Started GET "/assets/application.self-3b8dabdc891efe46b9a144b400ad69e37d7e5876bdc39dee783419a69d7ca819.js?body=1" for ::1 at 2016-02-18 17:31:33 -0800


Started GET "/assets/jquery_ujs.self-d602bdfe68ffc63b9f9cc512872aa3cfff046228a0a36e90dd476e8ef54c1b09.js?body=1" for ::1 at 2016-02-18 17:31:33 -0800


Started GET "/creatures/1/edit" for ::1 at 2016-02-18 17:36:29 -0800
Processing by CreaturesController#edit as HTML
  Parameters: {"id"=>"1"}
  [1m[36mCreature Load (0.3ms)[0m  [1mSELECT  "creatures".* FROM "creatures" WHERE "creatures"."id" = $1 LIMIT 1[0m  [["id", 1]]
  Rendered creatures/edit.html.erb within layouts/application (1.9ms)
Completed 200 OK in 46ms (Views: 33.9ms | ActiveRecord: 2.4ms)


Started GET "/assets/application.self-7b12c2dc6a0df7471b90d2c83786925728878105c9c45371138e76b30d5e03f4.css?body=1" for ::1 at 2016-02-18 17:36:29 -0800


Started GET "/assets/creatures.self-877aef30ae1b040ab8a3aba4e3e309a11d7f2612f44dde450b5c157aa5f95c05.js?body=1" for ::1 at 2016-02-18 17:36:30 -0800


Started GET "/assets/turbolinks.self-c37727e9bd6b2735da5c311aa83fead54ed0be6cc8bd9a65309e9c5abe2cbfff.js?body=1" for ::1 at 2016-02-18 17:36:30 -0800


Started GET "/assets/jquery.self-c64a74367bda6ef8b860f19e74df08927ca99d2be2ac934e9e92d5fd361e0da4.js?body=1" for ::1 at 2016-02-18 17:36:30 -0800


Started GET "/assets/application.self-3b8dabdc891efe46b9a144b400ad69e37d7e5876bdc39dee783419a69d7ca819.js?body=1" for ::1 at 2016-02-18 17:36:30 -0800


Started GET "/assets/jquery_ujs.self-d602bdfe68ffc63b9f9cc512872aa3cfff046228a0a36e90dd476e8ef54c1b09.js?body=1" for ::1 at 2016-02-18 17:36:30 -0800


Started GET "/assets/creatures.self-e3b0c44298fc1c149afbf4c8996fb92427ae41e4649b934ca495991b7852b855.css?body=1" for ::1 at 2016-02-18 17:36:30 -0800


Started PATCH "/creatures/1" for ::1 at 2016-02-18 17:36:36 -0800
Processing by CreaturesController#update as HTML
  Parameters: {"utf8"=>"✓", "authenticity_token"=>"tOYabj/QcHc4RAOgPSaEXcROfciZL2kID4Id48+b4FaxBBiJRTlxYkCnFy5LulXlxjwJgYBFUoWFNm1ihWy6Sw==", "creature"=>{"name"=>"Yodas", "description"=>"Green little man"}, "commit"=>"update creature", "id"=>"1"}
  [1m[35mCreature Load (0.4ms)[0m  SELECT  "creatures".* FROM "creatures" WHERE "creatures"."id" = $1 LIMIT 1  [["id", 1]]
  [1m[36m (0.2ms)[0m  [1mBEGIN[0m
  [1m[35mSQL (0.4ms)[0m  UPDATE "creatures" SET "name" = $1, "updated_at" = $2 WHERE "creatures"."id" = $3  [["name", "Yodas"], ["updated_at", "2016-02-19 01:36:36.694413"], ["id", 1]]
  [1m[36m (160.0ms)[0m  [1mCOMMIT[0m
Redirected to http://localhost:3000/creatures/1
Completed 302 Found in 169ms (ActiveRecord: 161.0ms)


Started GET "/creatures/1" for ::1 at 2016-02-18 17:36:36 -0800
Processing by CreaturesController#show as HTML
  Parameters: {"id"=>"1"}
  [1m[35mCreature Load (0.3ms)[0m  SELECT  "creatures".* FROM "creatures" WHERE "creatures"."id" = $1 LIMIT 1  [["id", 1]]
  Rendered creatures/show.html.erb within layouts/application (0.7ms)
Completed 200 OK in 28ms (Views: 25.9ms | ActiveRecord: 0.3ms)


Started PATCH "/creatures/1" for ::1 at 2016-02-18 17:36:47 -0800
Processing by CreaturesController#update as HTML
  Parameters: {"utf8"=>"✓", "authenticity_token"=>"tOYabj/QcHc4RAOgPSaEXcROfciZL2kID4Id48+b4FaxBBiJRTlxYkCnFy5LulXlxjwJgYBFUoWFNm1ihWy6Sw==", "creature"=>{"name"=>"Yoda", "description"=>"Green little man"}, "commit"=>"update creature", "id"=>"1"}
  [1m[36mCreature Load (12.4ms)[0m  [1mSELECT  "creatures".* FROM "creatures" WHERE "creatures"."id" = $1 LIMIT 1[0m  [["id", 1]]
  [1m[35m (0.3ms)[0m  BEGIN
  [1m[36mSQL (0.4ms)[0m  [1mUPDATE "creatures" SET "name" = $1, "updated_at" = $2 WHERE "creatures"."id" = $3[0m  [["name", "Yoda"], ["updated_at", "2016-02-19 01:36:47.325975"], ["id", 1]]
  [1m[35m (0.6ms)[0m  COMMIT
Redirected to http://localhost:3000/creatures/1
Completed 302 Found in 20ms (ActiveRecord: 13.7ms)


Started GET "/creatures/1" for ::1 at 2016-02-18 17:36:47 -0800
Processing by CreaturesController#show as HTML
  Parameters: {"id"=>"1"}
  [1m[36mCreature Load (0.3ms)[0m  [1mSELECT  "creatures".* FROM "creatures" WHERE "creatures"."id" = $1 LIMIT 1[0m  [["id", 1]]
  Rendered creatures/show.html.erb within layouts/application (0.1ms)
Completed 200 OK in 26ms (Views: 24.5ms | ActiveRecord: 0.3ms)


Started GET "/creatures/1/edit" for ::1 at 2016-02-18 17:37:25 -0800
Processing by CreaturesController#edit as HTML
  Parameters: {"id"=>"1"}
  [1m[35mCreature Load (0.2ms)[0m  SELECT  "creatures".* FROM "creatures" WHERE "creatures"."id" = $1 LIMIT 1  [["id", 1]]
  Rendered creatures/edit.html.erb within layouts/application (2.2ms)
Completed 200 OK in 51ms (Views: 37.5ms | ActiveRecord: 2.3ms)


Started GET "/assets/application.self-7b12c2dc6a0df7471b90d2c83786925728878105c9c45371138e76b30d5e03f4.css?body=1" for ::1 at 2016-02-18 17:37:25 -0800


Started GET "/assets/jquery.self-c64a74367bda6ef8b860f19e74df08927ca99d2be2ac934e9e92d5fd361e0da4.js?body=1" for ::1 at 2016-02-18 17:37:25 -0800


Started GET "/assets/jquery_ujs.self-d602bdfe68ffc63b9f9cc512872aa3cfff046228a0a36e90dd476e8ef54c1b09.js?body=1" for ::1 at 2016-02-18 17:37:25 -0800


Started GET "/assets/turbolinks.self-c37727e9bd6b2735da5c311aa83fead54ed0be6cc8bd9a65309e9c5abe2cbfff.js?body=1" for ::1 at 2016-02-18 17:37:25 -0800


Started GET "/assets/creatures.self-877aef30ae1b040ab8a3aba4e3e309a11d7f2612f44dde450b5c157aa5f95c05.js?body=1" for ::1 at 2016-02-18 17:37:25 -0800


Started GET "/assets/application.self-3b8dabdc891efe46b9a144b400ad69e37d7e5876bdc39dee783419a69d7ca819.js?body=1" for ::1 at 2016-02-18 17:37:25 -0800


Started GET "/assets/creatures.self-e3b0c44298fc1c149afbf4c8996fb92427ae41e4649b934ca495991b7852b855.css?body=1" for ::1 at 2016-02-18 17:37:25 -0800


Started PATCH "/creatures/1" for ::1 at 2016-02-18 17:37:28 -0800
Processing by CreaturesController#update as HTML
  Parameters: {"utf8"=>"✓", "authenticity_token"=>"oAgRcnY33At0GYSHAC2BxjPsFEEOylNjC1cjmMaAeBul6hOVDN7dHgz6kAl2sVB+MZ5gCBegaO6B41MZjHciBg==", "creature"=>{"name"=>"Yodas", "description"=>"Green little man"}, "commit"=>"update creature", "id"=>"1"}
  [1m[36mCreature Load (3.8ms)[0m  [1mSELECT  "creatures".* FROM "creatures" WHERE "creatures"."id" = $1 LIMIT 1[0m  [["id", 1]]
  [1m[35m (0.7ms)[0m  BEGIN
  [1m[36mSQL (0.4ms)[0m  [1mUPDATE "creatures" SET "name" = $1, "updated_at" = $2 WHERE "creatures"."id" = $3[0m  [["name", "Yodas"], ["updated_at", "2016-02-19 01:37:28.425574"], ["id", 1]]
  [1m[35m (0.6ms)[0m  COMMIT
Redirected to http://localhost:3000/creatures/1
Completed 302 Found in 11ms (ActiveRecord: 5.4ms)


Started GET "/creatures/1" for ::1 at 2016-02-18 17:37:28 -0800
Processing by CreaturesController#show as HTML
  Parameters: {"id"=>"1"}
  [1m[36mCreature Load (0.2ms)[0m  [1mSELECT  "creatures".* FROM "creatures" WHERE "creatures"."id" = $1 LIMIT 1[0m  [["id", 1]]
  Rendered creatures/show.html.erb within layouts/application (0.1ms)
Completed 200 OK in 28ms (Views: 26.3ms | ActiveRecord: 0.2ms)


Started GET "/creatures/new" for ::1 at 2016-02-18 17:40:07 -0800
Processing by CreaturesController#new as HTML
  Rendered creatures/new.html.erb within layouts/application (1.1ms)
Completed 200 OK in 26ms (Views: 24.7ms | ActiveRecord: 0.0ms)


Started GET "/creatures/1/edit" for ::1 at 2016-02-18 17:40:24 -0800
Processing by CreaturesController#edit as HTML
  Parameters: {"id"=>"1"}
  [1m[35mCreature Load (0.3ms)[0m  SELECT  "creatures".* FROM "creatures" WHERE "creatures"."id" = $1 LIMIT 1  [["id", 1]]
  Rendered creatures/edit.html.erb within layouts/application (1.1ms)
Completed 200 OK in 30ms (Views: 28.8ms | ActiveRecord: 0.3ms)


Started PATCH "/creatures/1" for ::1 at 2016-02-18 17:40:30 -0800
Processing by CreaturesController#update as HTML
  Parameters: {"utf8"=>"✓", "authenticity_token"=>"QhVQyuF9BHtkolWM1D+l1Enkf7H0Vn76izTrCZWEqUVH91Itm5QFbhxBQQKio3RsS5YL+O08RXcBgJuI33PzWA==", "creature"=>{"name"=>"Yoda", "description"=>"Green little man"}, "commit"=>"update creature", "id"=>"1"}
  [1m[36mCreature Load (0.8ms)[0m  [1mSELECT  "creatures".* FROM "creatures" WHERE "creatures"."id" = $1 LIMIT 1[0m  [["id", 1]]
  [1m[35m (1.4ms)[0m  BEGIN
  [1m[36mSQL (0.4ms)[0m  [1mUPDATE "creatures" SET "name" = $1, "updated_at" = $2 WHERE "creatures"."id" = $3[0m  [["name", "Yoda"], ["updated_at", "2016-02-19 01:40:30.349477"], ["id", 1]]
  [1m[35m (5.1ms)[0m  COMMIT
Redirected to http://localhost:3000/creatures/1
Completed 302 Found in 13ms (ActiveRecord: 7.8ms)


Started GET "/creatures/1" for ::1 at 2016-02-18 17:40:30 -0800
Processing by CreaturesController#show as HTML
  Parameters: {"id"=>"1"}
  [1m[36mCreature Load (0.3ms)[0m  [1mSELECT  "creatures".* FROM "creatures" WHERE "creatures"."id" = $1 LIMIT 1[0m  [["id", 1]]
  Rendered creatures/show.html.erb within layouts/application (0.1ms)
Completed 200 OK in 25ms (Views: 23.5ms | ActiveRecord: 0.3ms)


Started GET "/creatures/1" for ::1 at 2016-02-18 17:40:31 -0800
Processing by CreaturesController#show as HTML
  Parameters: {"id"=>"1"}
  [1m[35mCreature Load (0.3ms)[0m  SELECT  "creatures".* FROM "creatures" WHERE "creatures"."id" = $1 LIMIT 1  [["id", 1]]
  Rendered creatures/show.html.erb within layouts/application (0.2ms)
Completed 200 OK in 28ms (Views: 26.7ms | ActiveRecord: 0.3ms)


Started GET "/creatures/1/edit" for ::1 at 2016-02-18 17:40:58 -0800
Processing by CreaturesController#edit as HTML
  Parameters: {"id"=>"1"}
  [1m[36mCreature Load (0.3ms)[0m  [1mSELECT  "creatures".* FROM "creatures" WHERE "creatures"."id" = $1 LIMIT 1[0m  [["id", 1]]
  Rendered creatures/edit.html.erb within layouts/application (1.1ms)
Completed 200 OK in 30ms (Views: 27.8ms | ActiveRecord: 0.3ms)


Started GET "/creatures/1/edit" for ::1 at 2016-02-18 17:42:17 -0800
Processing by CreaturesController#edit as HTML
  Parameters: {"id"=>"1"}
  [1m[35mCreature Load (0.2ms)[0m  SELECT  "creatures".* FROM "creatures" WHERE "creatures"."id" = $1 LIMIT 1  [["id", 1]]
  Rendered creatures/edit.html.erb within layouts/application (1.6ms)
Completed 200 OK in 39ms (Views: 26.8ms | ActiveRecord: 2.7ms)


Started GET "/assets/jquery.self-c64a74367bda6ef8b860f19e74df08927ca99d2be2ac934e9e92d5fd361e0da4.js?body=1" for ::1 at 2016-02-18 17:42:17 -0800


Started GET "/assets/turbolinks.self-c37727e9bd6b2735da5c311aa83fead54ed0be6cc8bd9a65309e9c5abe2cbfff.js?body=1" for ::1 at 2016-02-18 17:42:17 -0800


Started GET "/assets/jquery_ujs.self-d602bdfe68ffc63b9f9cc512872aa3cfff046228a0a36e90dd476e8ef54c1b09.js?body=1" for ::1 at 2016-02-18 17:42:17 -0800


Started GET "/assets/application.self-7b12c2dc6a0df7471b90d2c83786925728878105c9c45371138e76b30d5e03f4.css?body=1" for ::1 at 2016-02-18 17:42:17 -0800


Started GET "/assets/creatures.self-877aef30ae1b040ab8a3aba4e3e309a11d7f2612f44dde450b5c157aa5f95c05.js?body=1" for ::1 at 2016-02-18 17:42:17 -0800


Started GET "/assets/application.self-3b8dabdc891efe46b9a144b400ad69e37d7e5876bdc39dee783419a69d7ca819.js?body=1" for ::1 at 2016-02-18 17:42:17 -0800


Started GET "/assets/creatures.self-e3b0c44298fc1c149afbf4c8996fb92427ae41e4649b934ca495991b7852b855.css?body=1" for ::1 at 2016-02-18 17:42:17 -0800


Started PATCH "/creatures/1" for ::1 at 2016-02-18 17:42:21 -0800
Processing by CreaturesController#update as HTML
  Parameters: {"utf8"=>"✓", "authenticity_token"=>"QUf764pi6pOJ/4ni6rMEpGIhREaSpS0XmTUeX3jEuaZEpfkM8IvrhvEcnWycL9UcYFMwD4vPFpoTgW7eMjPjuw==", "creature"=>{"name"=>"Yodas", "description"=>"Green little man"}, "commit"=>"update creature", "id"=>"1"}
  [1m[36mCreature Load (0.3ms)[0m  [1mSELECT  "creatures".* FROM "creatures" WHERE "creatures"."id" = $1 LIMIT 1[0m  [["id", 1]]
  [1m[35m (0.1ms)[0m  BEGIN
  [1m[36mSQL (0.4ms)[0m  [1mUPDATE "creatures" SET "name" = $1, "updated_at" = $2 WHERE "creatures"."id" = $3[0m  [["name", "Yodas"], ["updated_at", "2016-02-19 01:42:21.132084"], ["id", 1]]
  [1m[35m (0.6ms)[0m  COMMIT
Redirected to http://localhost:3000/creatures/1
Completed 302 Found in 6ms (ActiveRecord: 1.4ms)


Started GET "/creatures/1" for ::1 at 2016-02-18 17:42:21 -0800
Processing by CreaturesController#show as HTML
  Parameters: {"id"=>"1"}
  [1m[36mCreature Load (0.3ms)[0m  [1mSELECT  "creatures".* FROM "creatures" WHERE "creatures"."id" = $1 LIMIT 1[0m  [["id", 1]]
  Rendered creatures/show.html.erb within layouts/application (0.1ms)
Completed 200 OK in 25ms (Views: 23.9ms | ActiveRecord: 0.3ms)


Started PATCH "/creatures/1" for ::1 at 2016-02-18 17:42:25 -0800
Processing by CreaturesController#update as HTML
  Parameters: {"utf8"=>"✓", "authenticity_token"=>"QUf764pi6pOJ/4ni6rMEpGIhREaSpS0XmTUeX3jEuaZEpfkM8IvrhvEcnWycL9UcYFMwD4vPFpoTgW7eMjPjuw==", "creature"=>{"name"=>"Yoda", "description"=>"Green little man"}, "commit"=>"update creature", "id"=>"1"}
  [1m[35mCreature Load (8.3ms)[0m  SELECT  "creatures".* FROM "creatures" WHERE "creatures"."id" = $1 LIMIT 1  [["id", 1]]
  [1m[36m (4.1ms)[0m  [1mBEGIN[0m
  [1m[35mSQL (0.8ms)[0m  UPDATE "creatures" SET "name" = $1, "updated_at" = $2 WHERE "creatures"."id" = $3  [["name", "Yoda"], ["updated_at", "2016-02-19 01:42:25.268870"], ["id", 1]]
  [1m[36m (0.5ms)[0m  [1mCOMMIT[0m
Redirected to http://localhost:3000/creatures/1
Completed 302 Found in 18ms (ActiveRecord: 13.6ms)


Started GET "/creatures/1" for ::1 at 2016-02-18 17:42:25 -0800
Processing by CreaturesController#show as HTML
  Parameters: {"id"=>"1"}
  [1m[35mCreature Load (0.3ms)[0m  SELECT  "creatures".* FROM "creatures" WHERE "creatures"."id" = $1 LIMIT 1  [["id", 1]]
  Rendered creatures/show.html.erb within layouts/application (0.1ms)
Completed 200 OK in 25ms (Views: 23.4ms | ActiveRecord: 0.3ms)


Started GET "/creatures" for ::1 at 2016-02-18 17:42:28 -0800
Processing by CreaturesController#index as HTML
  [1m[36mCreature Load (0.4ms)[0m  [1mSELECT "creatures".* FROM "creatures"[0m
  Rendered creatures/index.html.erb within layouts/application (2.3ms)
Completed 200 OK in 29ms (Views: 27.3ms | ActiveRecord: 0.4ms)


Started GET "/creatures/1" for ::1 at 2016-02-18 17:42:35 -0800
Processing by CreaturesController#show as HTML
  Parameters: {"id"=>"1"}
  [1m[35mCreature Load (0.8ms)[0m  SELECT  "creatures".* FROM "creatures" WHERE "creatures"."id" = $1 LIMIT 1  [["id", 1]]
  Rendered creatures/show.html.erb within layouts/application (0.1ms)
Completed 200 OK in 28ms (Views: 25.6ms | ActiveRecord: 0.8ms)


Started GET "/creatures/2" for ::1 at 2016-02-18 17:42:38 -0800
Processing by CreaturesController#show as HTML
  Parameters: {"id"=>"2"}
  [1m[36mCreature Load (0.3ms)[0m  [1mSELECT  "creatures".* FROM "creatures" WHERE "creatures"."id" = $1 LIMIT 1[0m  [["id", 2]]
  Rendered creatures/show.html.erb within layouts/application (0.1ms)
Completed 200 OK in 26ms (Views: 24.8ms | ActiveRecord: 0.3ms)


Started GET "/creatures/2" for ::1 at 2016-02-18 17:42:55 -0800
Processing by CreaturesController#show as HTML
  Parameters: {"id"=>"2"}
  [1m[35mCreature Load (0.3ms)[0m  SELECT  "creatures".* FROM "creatures" WHERE "creatures"."id" = $1 LIMIT 1  [["id", 2]]
  Rendered creatures/show.html.erb within layouts/application (0.8ms)
Completed 200 OK in 28ms (Views: 26.6ms | ActiveRecord: 0.3ms)


Started GET "/assets/creatures.self-e3b0c44298fc1c149afbf4c8996fb92427ae41e4649b934ca495991b7852b855.css?body=1" for ::1 at 2016-02-18 17:42:56 -0800


Started GET "/assets/application.self-7b12c2dc6a0df7471b90d2c83786925728878105c9c45371138e76b30d5e03f4.css?body=1" for ::1 at 2016-02-18 17:42:56 -0800


Started GET "/assets/turbolinks.self-c37727e9bd6b2735da5c311aa83fead54ed0be6cc8bd9a65309e9c5abe2cbfff.js?body=1" for ::1 at 2016-02-18 17:42:56 -0800


Started GET "/assets/creatures.self-877aef30ae1b040ab8a3aba4e3e309a11d7f2612f44dde450b5c157aa5f95c05.js?body=1" for ::1 at 2016-02-18 17:42:56 -0800


Started GET "/assets/jquery_ujs.self-d602bdfe68ffc63b9f9cc512872aa3cfff046228a0a36e90dd476e8ef54c1b09.js?body=1" for ::1 at 2016-02-18 17:42:56 -0800


Started GET "/assets/jquery.self-c64a74367bda6ef8b860f19e74df08927ca99d2be2ac934e9e92d5fd361e0da4.js?body=1" for ::1 at 2016-02-18 17:42:56 -0800


Started GET "/assets/application.self-3b8dabdc891efe46b9a144b400ad69e37d7e5876bdc39dee783419a69d7ca819.js?body=1" for ::1 at 2016-02-18 17:42:56 -0800


Started GET "/creatures/1" for ::1 at 2016-02-18 17:42:59 -0800
Processing by CreaturesController#show as HTML
  Parameters: {"id"=>"1"}
  [1m[36mCreature Load (0.3ms)[0m  [1mSELECT  "creatures".* FROM "creatures" WHERE "creatures"."id" = $1 LIMIT 1[0m  [["id", 1]]
  Rendered creatures/show.html.erb within layouts/application (0.1ms)
Completed 200 OK in 27ms (Views: 25.4ms | ActiveRecord: 0.3ms)


Started GET "/assets/creatures.self-e3b0c44298fc1c149afbf4c8996fb92427ae41e4649b934ca495991b7852b855.css?body=1" for ::1 at 2016-02-18 17:42:59 -0800


Started GET "/assets/application.self-7b12c2dc6a0df7471b90d2c83786925728878105c9c45371138e76b30d5e03f4.css?body=1" for ::1 at 2016-02-18 17:43:00 -0800


Started GET "/assets/jquery.self-c64a74367bda6ef8b860f19e74df08927ca99d2be2ac934e9e92d5fd361e0da4.js?body=1" for ::1 at 2016-02-18 17:43:00 -0800


Started GET "/assets/jquery_ujs.self-d602bdfe68ffc63b9f9cc512872aa3cfff046228a0a36e90dd476e8ef54c1b09.js?body=1" for ::1 at 2016-02-18 17:43:00 -0800


Started GET "/assets/turbolinks.self-c37727e9bd6b2735da5c311aa83fead54ed0be6cc8bd9a65309e9c5abe2cbfff.js?body=1" for ::1 at 2016-02-18 17:43:00 -0800


Started GET "/assets/creatures.self-877aef30ae1b040ab8a3aba4e3e309a11d7f2612f44dde450b5c157aa5f95c05.js?body=1" for ::1 at 2016-02-18 17:43:00 -0800


Started GET "/assets/application.self-3b8dabdc891efe46b9a144b400ad69e37d7e5876bdc39dee783419a69d7ca819.js?body=1" for ::1 at 2016-02-18 17:43:00 -0800


Started GET "/creatures" for ::1 at 2016-02-18 17:45:53 -0800
Processing by CreaturesController#index as HTML
  [1m[35mCreature Load (0.4ms)[0m  SELECT "creatures".* FROM "creatures"
  Rendered creatures/index.html.erb within layouts/application (11.8ms)
Completed 200 OK in 42ms (Views: 36.5ms | ActiveRecord: 2.7ms)


Started DELETE "/creatures/1" for ::1 at 2016-02-18 17:46:00 -0800
Processing by CreaturesController#destroy as HTML
  Parameters: {"authenticity_token"=>"fL1v9+NU4FNqx0iEJ0ecw3QzbcX/vX4Q7NBCBHADQ+15X20Qmb3hRhIkXApR2017dkEZjObXRZ1mZDKFOvQZ8A==", "id"=>"1"}
  [1m[36mCreature Load (1.9ms)[0m  [1mSELECT  "creatures".* FROM "creatures" WHERE "creatures"."id" = $1 LIMIT 1[0m  [["id", 1]]
  [1m[35m (1.1ms)[0m  BEGIN
  [1m[36mSQL (0.3ms)[0m  [1mDELETE FROM "creatures" WHERE "creatures"."id" = $1[0m  [["id", 1]]
  [1m[35m (1.2ms)[0m  COMMIT
Redirected to http://localhost:3000/creatures
Completed 302 Found in 10ms (ActiveRecord: 4.4ms)


Started GET "/creatures" for ::1 at 2016-02-18 17:46:00 -0800
Processing by CreaturesController#index as HTML
  [1m[36mCreature Load (0.4ms)[0m  [1mSELECT "creatures".* FROM "creatures"[0m
  Rendered creatures/index.html.erb within layouts/application (1.8ms)
Completed 200 OK in 39ms (Views: 38.0ms | ActiveRecord: 0.4ms)


Started GET "/creatures/new" for ::1 at 2016-02-18 17:47:26 -0800
Processing by CreaturesController#new as HTML
  Rendered creatures/new.html.erb within layouts/application (1.7ms)
Completed 200 OK in 42ms (Views: 31.4ms | ActiveRecord: 2.1ms)


Started POST "/creatures" for ::1 at 2016-02-18 17:47:45 -0800
Processing by CreaturesController#create as HTML
  Parameters: {"utf8"=>"✓", "authenticity_token"=>"xh9UBcS1+PFSg9iFDv7igO+cvGMAameWsD9vj2/yXQfD/Vbivlz55CpgzAt4YjM47e7IKhkAXBs6ix8OJQUHGg==", "creature"=>{"name"=>"Yoda", "description"=>"Little Green Man"}, "commit"=>"save creature"}
  [1m[35m (0.4ms)[0m  BEGIN
  [1m[36mSQL (0.5ms)[0m  [1mINSERT INTO "creatures" ("name", "description", "created_at", "updated_at") VALUES ($1, $2, $3, $4) RETURNING "id"[0m  [["name", "Yoda"], ["description", "Little Green Man"], ["created_at", "2016-02-19 01:47:45.188988"], ["updated_at", "2016-02-19 01:47:45.188988"]]
  [1m[35m (0.4ms)[0m  COMMIT
Redirected to http://localhost:3000/creatures/4
Completed 302 Found in 7ms (ActiveRecord: 1.2ms)


Started GET "/creatures/4" for ::1 at 2016-02-18 17:47:45 -0800
Processing by CreaturesController#show as HTML
  Parameters: {"id"=>"4"}
  [1m[36mCreature Load (0.3ms)[0m  [1mSELECT  "creatures".* FROM "creatures" WHERE "creatures"."id" = $1 LIMIT 1[0m  [["id", 4]]
  Rendered creatures/show.html.erb within layouts/application (0.1ms)
Completed 200 OK in 28ms (Views: 26.1ms | ActiveRecord: 0.3ms)


Started GET "/creatures" for ::1 at 2016-02-18 17:47:48 -0800
Processing by CreaturesController#index as HTML
  [1m[35mCreature Load (0.4ms)[0m  SELECT "creatures".* FROM "creatures"
  Rendered creatures/index.html.erb within layouts/application (2.5ms)
Completed 200 OK in 27ms (Views: 26.2ms | ActiveRecord: 0.4ms)
