

Started GET "/" for ::1 at 2016-02-18 16:19:44 -0800
Processing by Rails::WelcomeController#index as HTML
  Rendered /Users/nidhireddy/.rvm/gems/ruby-2.2.1/gems/railties-4.2.5/lib/rails/templates/rails/welcome/index.html.erb (1.7ms)
Completed 200 OK in 19ms (Views: 11.1ms | ActiveRecord: 0.0ms)
  [1m[36m (28.9ms)[0m  [1mCREATE TABLE "schema_migrations" ("version" character varying NOT NULL) [0m
  [1m[35m (1.2ms)[0m  CREATE UNIQUE INDEX  "unique_schema_migrations" ON "schema_migrations"  ("version")
  [1m[36mActiveRecord::SchemaMigration Load (0.3ms)[0m  [1mSELECT "schema_migrations".* FROM "schema_migrations"[0m
Migrating to CreateCreatures (20160219003409)
  [1m[35m (0.2ms)[0m  BEGIN
  [1m[36m (16.1ms)[0m  [1mCREATE TABLE "creatures" ("id" serial primary key, "name" character varying, "description" character varying, "created_at" timestamp NOT NULL, "updated_at" timestamp NOT NULL) [0m
  [1m[35mSQL (0.3ms)[0m  INSERT INTO "schema_migrations" ("version") VALUES ($1)  [["version", "20160219003409"]]
  [1m[36m (5.9ms)[0m  [1mCOMMIT[0m
  [1m[35mActiveRecord::SchemaMigration Load (0.2ms)[0m  SELECT "schema_migrations".* FROM "schema_migrations"
  [1m[36m (1.9ms)[0m  [1mSELECT t2.oid::regclass::text AS to_table, a1.attname AS column, a2.attname AS primary_key, c.conname AS name, c.confupdtype AS on_update, c.confdeltype AS on_delete
FROM pg_constraint c
JOIN pg_class t1 ON c.conrelid = t1.oid
JOIN pg_class t2 ON c.confrelid = t2.oid
JOIN pg_attribute a1 ON a1.attnum = c.conkey[1] AND a1.attrelid = t1.oid
JOIN pg_attribute a2 ON a2.attnum = c.confkey[1] AND a2.attrelid = t2.oid
JOIN pg_namespace t3 ON c.connamespace = t3.oid
WHERE c.contype = 'f'
  AND t1.relname = 'creatures'
  AND t3.nspname = ANY (current_schemas(false))
ORDER BY c.conname
[0m
  [1m[36m (0.1ms)[0m  [1mBEGIN[0m
  [1m[35mSQL (0.5ms)[0m  INSERT INTO "creatures" ("name", "description", "created_at", "updated_at") VALUES ($1, $2, $3, $4) RETURNING "id"  [["name", "Yoda"], ["description", "Green little man"], ["created_at", "2016-02-19 00:35:12.503169"], ["updated_at", "2016-02-19 00:35:12.503169"]]
  [1m[36m (1.0ms)[0m  [1mCOMMIT[0m
  [1m[35mCreature Load (0.5ms)[0m  SELECT "creatures".* FROM "creatures"
  [1m[36mActiveRecord::SchemaMigration Load (0.2ms)[0m  [1mSELECT "schema_migrations".* FROM "schema_migrations"[0m
  [1m[35m (0.1ms)[0m  BEGIN
  [1m[36mSQL (0.3ms)[0m  [1mINSERT INTO "creatures" ("name", "description", "created_at", "updated_at") VALUES ($1, $2, $3, $4) RETURNING "id"[0m  [["name", "Luke"], ["description", "Jedi"], ["created_at", "2016-02-19 00:36:40.338394"], ["updated_at", "2016-02-19 00:36:40.338394"]]
  [1m[35m (1.2ms)[0m  COMMIT
  [1m[36m (0.1ms)[0m  [1mBEGIN[0m
  [1m[35mSQL (0.2ms)[0m  INSERT INTO "creatures" ("name", "description", "created_at", "updated_at") VALUES ($1, $2, $3, $4) RETURNING "id"  [["name", "Darth Vader"], ["description", "Father of Luke"], ["created_at", "2016-02-19 00:36:40.343340"], ["updated_at", "2016-02-19 00:36:40.343340"]]
  [1m[36m (0.4ms)[0m  [1mCOMMIT[0m


Started GET "/creatures" for ::1 at 2016-02-18 17:10:36 -0800
  [1m[36mActiveRecord::SchemaMigration Load (0.5ms)[0m  [1mSELECT "schema_migrations".* FROM "schema_migrations"[0m
Processing by CreaturesController#index as HTML
  [1m[35mCreature Load (0.4ms)[0m  SELECT "creatures".* FROM "creatures"
  Rendered creatures/index.html.erb within layouts/application (7.0ms)
Completed 200 OK in 1119ms (Views: 1108.2ms | ActiveRecord: 2.6ms)


Started GET "/assets/creatures.self-877aef30ae1b040ab8a3aba4e3e309a11d7f2612f44dde450b5c157aa5f95c05.js?body=1" for ::1 at 2016-02-18 17:10:37 -0800


Started GET "/assets/creatures.self-e3b0c44298fc1c149afbf4c8996fb92427ae41e4649b934ca495991b7852b855.css?body=1" for ::1 at 2016-02-18 17:10:37 -0800


Started GET "/assets/application.self-e80e8f2318043e8af94dddc2adad5a4f09739a8ebb323b3ab31cd71d45fd9113.css?body=1" for ::1 at 2016-02-18 17:10:37 -0800


Started GET "/assets/jquery.self-c64a74367bda6ef8b860f19e74df08927ca99d2be2ac934e9e92d5fd361e0da4.js?body=1" for ::1 at 2016-02-18 17:10:37 -0800


Started GET "/assets/jquery_ujs.self-d602bdfe68ffc63b9f9cc512872aa3cfff046228a0a36e90dd476e8ef54c1b09.js?body=1" for ::1 at 2016-02-18 17:10:37 -0800


Started GET "/assets/turbolinks.self-c37727e9bd6b2735da5c311aa83fead54ed0be6cc8bd9a65309e9c5abe2cbfff.js?body=1" for ::1 at 2016-02-18 17:10:37 -0800


Started GET "/assets/application.self-3b8dabdc891efe46b9a144b400ad69e37d7e5876bdc39dee783419a69d7ca819.js?body=1" for ::1 at 2016-02-18 17:10:37 -0800


Started GET "/creatures/new" for ::1 at 2016-02-18 17:10:43 -0800
Processing by CreaturesController#new as HTML
Completed 500 Internal Server Error in 5ms (ActiveRecord: 0.0ms)

ActionView::MissingTemplate (Missing template creatures/new, application/new with {:locale=>[:en], :formats=>[:html], :variants=>[], :handlers=>[:erb, :builder, :raw, :ruby, :coffee, :jbuilder]}. Searched in:
  * "/Users/nidhireddy/dev/class_playground/w05d04/bog_app/app/views"
):
  app/controllers/creatures_controller.rb:13:in `new'


  Rendered /Users/nidhireddy/.rvm/gems/ruby-2.2.1/gems/actionpack-4.2.5/lib/action_dispatch/middleware/templates/rescues/_source.erb (6.5ms)
  Rendered /Users/nidhireddy/.rvm/gems/ruby-2.2.1/gems/actionpack-4.2.5/lib/action_dispatch/middleware/templates/rescues/_trace.html.erb (3.2ms)
  Rendered /Users/nidhireddy/.rvm/gems/ruby-2.2.1/gems/actionpack-4.2.5/lib/action_dispatch/middleware/templates/rescues/_request_and_response.html.erb (1.1ms)
  Rendered /Users/nidhireddy/.rvm/gems/ruby-2.2.1/gems/actionpack-4.2.5/lib/action_dispatch/middleware/templates/rescues/missing_template.html.erb within rescues/layout (49.8ms)
  Rendered /Users/nidhireddy/.rvm/gems/ruby-2.2.1/gems/web-console-2.3.0/lib/web_console/templates/_markup.html.erb (0.5ms)
  Rendered /Users/nidhireddy/.rvm/gems/ruby-2.2.1/gems/web-console-2.3.0/lib/web_console/templates/_inner_console_markup.html.erb within layouts/inlined_string (0.4ms)
  Rendered /Users/nidhireddy/.rvm/gems/ruby-2.2.1/gems/web-console-2.3.0/lib/web_console/templates/_prompt_box_markup.html.erb within layouts/inlined_string (0.3ms)
  Rendered /Users/nidhireddy/.rvm/gems/ruby-2.2.1/gems/web-console-2.3.0/lib/web_console/templates/style.css.erb within layouts/inlined_string (0.3ms)
  Rendered /Users/nidhireddy/.rvm/gems/ruby-2.2.1/gems/web-console-2.3.0/lib/web_console/templates/console.js.erb within layouts/javascript (45.5ms)
  Rendered /Users/nidhireddy/.rvm/gems/ruby-2.2.1/gems/web-console-2.3.0/lib/web_console/templates/main.js.erb within layouts/javascript (0.4ms)
  Rendered /Users/nidhireddy/.rvm/gems/ruby-2.2.1/gems/web-console-2.3.0/lib/web_console/templates/error_page.js.erb within layouts/javascript (0.5ms)
  Rendered /Users/nidhireddy/.rvm/gems/ruby-2.2.1/gems/web-console-2.3.0/lib/web_console/templates/index.html.erb (100.2ms)


Started GET "/creatures/new" for ::1 at 2016-02-18 17:12:55 -0800
Processing by CreaturesController#new as HTML
  Rendered creatures/new.html.erb within layouts/application (14.7ms)
Completed 200 OK in 43ms (Views: 42.4ms | ActiveRecord: 0.0ms)


Started GET "/creatures/new" for ::1 at 2016-02-18 17:13:36 -0800
Processing by CreaturesController#new as HTML
  Rendered creatures/new.html.erb within layouts/application (5.3ms)
Completed 200 OK in 23ms (Views: 23.1ms | ActiveRecord: 0.0ms)


Started GET "/assets/creatures.self-e3b0c44298fc1c149afbf4c8996fb92427ae41e4649b934ca495991b7852b855.css?body=1" for ::1 at 2016-02-18 17:13:36 -0800


Started GET "/assets/application.self-e80e8f2318043e8af94dddc2adad5a4f09739a8ebb323b3ab31cd71d45fd9113.css?body=1" for ::1 at 2016-02-18 17:13:36 -0800


Started GET "/assets/creatures.self-877aef30ae1b040ab8a3aba4e3e309a11d7f2612f44dde450b5c157aa5f95c05.js?body=1" for ::1 at 2016-02-18 17:13:36 -0800


Started GET "/assets/jquery_ujs.self-d602bdfe68ffc63b9f9cc512872aa3cfff046228a0a36e90dd476e8ef54c1b09.js?body=1" for ::1 at 2016-02-18 17:13:36 -0800


Started GET "/assets/jquery.self-c64a74367bda6ef8b860f19e74df08927ca99d2be2ac934e9e92d5fd361e0da4.js?body=1" for ::1 at 2016-02-18 17:13:36 -0800


Started GET "/assets/turbolinks.self-c37727e9bd6b2735da5c311aa83fead54ed0be6cc8bd9a65309e9c5abe2cbfff.js?body=1" for ::1 at 2016-02-18 17:13:36 -0800


Started GET "/assets/application.self-3b8dabdc891efe46b9a144b400ad69e37d7e5876bdc39dee783419a69d7ca819.js?body=1" for ::1 at 2016-02-18 17:13:36 -0800


Started GET "/creatures/new" for ::1 at 2016-02-18 17:13:48 -0800
Processing by CreaturesController#new as HTML
  Rendered creatures/new.html.erb within layouts/application (1.3ms)
Completed 200 OK in 17ms (Views: 16.5ms | ActiveRecord: 0.0ms)


Started GET "/assets/creatures.self-e3b0c44298fc1c149afbf4c8996fb92427ae41e4649b934ca495991b7852b855.css?body=1" for ::1 at 2016-02-18 17:13:48 -0800


Started GET "/assets/application.self-e80e8f2318043e8af94dddc2adad5a4f09739a8ebb323b3ab31cd71d45fd9113.css?body=1" for ::1 at 2016-02-18 17:13:48 -0800


Started GET "/assets/jquery.self-c64a74367bda6ef8b860f19e74df08927ca99d2be2ac934e9e92d5fd361e0da4.js?body=1" for ::1 at 2016-02-18 17:13:48 -0800


Started GET "/assets/turbolinks.self-c37727e9bd6b2735da5c311aa83fead54ed0be6cc8bd9a65309e9c5abe2cbfff.js?body=1" for ::1 at 2016-02-18 17:13:48 -0800


Started GET "/assets/creatures.self-877aef30ae1b040ab8a3aba4e3e309a11d7f2612f44dde450b5c157aa5f95c05.js?body=1" for ::1 at 2016-02-18 17:13:48 -0800


Started GET "/assets/jquery_ujs.self-d602bdfe68ffc63b9f9cc512872aa3cfff046228a0a36e90dd476e8ef54c1b09.js?body=1" for ::1 at 2016-02-18 17:13:48 -0800


Started GET "/assets/application.self-3b8dabdc891efe46b9a144b400ad69e37d7e5876bdc39dee783419a69d7ca819.js?body=1" for ::1 at 2016-02-18 17:13:48 -0800


Started GET "/creatures/new" for ::1 at 2016-02-18 17:25:29 -0800
  [1m[36mActiveRecord::SchemaMigration Load (0.3ms)[0m  [1mSELECT "schema_migrations".* FROM "schema_migrations"[0m
Processing by CreaturesController#new as HTML
  Rendered creatures/new.html.erb within layouts/application (19.0ms)
Completed 200 OK in 163ms (Views: 155.3ms | ActiveRecord: 0.0ms)


Started POST "/creatures" for ::1 at 2016-02-18 17:25:33 -0800
Processing by CreaturesController#create as HTML
  Parameters: {"utf8"=>"✓", "authenticity_token"=>"dr11WN5Fitzknz1fxz2IYJPUWzxjmNZW6q4fkglDc4d1l4StbAvTpndwPGky/aL0UYFRbKQWEqvinOLs1oS6ng==", "creature"=>{"name"=>"dsfdsf", "description"=>"dsfdsf"}, "commit"=>"Save creature"}
Completed 500 Internal Server Error in 7ms (ActiveRecord: 2.1ms)

NoMethodError (undefined method `saved' for #<Creature:0x007fed426ca3b8>):
  app/controllers/creatures_controller.rb:24:in `create'


  Rendered /Users/nidhireddy/.rvm/gems/ruby-2.2.1/gems/actionpack-4.2.5/lib/action_dispatch/middleware/templates/rescues/_source.erb (3.9ms)
  Rendered /Users/nidhireddy/.rvm/gems/ruby-2.2.1/gems/actionpack-4.2.5/lib/action_dispatch/middleware/templates/rescues/_trace.html.erb (1.8ms)
  Rendered /Users/nidhireddy/.rvm/gems/ruby-2.2.1/gems/actionpack-4.2.5/lib/action_dispatch/middleware/templates/rescues/_request_and_response.html.erb (0.9ms)
  Rendered /Users/nidhireddy/.rvm/gems/ruby-2.2.1/gems/actionpack-4.2.5/lib/action_dispatch/middleware/templates/rescues/diagnostics.html.erb within rescues/layout (39.9ms)
  Rendered /Users/nidhireddy/.rvm/gems/ruby-2.2.1/gems/web-console-2.3.0/lib/web_console/templates/_markup.html.erb (0.4ms)
  Rendered /Users/nidhireddy/.rvm/gems/ruby-2.2.1/gems/web-console-2.3.0/lib/web_console/templates/_inner_console_markup.html.erb within layouts/inlined_string (0.3ms)
  Rendered /Users/nidhireddy/.rvm/gems/ruby-2.2.1/gems/web-console-2.3.0/lib/web_console/templates/_prompt_box_markup.html.erb within layouts/inlined_string (0.2ms)
  Rendered /Users/nidhireddy/.rvm/gems/ruby-2.2.1/gems/web-console-2.3.0/lib/web_console/templates/style.css.erb within layouts/inlined_string (0.3ms)
  Rendered /Users/nidhireddy/.rvm/gems/ruby-2.2.1/gems/web-console-2.3.0/lib/web_console/templates/console.js.erb within layouts/javascript (34.2ms)
  Rendered /Users/nidhireddy/.rvm/gems/ruby-2.2.1/gems/web-console-2.3.0/lib/web_console/templates/main.js.erb within layouts/javascript (0.4ms)
  Rendered /Users/nidhireddy/.rvm/gems/ruby-2.2.1/gems/web-console-2.3.0/lib/web_console/templates/error_page.js.erb within layouts/javascript (0.3ms)
  Rendered /Users/nidhireddy/.rvm/gems/ruby-2.2.1/gems/web-console-2.3.0/lib/web_console/templates/index.html.erb (79.1ms)


Started GET "/creatures" for ::1 at 2016-02-18 17:25:40 -0800
Processing by CreaturesController#index as HTML
  [1m[35mCreature Load (0.4ms)[0m  SELECT "creatures".* FROM "creatures"
  Rendered creatures/index.html.erb within layouts/application (8.3ms)
Completed 200 OK in 37ms (Views: 33.0ms | ActiveRecord: 1.7ms)


Started GET "/new" for ::1 at 2016-02-18 17:25:44 -0800

ActionController::RoutingError (No route matches [GET] "/new"):
  actionpack (4.2.5) lib/action_dispatch/middleware/debug_exceptions.rb:21:in `call'
  web-console (2.3.0) lib/web_console/middleware.rb:28:in `block in call'
  web-console (2.3.0) lib/web_console/middleware.rb:18:in `catch'
  web-console (2.3.0) lib/web_console/middleware.rb:18:in `call'
  actionpack (4.2.5) lib/action_dispatch/middleware/show_exceptions.rb:30:in `call'
  railties (4.2.5) lib/rails/rack/logger.rb:38:in `call_app'
  railties (4.2.5) lib/rails/rack/logger.rb:20:in `block in call'
  activesupport (4.2.5) lib/active_support/tagged_logging.rb:68:in `block in tagged'
  activesupport (4.2.5) lib/active_support/tagged_logging.rb:26:in `tagged'
  activesupport (4.2.5) lib/active_support/tagged_logging.rb:68:in `tagged'
  railties (4.2.5) lib/rails/rack/logger.rb:20:in `call'
  actionpack (4.2.5) lib/action_dispatch/middleware/request_id.rb:21:in `call'
  rack (1.6.4) lib/rack/methodoverride.rb:22:in `call'
  rack (1.6.4) lib/rack/runtime.rb:18:in `call'
  activesupport (4.2.5) lib/active_support/cache/strategy/local_cache_middleware.rb:28:in `call'
  rack (1.6.4) lib/rack/lock.rb:17:in `call'
  actionpack (4.2.5) lib/action_dispatch/middleware/static.rb:116:in `call'
  rack (1.6.4) lib/rack/sendfile.rb:113:in `call'
  railties (4.2.5) lib/rails/engine.rb:518:in `call'
  railties (4.2.5) lib/rails/application.rb:165:in `call'
  rack (1.6.4) lib/rack/lock.rb:17:in `call'
  rack (1.6.4) lib/rack/content_length.rb:15:in `call'
  rack (1.6.4) lib/rack/handler/webrick.rb:88:in `service'
  /Users/nidhireddy/.rvm/rubies/ruby-2.2.1/lib/ruby/2.2.0/webrick/httpserver.rb:138:in `service'
  /Users/nidhireddy/.rvm/rubies/ruby-2.2.1/lib/ruby/2.2.0/webrick/httpserver.rb:94:in `run'
  /Users/nidhireddy/.rvm/rubies/ruby-2.2.1/lib/ruby/2.2.0/webrick/server.rb:294:in `block in start_thread'


  Rendered /Users/nidhireddy/.rvm/gems/ruby-2.2.1/gems/actionpack-4.2.5/lib/action_dispatch/middleware/templates/rescues/_trace.html.erb (2.0ms)
  Rendered /Users/nidhireddy/.rvm/gems/ruby-2.2.1/gems/actionpack-4.2.5/lib/action_dispatch/middleware/templates/routes/_route.html.erb (0.9ms)
  Rendered /Users/nidhireddy/.rvm/gems/ruby-2.2.1/gems/actionpack-4.2.5/lib/action_dispatch/middleware/templates/routes/_table.html.erb (3.0ms)
  Rendered /Users/nidhireddy/.rvm/gems/ruby-2.2.1/gems/actionpack-4.2.5/lib/action_dispatch/middleware/templates/rescues/_request_and_response.html.erb (2.1ms)
  Rendered /Users/nidhireddy/.rvm/gems/ruby-2.2.1/gems/actionpack-4.2.5/lib/action_dispatch/middleware/templates/rescues/routing_error.html.erb within rescues/layout (60.7ms)
  Rendered /Users/nidhireddy/.rvm/gems/ruby-2.2.1/gems/web-console-2.3.0/lib/web_console/templates/_markup.html.erb (0.8ms)
  Rendered /Users/nidhireddy/.rvm/gems/ruby-2.2.1/gems/web-console-2.3.0/lib/web_console/templates/_inner_console_markup.html.erb within layouts/inlined_string (0.3ms)
  Rendered /Users/nidhireddy/.rvm/gems/ruby-2.2.1/gems/web-console-2.3.0/lib/web_console/templates/_prompt_box_markup.html.erb within layouts/inlined_string (0.2ms)
  Rendered /Users/nidhireddy/.rvm/gems/ruby-2.2.1/gems/web-console-2.3.0/lib/web_console/templates/style.css.erb within layouts/inlined_string (0.4ms)
  Rendered /Users/nidhireddy/.rvm/gems/ruby-2.2.1/gems/web-console-2.3.0/lib/web_console/templates/console.js.erb within layouts/javascript (33.4ms)
  Rendered /Users/nidhireddy/.rvm/gems/ruby-2.2.1/gems/web-console-2.3.0/lib/web_console/templates/main.js.erb within layouts/javascript (0.2ms)
  Rendered /Users/nidhireddy/.rvm/gems/ruby-2.2.1/gems/web-console-2.3.0/lib/web_console/templates/error_page.js.erb within layouts/javascript (0.6ms)
  Rendered /Users/nidhireddy/.rvm/gems/ruby-2.2.1/gems/web-console-2.3.0/lib/web_console/templates/index.html.erb (73.9ms)


Started GET "/creatures/new" for ::1 at 2016-02-18 17:25:52 -0800
Processing by CreaturesController#new as HTML
  Rendered creatures/new.html.erb within layouts/application (1.1ms)
Completed 200 OK in 14ms (Views: 14.1ms | ActiveRecord: 0.0ms)


Started POST "/creatures" for ::1 at 2016-02-18 17:25:54 -0800
Processing by CreaturesController#create as HTML
  Parameters: {"utf8"=>"✓", "authenticity_token"=>"wis7xVTWXBHEV0FiibStGQbCCB9VpJPOnU8q7YmqiAjBAcow5pgFa1e4QFR8dIeNxJcCT5IqVzOVfdeTVm1BEQ==", "creature"=>{"name"=>"dsfdsf", "description"=>"dsfdsf"}, "commit"=>"Save creature"}
  [1m[36m (0.1ms)[0m  [1mBEGIN[0m
  [1m[35mSQL (0.3ms)[0m  INSERT INTO "creatures" ("name", "description", "created_at", "updated_at") VALUES ($1, $2, $3, $4) RETURNING "id"  [["name", "dsfdsf"], ["description", "dsfdsf"], ["created_at", "2016-02-19 01:25:54.999019"], ["updated_at", "2016-02-19 01:25:54.999019"]]
  [1m[36m (6.1ms)[0m  [1mCOMMIT[0m
Redirected to http://localhost:3000/creatures
Completed 302 Found in 16ms (ActiveRecord: 6.7ms)


Started GET "/creatures" for ::1 at 2016-02-18 17:25:55 -0800
Processing by CreaturesController#index as HTML
  [1m[35mCreature Load (0.2ms)[0m  SELECT "creatures".* FROM "creatures"
  Rendered creatures/index.html.erb within layouts/application (0.7ms)
Completed 200 OK in 13ms (Views: 11.9ms | ActiveRecord: 0.2ms)


Started GET "/creatures" for ::1 at 2016-02-18 17:27:09 -0800
Processing by CreaturesController#index as HTML
  [1m[36mCreature Load (0.2ms)[0m  [1mSELECT "creatures".* FROM "creatures"[0m
  Rendered creatures/index.html.erb within layouts/application (3.9ms)
Completed 200 OK in 16ms (Views: 13.6ms | ActiveRecord: 1.3ms)


Started GET "/assets/creatures.self-e3b0c44298fc1c149afbf4c8996fb92427ae41e4649b934ca495991b7852b855.css?body=1" for ::1 at 2016-02-18 17:27:09 -0800


Started GET "/assets/turbolinks.self-c37727e9bd6b2735da5c311aa83fead54ed0be6cc8bd9a65309e9c5abe2cbfff.js?body=1" for ::1 at 2016-02-18 17:27:09 -0800


Started GET "/assets/application.self-e80e8f2318043e8af94dddc2adad5a4f09739a8ebb323b3ab31cd71d45fd9113.css?body=1" for ::1 at 2016-02-18 17:27:09 -0800


Started GET "/assets/jquery_ujs.self-d602bdfe68ffc63b9f9cc512872aa3cfff046228a0a36e90dd476e8ef54c1b09.js?body=1" for ::1 at 2016-02-18 17:27:09 -0800


Started GET "/assets/jquery.self-c64a74367bda6ef8b860f19e74df08927ca99d2be2ac934e9e92d5fd361e0da4.js?body=1" for ::1 at 2016-02-18 17:27:09 -0800


Started GET "/assets/creatures.self-877aef30ae1b040ab8a3aba4e3e309a11d7f2612f44dde450b5c157aa5f95c05.js?body=1" for ::1 at 2016-02-18 17:27:09 -0800


Started GET "/assets/application.self-3b8dabdc891efe46b9a144b400ad69e37d7e5876bdc39dee783419a69d7ca819.js?body=1" for ::1 at 2016-02-18 17:27:09 -0800


Started GET "/creatures/new" for ::1 at 2016-02-18 17:27:13 -0800
Processing by CreaturesController#new as HTML
  Rendered creatures/new.html.erb within layouts/application (2.2ms)
Completed 200 OK in 13ms (Views: 12.4ms | ActiveRecord: 0.0ms)


Started POST "/creatures" for ::1 at 2016-02-18 17:27:17 -0800
Processing by CreaturesController#create as HTML
  Parameters: {"utf8"=>"✓", "authenticity_token"=>"zbu+0z7ty7b1myhuT4qzxUH6lq1XBEuQjz0I+xdq0AjOkU8mjKOSzGZ0KVi6SplRg6+c/ZCKj22HD/WFyK0ZEQ==", "creature"=>{"name"=>"dsfdsf", "description"=>"dsfdsfdsfadfdsafdsafd"}, "commit"=>"Save creature"}
  [1m[35m (0.1ms)[0m  BEGIN
  [1m[36mSQL (0.1ms)[0m  [1mINSERT INTO "creatures" ("name", "description", "created_at", "updated_at") VALUES ($1, $2, $3, $4) RETURNING "id"[0m  [["name", "dsfdsf"], ["description", "dsfdsfdsfadfdsafdsafd"], ["created_at", "2016-02-19 01:27:17.066116"], ["updated_at", "2016-02-19 01:27:17.066116"]]
  [1m[35m (6.1ms)[0m  COMMIT
Redirected to http://localhost:3000/creatures
Completed 302 Found in 9ms (ActiveRecord: 6.3ms)


Started GET "/creatures" for ::1 at 2016-02-18 17:27:17 -0800
Processing by CreaturesController#index as HTML
  [1m[36mCreature Load (0.2ms)[0m  [1mSELECT "creatures".* FROM "creatures"[0m
  Rendered creatures/index.html.erb within layouts/application (0.8ms)
Completed 200 OK in 11ms (Views: 10.3ms | ActiveRecord: 0.2ms)


Started GET "/creatures" for ::1 at 2016-02-18 17:29:54 -0800
Processing by CreaturesController#index as HTML
  [1m[35mCreature Load (0.2ms)[0m  SELECT "creatures".* FROM "creatures"
  Rendered creatures/index.html.erb within layouts/application (3.9ms)
Completed 200 OK in 16ms (Views: 13.1ms | ActiveRecord: 1.4ms)


Started GET "/assets/creatures.self-e3b0c44298fc1c149afbf4c8996fb92427ae41e4649b934ca495991b7852b855.css?body=1" for ::1 at 2016-02-18 17:29:55 -0800


Started GET "/assets/application.self-e80e8f2318043e8af94dddc2adad5a4f09739a8ebb323b3ab31cd71d45fd9113.css?body=1" for ::1 at 2016-02-18 17:29:55 -0800


Started GET "/assets/jquery.self-c64a74367bda6ef8b860f19e74df08927ca99d2be2ac934e9e92d5fd361e0da4.js?body=1" for ::1 at 2016-02-18 17:29:55 -0800


Started GET "/assets/jquery_ujs.self-d602bdfe68ffc63b9f9cc512872aa3cfff046228a0a36e90dd476e8ef54c1b09.js?body=1" for ::1 at 2016-02-18 17:29:55 -0800


Started GET "/assets/turbolinks.self-c37727e9bd6b2735da5c311aa83fead54ed0be6cc8bd9a65309e9c5abe2cbfff.js?body=1" for ::1 at 2016-02-18 17:29:55 -0800


Started GET "/assets/creatures.self-877aef30ae1b040ab8a3aba4e3e309a11d7f2612f44dde450b5c157aa5f95c05.js?body=1" for ::1 at 2016-02-18 17:29:55 -0800


Started GET "/assets/application.self-3b8dabdc891efe46b9a144b400ad69e37d7e5876bdc39dee783419a69d7ca819.js?body=1" for ::1 at 2016-02-18 17:29:55 -0800


Started GET "/creatures" for ::1 at 2016-02-18 17:31:12 -0800
Processing by CreaturesController#index as HTML
  [1m[36mCreature Load (0.3ms)[0m  [1mSELECT "creatures".* FROM "creatures"[0m
  Rendered creatures/index.html.erb within layouts/application (5.8ms)
Completed 200 OK in 20ms (Views: 16.2ms | ActiveRecord: 2.1ms)


Started GET "/assets/application.self-e80e8f2318043e8af94dddc2adad5a4f09739a8ebb323b3ab31cd71d45fd9113.css?body=1" for ::1 at 2016-02-18 17:31:13 -0800


Started GET "/assets/creatures.self-e3b0c44298fc1c149afbf4c8996fb92427ae41e4649b934ca495991b7852b855.css?body=1" for ::1 at 2016-02-18 17:31:13 -0800


Started GET "/assets/turbolinks.self-c37727e9bd6b2735da5c311aa83fead54ed0be6cc8bd9a65309e9c5abe2cbfff.js?body=1" for ::1 at 2016-02-18 17:31:13 -0800


Started GET "/assets/jquery.self-c64a74367bda6ef8b860f19e74df08927ca99d2be2ac934e9e92d5fd361e0da4.js?body=1" for ::1 at 2016-02-18 17:31:13 -0800


Started GET "/assets/jquery_ujs.self-d602bdfe68ffc63b9f9cc512872aa3cfff046228a0a36e90dd476e8ef54c1b09.js?body=1" for ::1 at 2016-02-18 17:31:13 -0800


Started GET "/assets/creatures.self-877aef30ae1b040ab8a3aba4e3e309a11d7f2612f44dde450b5c157aa5f95c05.js?body=1" for ::1 at 2016-02-18 17:31:13 -0800


Started GET "/assets/application.self-3b8dabdc891efe46b9a144b400ad69e37d7e5876bdc39dee783419a69d7ca819.js?body=1" for ::1 at 2016-02-18 17:31:13 -0800


Started GET "/creatures/new" for ::1 at 2016-02-18 17:31:15 -0800
Processing by CreaturesController#new as HTML
  Rendered creatures/new.html.erb within layouts/application (1.5ms)
Completed 200 OK in 13ms (Views: 12.4ms | ActiveRecord: 0.0ms)


Started POST "/creatures" for ::1 at 2016-02-18 17:31:19 -0800
Processing by CreaturesController#create as HTML
  Parameters: {"utf8"=>"✓", "authenticity_token"=>"F71JVa5C+TWmZtjr0RdT1fJjEwHiiaYIpfm3FMVHcPoUl7igHAygTzWJ2d0k13lBMDYZUSUHYvWty0pqGoC54w==", "creature"=>{"name"=>"dsfddafewatewa", "description"=>"dsadageagewg"}, "commit"=>"Save creature"}
  [1m[35m (0.1ms)[0m  BEGIN
  [1m[36mSQL (0.2ms)[0m  [1mINSERT INTO "creatures" ("name", "description", "created_at", "updated_at") VALUES ($1, $2, $3, $4) RETURNING "id"[0m  [["name", "dsfddafewatewa"], ["description", "dsadageagewg"], ["created_at", "2016-02-19 01:31:19.154247"], ["updated_at", "2016-02-19 01:31:19.154247"]]
  [1m[35m (6.1ms)[0m  COMMIT
Redirected to http://localhost:3000/creatures/6
Completed 302 Found in 9ms (ActiveRecord: 6.4ms)


Started GET "/creatures/6" for ::1 at 2016-02-18 17:31:19 -0800
Processing by CreaturesController#show as HTML
  Parameters: {"id"=>"6"}
  [1m[36mCreature Load (0.2ms)[0m  [1mSELECT  "creatures".* FROM "creatures" WHERE "creatures"."id" = $1 LIMIT 1[0m  [["id", 6]]
  Rendered creatures/show.html.erb within layouts/application (0.4ms)
Completed 200 OK in 23ms (Views: 15.4ms | ActiveRecord: 0.2ms)


Started GET "/creatures/6/edit" for ::1 at 2016-02-18 17:35:29 -0800
  [1m[36mActiveRecord::SchemaMigration Load (0.3ms)[0m  [1mSELECT "schema_migrations".* FROM "schema_migrations"[0m
Processing by CreaturesController#edit as HTML
  Parameters: {"id"=>"6"}
  [1m[35mCreature Load (0.3ms)[0m  SELECT  "creatures".* FROM "creatures" WHERE "creatures"."id" = $1 LIMIT 1  [["id", 6]]
  Rendered creatures/edit.html.erb within layouts/application (11.9ms)
Completed 200 OK in 178ms (Views: 150.2ms | ActiveRecord: 2.2ms)


Started GET "/creatures/6/edit" for ::1 at 2016-02-18 17:46:36 -0800
  [1m[36mActiveRecord::SchemaMigration Load (0.3ms)[0m  [1mSELECT "schema_migrations".* FROM "schema_migrations"[0m
Processing by CreaturesController#edit as HTML
  Parameters: {"id"=>"6"}
  [1m[35mCreature Load (0.3ms)[0m  SELECT  "creatures".* FROM "creatures" WHERE "creatures"."id" = $1 LIMIT 1  [["id", 6]]
  Rendered creatures/edit.html.erb within layouts/application (11.8ms)
Completed 200 OK in 179ms (Views: 150.3ms | ActiveRecord: 2.4ms)


Started GET "/creatures" for ::1 at 2016-02-18 17:46:39 -0800
Processing by CreaturesController#index as HTML
  [1m[36mCreature Load (0.2ms)[0m  [1mSELECT "creatures".* FROM "creatures"[0m
  Rendered creatures/index.html.erb within layouts/application (1.1ms)
Completed 200 OK in 12ms (Views: 10.9ms | ActiveRecord: 0.2ms)


Started GET "/creatures/new" for ::1 at 2016-02-18 17:46:49 -0800
Processing by CreaturesController#new as HTML
  Rendered creatures/new.html.erb within layouts/application (1.4ms)
Completed 200 OK in 13ms (Views: 12.3ms | ActiveRecord: 0.0ms)


Started GET "/creatures/1/edit" for ::1 at 2016-02-18 17:46:51 -0800
Processing by CreaturesController#edit as HTML
  Parameters: {"id"=>"1"}
  [1m[35mCreature Load (0.2ms)[0m  SELECT  "creatures".* FROM "creatures" WHERE "creatures"."id" = $1 LIMIT 1  [["id", 1]]
  Rendered creatures/edit.html.erb within layouts/application (1.2ms)
Completed 200 OK in 14ms (Views: 12.9ms | ActiveRecord: 0.2ms)


Started PATCH "/creatures/1" for ::1 at 2016-02-18 17:46:57 -0800
Processing by CreaturesController#update as HTML
  Parameters: {"utf8"=>"✓", "authenticity_token"=>"EV2qujVRWOC//MUDBxklq6Gej12TV9t5S+qSapyzPWUSd1tPhx8BmiwTxDXy2Q8/Y8uFDVTZH4RD2G8UQ3T0fA==", "creature"=>{"name"=>"Yoda", "description"=>"Green little man!!!!"}, "commit"=>"Update creature", "id"=>"1"}
  [1m[36mCreature Load (0.2ms)[0m  [1mSELECT  "creatures".* FROM "creatures" WHERE "creatures"."id" = $1 LIMIT 1[0m  [["id", 1]]
  [1m[35m (0.1ms)[0m  BEGIN
  [1m[36mSQL (0.4ms)[0m  [1mUPDATE "creatures" SET "description" = $1, "updated_at" = $2 WHERE "creatures"."id" = $3[0m  [["description", "Green little man!!!!"], ["updated_at", "2016-02-19 01:46:57.307549"], ["id", 1]]
  [1m[35m (4.8ms)[0m  COMMIT
Redirected to http://localhost:30001
Completed 302 Found in 15ms (ActiveRecord: 5.4ms)


Started PATCH "/creatures/1" for ::1 at 2016-02-18 17:47:02 -0800
Processing by CreaturesController#update as HTML
  Parameters: {"utf8"=>"✓", "authenticity_token"=>"EV2qujVRWOC//MUDBxklq6Gej12TV9t5S+qSapyzPWUSd1tPhx8BmiwTxDXy2Q8/Y8uFDVTZH4RD2G8UQ3T0fA==", "creature"=>{"name"=>"Yoda", "description"=>"Green little man!!!!"}, "commit"=>"Update creature", "id"=>"1"}
  [1m[36mCreature Load (0.2ms)[0m  [1mSELECT  "creatures".* FROM "creatures" WHERE "creatures"."id" = $1 LIMIT 1[0m  [["id", 1]]
  [1m[35m (0.1ms)[0m  BEGIN
  [1m[36m (0.1ms)[0m  [1mCOMMIT[0m
Redirected to http://localhost:30001
Completed 302 Found in 2ms (ActiveRecord: 0.3ms)


Started GET "/" for ::1 at 2016-02-18 17:47:14 -0800
Processing by CreaturesController#index as HTML
  [1m[35mCreature Load (0.3ms)[0m  SELECT "creatures".* FROM "creatures"
  Rendered creatures/index.html.erb within layouts/application (6.7ms)
Completed 200 OK in 30ms (Views: 25.4ms | ActiveRecord: 1.6ms)


Started GET "/" for ::1 at 2016-02-18 17:47:14 -0800
Processing by CreaturesController#index as HTML
  [1m[36mCreature Load (0.2ms)[0m  [1mSELECT "creatures".* FROM "creatures"[0m
  Rendered creatures/index.html.erb within layouts/application (1.6ms)
Completed 200 OK in 23ms (Views: 22.1ms | ActiveRecord: 0.2ms)


Started GET "/creatures/new" for ::1 at 2016-02-18 17:47:19 -0800
Processing by CreaturesController#new as HTML
  Rendered creatures/new.html.erb within layouts/application (1.7ms)
Completed 200 OK in 21ms (Views: 20.2ms | ActiveRecord: 0.0ms)


Started GET "/creatures/1/edit" for ::1 at 2016-02-18 17:47:21 -0800
Processing by CreaturesController#edit as HTML
  Parameters: {"id"=>"1"}
  [1m[35mCreature Load (0.2ms)[0m  SELECT  "creatures".* FROM "creatures" WHERE "creatures"."id" = $1 LIMIT 1  [["id", 1]]
  Rendered creatures/edit.html.erb within layouts/application (1.4ms)
Completed 200 OK in 20ms (Views: 18.3ms | ActiveRecord: 0.2ms)


Started PATCH "/creatures/1" for ::1 at 2016-02-18 17:47:23 -0800
Processing by CreaturesController#update as HTML
  Parameters: {"utf8"=>"✓", "authenticity_token"=>"er4X/nQmUAYX8aU3pqmWCD/il2AaqRGFWBrEe3ZSHnR5lOYLxmgJfIQepAFTabyc/bedMN0n1XhQKDkFqZXXbQ==", "creature"=>{"name"=>"Yoda", "description"=>"Green little man!!!!"}, "commit"=>"Update creature", "id"=>"1"}
  [1m[36mCreature Load (0.7ms)[0m  [1mSELECT  "creatures".* FROM "creatures" WHERE "creatures"."id" = $1 LIMIT 1[0m  [["id", 1]]
  [1m[35m (0.1ms)[0m  BEGIN
  [1m[36m (0.1ms)[0m  [1mCOMMIT[0m
Redirected to http://localhost:3000/creatures/1
Completed 302 Found in 3ms (ActiveRecord: 0.8ms)


Started GET "/creatures/1" for ::1 at 2016-02-18 17:47:23 -0800
Processing by CreaturesController#show as HTML
  Parameters: {"id"=>"1"}
  [1m[35mCreature Load (0.1ms)[0m  SELECT  "creatures".* FROM "creatures" WHERE "creatures"."id" = $1 LIMIT 1  [["id", 1]]
  Rendered creatures/show.html.erb within layouts/application (0.9ms)
Completed 200 OK in 17ms (Views: 15.9ms | ActiveRecord: 0.1ms)


Started GET "/creatures" for ::1 at 2016-02-18 17:47:26 -0800
Processing by CreaturesController#index as HTML
  [1m[36mCreature Load (0.3ms)[0m  [1mSELECT "creatures".* FROM "creatures"[0m
  Rendered creatures/index.html.erb within layouts/application (1.2ms)
Completed 200 OK in 13ms (Views: 11.5ms | ActiveRecord: 0.3ms)


Started GET "/creatures" for ::1 at 2016-02-18 17:50:49 -0800
  [1m[36mActiveRecord::SchemaMigration Load (0.3ms)[0m  [1mSELECT "schema_migrations".* FROM "schema_migrations"[0m
Processing by CreaturesController#index as HTML
  [1m[35mCreature Load (0.4ms)[0m  SELECT "creatures".* FROM "creatures"
  Rendered creatures/index.html.erb within layouts/application (7.8ms)
Completed 200 OK in 160ms (Views: 150.2ms | ActiveRecord: 2.2ms)


Started GET "/assets/creatures.self-e3b0c44298fc1c149afbf4c8996fb92427ae41e4649b934ca495991b7852b855.css?body=1" for ::1 at 2016-02-18 17:50:49 -0800


Started GET "/assets/jquery.self-c64a74367bda6ef8b860f19e74df08927ca99d2be2ac934e9e92d5fd361e0da4.js?body=1" for ::1 at 2016-02-18 17:50:49 -0800


Started GET "/assets/application.self-e80e8f2318043e8af94dddc2adad5a4f09739a8ebb323b3ab31cd71d45fd9113.css?body=1" for ::1 at 2016-02-18 17:50:49 -0800


Started GET "/assets/application.self-3b8dabdc891efe46b9a144b400ad69e37d7e5876bdc39dee783419a69d7ca819.js?body=1" for ::1 at 2016-02-18 17:50:49 -0800


Started GET "/assets/turbolinks.self-c37727e9bd6b2735da5c311aa83fead54ed0be6cc8bd9a65309e9c5abe2cbfff.js?body=1" for ::1 at 2016-02-18 17:50:49 -0800


Started GET "/assets/creatures.self-877aef30ae1b040ab8a3aba4e3e309a11d7f2612f44dde450b5c157aa5f95c05.js?body=1" for ::1 at 2016-02-18 17:50:49 -0800


Started GET "/assets/jquery_ujs.self-d602bdfe68ffc63b9f9cc512872aa3cfff046228a0a36e90dd476e8ef54c1b09.js?body=1" for ::1 at 2016-02-18 17:50:49 -0800


Started DELETE "/creatures/5" for ::1 at 2016-02-18 17:50:53 -0800
Processing by CreaturesController#destroy as HTML
  Parameters: {"authenticity_token"=>"y9/bRG323dPxHYQLI9077iqaSFhM1G+k7KVX30H1zlfI9Sqx37iEqWLyhT3WHRF66M9CCItaq1nkl6qhnjIHTg==", "id"=>"5"}
  [1m[36mCreature Load (0.2ms)[0m  [1mSELECT  "creatures".* FROM "creatures" WHERE "creatures"."id" = $1 LIMIT 1[0m  [["id", 5]]
  [1m[35m (0.1ms)[0m  BEGIN
  [1m[36mSQL (0.2ms)[0m  [1mDELETE FROM "creatures" WHERE "creatures"."id" = $1[0m  [["id", 5]]
  [1m[35m (0.9ms)[0m  COMMIT
Redirected to http://localhost:3000/creatures
Completed 302 Found in 9ms (ActiveRecord: 1.5ms)


Started GET "/creatures" for ::1 at 2016-02-18 17:50:53 -0800
Processing by CreaturesController#index as HTML
  [1m[36mCreature Load (0.2ms)[0m  [1mSELECT "creatures".* FROM "creatures"[0m
  Rendered creatures/index.html.erb within layouts/application (1.7ms)
Completed 200 OK in 14ms (Views: 13.6ms | ActiveRecord: 0.2ms)


Started DELETE "/creatures/4" for ::1 at 2016-02-18 17:50:55 -0800
Processing by CreaturesController#destroy as HTML
  Parameters: {"authenticity_token"=>"Q6js7fz/jpHJ8EViVysFZNphWqxVg6lhIR/cE9/2dA5Agh0YTrHX61ofRFSi6y/wGDRQ/JINbZwpLSFtADG9Fw==", "id"=>"4"}
  [1m[35mCreature Load (0.2ms)[0m  SELECT  "creatures".* FROM "creatures" WHERE "creatures"."id" = $1 LIMIT 1  [["id", 4]]
  [1m[36m (0.1ms)[0m  [1mBEGIN[0m
  [1m[35mSQL (0.1ms)[0m  DELETE FROM "creatures" WHERE "creatures"."id" = $1  [["id", 4]]
  [1m[36m (0.7ms)[0m  [1mCOMMIT[0m
Redirected to http://localhost:3000/creatures
Completed 302 Found in 3ms (ActiveRecord: 1.1ms)


Started GET "/creatures" for ::1 at 2016-02-18 17:50:55 -0800
Processing by CreaturesController#index as HTML
  [1m[35mCreature Load (0.2ms)[0m  SELECT "creatures".* FROM "creatures"
  Rendered creatures/index.html.erb within layouts/application (1.2ms)
Completed 200 OK in 22ms (Views: 21.0ms | ActiveRecord: 0.2ms)


Started DELETE "/creatures/6" for ::1 at 2016-02-18 17:50:57 -0800
Processing by CreaturesController#destroy as HTML
  Parameters: {"authenticity_token"=>"9j5e0gk2p/gT7fWL8ZuJ/tOBTkj8pr8NcTuevtH3Psn1FK8nu3j+goAC9L0EW6NqEdREGDsoe/B5CWPADjD30A==", "id"=>"6"}
  [1m[36mCreature Load (0.2ms)[0m  [1mSELECT  "creatures".* FROM "creatures" WHERE "creatures"."id" = $1 LIMIT 1[0m  [["id", 6]]
  [1m[35m (0.1ms)[0m  BEGIN
  [1m[36mSQL (0.2ms)[0m  [1mDELETE FROM "creatures" WHERE "creatures"."id" = $1[0m  [["id", 6]]
  [1m[35m (0.7ms)[0m  COMMIT
Redirected to http://localhost:3000/creatures
Completed 302 Found in 3ms (ActiveRecord: 1.1ms)


Started GET "/creatures" for ::1 at 2016-02-18 17:50:57 -0800
Processing by CreaturesController#index as HTML
  [1m[36mCreature Load (0.2ms)[0m  [1mSELECT "creatures".* FROM "creatures"[0m
  Rendered creatures/index.html.erb within layouts/application (1.5ms)
Completed 200 OK in 19ms (Views: 17.7ms | ActiveRecord: 0.2ms)
