

Started GET "/" for ::1 at 2016-02-18 17:05:02 -0800
Processing by Rails::WelcomeController#index as HTML
  Rendered /Users/FranchiniMae/.rvm/gems/ruby-2.2.1/gems/railties-4.2.5.1/lib/rails/templates/rails/welcome/index.html.erb (2.9ms)
Completed 200 OK in 32ms (Views: 19.6ms | ActiveRecord: 0.0ms)
  [1m[36m (61.4ms)[0m  [1mCREATE TABLE "schema_migrations" ("version" character varying NOT NULL) [0m
  [1m[35m (10.3ms)[0m  CREATE UNIQUE INDEX  "unique_schema_migrations" ON "schema_migrations"  ("version")
  [1m[36mActiveRecord::SchemaMigration Load (0.6ms)[0m  [1mSELECT "schema_migrations".* FROM "schema_migrations"[0m
Migrating to CreateCreatures (20160219011646)
  [1m[35m (0.2ms)[0m  BEGIN
  [1m[36m (40.1ms)[0m  [1mCREATE TABLE "creatures" ("id" serial primary key, "name" character varying, "description" character varying, "created_at" timestamp NOT NULL, "updated_at" timestamp NOT NULL) [0m
  [1m[35mSQL (11.3ms)[0m  INSERT INTO "schema_migrations" ("version") VALUES ($1)  [["version", "20160219011646"]]
  [1m[36m (5.8ms)[0m  [1mCOMMIT[0m
  [1m[35mActiveRecord::SchemaMigration Load (0.2ms)[0m  SELECT "schema_migrations".* FROM "schema_migrations"
  [1m[36m (22.1ms)[0m  [1mSELECT t2.oid::regclass::text AS to_table, a1.attname AS column, a2.attname AS primary_key, c.conname AS name, c.confupdtype AS on_update, c.confdeltype AS on_delete
FROM pg_constraint c
JOIN pg_class t1 ON c.conrelid = t1.oid
JOIN pg_class t2 ON c.confrelid = t2.oid
JOIN pg_attribute a1 ON a1.attnum = c.conkey[1] AND a1.attrelid = t1.oid
JOIN pg_attribute a2 ON a2.attnum = c.confkey[1] AND a2.attrelid = t2.oid
JOIN pg_namespace t3 ON c.connamespace = t3.oid
WHERE c.contype = 'f'
  AND t1.relname = 'creatures'
  AND t3.nspname = ANY (current_schemas(false))
ORDER BY c.conname
[0m
  [1m[36m (0.2ms)[0m  [1mBEGIN[0m
  [1m[35mSQL (3.7ms)[0m  INSERT INTO "creatures" ("name", "description", "created_at", "updated_at") VALUES ($1, $2, $3, $4) RETURNING "id"  [["name", "Yoda"], ["description", "Green little man"], ["created_at", "2016-02-19 01:17:38.880348"], ["updated_at", "2016-02-19 01:17:38.880348"]]
  [1m[36m (0.6ms)[0m  [1mCOMMIT[0m
  [1m[36mActiveRecord::SchemaMigration Load (0.5ms)[0m  [1mSELECT "schema_migrations".* FROM "schema_migrations"[0m
  [1m[35m (0.2ms)[0m  BEGIN
  [1m[36mSQL (0.5ms)[0m  [1mINSERT INTO "creatures" ("name", "description", "created_at", "updated_at") VALUES ($1, $2, $3, $4) RETURNING "id"[0m  [["name", "Luke"], ["description", "Jedi"], ["created_at", "2016-02-19 01:19:57.576090"], ["updated_at", "2016-02-19 01:19:57.576090"]]
  [1m[35m (6.0ms)[0m  COMMIT
  [1m[36m (0.1ms)[0m  [1mBEGIN[0m
  [1m[35mSQL (0.3ms)[0m  INSERT INTO "creatures" ("name", "description", "created_at", "updated_at") VALUES ($1, $2, $3, $4) RETURNING "id"  [["name", "Darth Vader"], ["description", "Father of Luke"], ["created_at", "2016-02-19 01:19:57.588616"], ["updated_at", "2016-02-19 01:19:57.588616"]]
  [1m[36m (6.1ms)[0m  [1mCOMMIT[0m
  [1m[36mCreature Load (1.7ms)[0m  [1mSELECT "creatures".* FROM "creatures"[0m


Started GET "/creatures/new" for ::1 at 2016-02-18 17:30:37 -0800
  [1m[36mActiveRecord::SchemaMigration Load (0.5ms)[0m  [1mSELECT "schema_migrations".* FROM "schema_migrations"[0m
Processing by CreaturesController#new as HTML
  Rendered creatures/new.html.erb within layouts/application (27.4ms)
Completed 200 OK in 2011ms (Views: 1999.2ms | ActiveRecord: 0.0ms)


Started GET "/assets/creatures.self-e3b0c44298fc1c149afbf4c8996fb92427ae41e4649b934ca495991b7852b855.css?body=1" for ::1 at 2016-02-18 17:30:39 -0800


Started GET "/assets/creatures.self-877aef30ae1b040ab8a3aba4e3e309a11d7f2612f44dde450b5c157aa5f95c05.js?body=1" for ::1 at 2016-02-18 17:30:39 -0800


Started GET "/creatures/new" for ::1 at 2016-02-18 17:37:50 -0800
  [1m[36mActiveRecord::SchemaMigration Load (0.6ms)[0m  [1mSELECT "schema_migrations".* FROM "schema_migrations"[0m
Processing by CreaturesController#new as HTML
  Rendered creatures/new.html.erb within layouts/application (31.5ms)
Completed 200 OK in 365ms (Views: 341.5ms | ActiveRecord: 3.1ms)


Started GET "/creatures/new" for ::1 at 2016-02-18 17:38:41 -0800
Processing by CreaturesController#new as HTML
  Rendered creatures/new.html.erb within layouts/application (0.8ms)
Completed 200 OK in 30ms (Views: 29.4ms | ActiveRecord: 0.0ms)


Started GET "/creatures/1" for ::1 at 2016-02-18 17:46:49 -0800
Processing by CreaturesController#show as HTML
  Parameters: {"id"=>"1"}
  [1m[35mCreature Load (0.8ms)[0m  SELECT  "creatures".* FROM "creatures" WHERE "creatures"."id" = $1 LIMIT 1  [["id", 1]]
  Rendered creatures/show.html.erb within layouts/application (0.9ms)
Completed 200 OK in 177ms (Views: 106.5ms | ActiveRecord: 5.0ms)


Started GET "/creatures/1/edit" for ::1 at 2016-02-18 17:54:49 -0800
Processing by CreaturesController#edit as HTML
  Parameters: {"id"=>"1"}
  [1m[36mCreature Load (0.5ms)[0m  [1mSELECT  "creatures".* FROM "creatures" WHERE "creatures"."id" = $1 LIMIT 1[0m  [["id", 1]]
  Rendered creatures/edit.html.erb within layouts/application (6.0ms)
Completed 200 OK in 111ms (Views: 78.5ms | ActiveRecord: 6.8ms)


Started PATCH "/creatures/1" for ::1 at 2016-02-18 18:03:25 -0800
Processing by CreaturesController#update as HTML
  Parameters: {"utf8"=>"✓", "authenticity_token"=>"OZZywHVk/cnUocLx/AEAEOs1AC/IcLgkKfg6CIQeICDkx7bD/hB65HAufYo+ipZA+n24U1XP6ALeO0Be3H4L3A==", "creature"=>{"name"=>"Yoda", "description"=>"Cool green little man"}, "commit"=>"update creature", "id"=>"1"}
  [1m[35mCreature Load (0.2ms)[0m  SELECT  "creatures".* FROM "creatures" WHERE "creatures"."id" = $1 LIMIT 1  [["id", 1]]
  [1m[36m (0.2ms)[0m  [1mBEGIN[0m
  [1m[35mSQL (0.4ms)[0m  UPDATE "creatures" SET "description" = $1, "updated_at" = $2 WHERE "creatures"."id" = $3  [["description", "Cool green little man"], ["updated_at", "2016-02-19 02:03:25.124845"], ["id", 1]]
  [1m[36m (2.1ms)[0m  [1mCOMMIT[0m
Redirected to http://localhost:3000/creatures/1
Completed 302 Found in 32ms (ActiveRecord: 5.0ms)


Started GET "/creatures/1" for ::1 at 2016-02-18 18:03:25 -0800
Processing by CreaturesController#show as HTML
  Parameters: {"id"=>"1"}
  [1m[35mCreature Load (0.3ms)[0m  SELECT  "creatures".* FROM "creatures" WHERE "creatures"."id" = $1 LIMIT 1  [["id", 1]]
  Rendered creatures/show.html.erb within layouts/application (0.8ms)
Completed 200 OK in 49ms (Views: 47.0ms | ActiveRecord: 0.3ms)


Started GET "/" for ::1 at 2016-02-18 18:10:14 -0800
Processing by CreaturesController#index as HTML
  [1m[36mCreature Load (0.9ms)[0m  [1mSELECT "creatures".* FROM "creatures"[0m
  Rendered creatures/index.html.erb within layouts/application (24.0ms)
Completed 200 OK in 85ms (Views: 75.2ms | ActiveRecord: 4.3ms)


Started DELETE "/creatures/3" for ::1 at 2016-02-18 18:10:30 -0800
Processing by CreaturesController#destroy as HTML
  Parameters: {"authenticity_token"=>"kdCyDI8ZL03Inr6XHNCMLkrU8tYSdVwWiSYV9WBKIwNMgXYPBG2oYGwRAezeWxp+W5xKqo/KDDB+5W+jOCoI/w==", "id"=>"3"}
  [1m[35mCreature Load (0.7ms)[0m  SELECT  "creatures".* FROM "creatures" WHERE "creatures"."id" = $1 LIMIT 1  [["id", 3]]
  [1m[36m (0.2ms)[0m  [1mBEGIN[0m
  [1m[35mSQL (0.5ms)[0m  DELETE FROM "creatures" WHERE "creatures"."id" = $1  [["id", 3]]
  [1m[36m (7.1ms)[0m  [1mCOMMIT[0m
Redirected to http://localhost:3000/creatures
Completed 302 Found in 18ms (ActiveRecord: 8.5ms)


Started GET "/creatures" for ::1 at 2016-02-18 18:10:30 -0800
Processing by CreaturesController#index as HTML
  [1m[35mCreature Load (0.3ms)[0m  SELECT "creatures".* FROM "creatures"
  Rendered creatures/index.html.erb within layouts/application (1.9ms)
Completed 200 OK in 48ms (Views: 46.5ms | ActiveRecord: 0.3ms)


Started GET "/creatures" for ::1 at 2016-02-18 18:11:19 -0800
Processing by CreaturesController#index as HTML
  [1m[36mCreature Load (0.4ms)[0m  [1mSELECT "creatures".* FROM "creatures"[0m
  Rendered creatures/index.html.erb within layouts/application (10.1ms)
Completed 200 OK in 47ms (Views: 41.7ms | ActiveRecord: 2.8ms)


Started GET "/assets/creatures.self-e3b0c44298fc1c149afbf4c8996fb92427ae41e4649b934ca495991b7852b855.css?body=1" for ::1 at 2016-02-18 18:11:19 -0800


Started GET "/assets/application.self-e80e8f2318043e8af94dddc2adad5a4f09739a8ebb323b3ab31cd71d45fd9113.css?body=1" for ::1 at 2016-02-18 18:11:19 -0800


Started GET "/assets/creatures.self-877aef30ae1b040ab8a3aba4e3e309a11d7f2612f44dde450b5c157aa5f95c05.js?body=1" for ::1 at 2016-02-18 18:11:19 -0800


Started GET "/assets/jquery.self-c64a74367bda6ef8b860f19e74df08927ca99d2be2ac934e9e92d5fd361e0da4.js?body=1" for ::1 at 2016-02-18 18:11:19 -0800


Started GET "/assets/jquery_ujs.self-d602bdfe68ffc63b9f9cc512872aa3cfff046228a0a36e90dd476e8ef54c1b09.js?body=1" for ::1 at 2016-02-18 18:11:19 -0800


Started GET "/assets/application.self-3b8dabdc891efe46b9a144b400ad69e37d7e5876bdc39dee783419a69d7ca819.js?body=1" for ::1 at 2016-02-18 18:11:19 -0800


Started GET "/assets/turbolinks.self-c37727e9bd6b2735da5c311aa83fead54ed0be6cc8bd9a65309e9c5abe2cbfff.js?body=1" for ::1 at 2016-02-18 18:11:19 -0800


Started GET "/" for ::1 at 2016-02-18 18:11:23 -0800
Processing by CreaturesController#index as HTML
  [1m[35mCreature Load (0.3ms)[0m  SELECT "creatures".* FROM "creatures"
  Rendered creatures/index.html.erb within layouts/application (1.7ms)
Completed 200 OK in 23ms (Views: 22.3ms | ActiveRecord: 0.3ms)


Started GET "/creatures/new" for ::1 at 2016-02-18 18:11:45 -0800
Processing by CreaturesController#new as HTML
  Rendered creatures/new.html.erb within layouts/application (2.1ms)
Completed 200 OK in 39ms (Views: 28.9ms | ActiveRecord: 2.2ms)


Started POST "/creatures" for ::1 at 2016-02-18 18:12:00 -0800
Processing by CreaturesController#create as HTML
  Parameters: {"utf8"=>"✓", "authenticity_token"=>"JworZzZ6boTq7hH6Q/CWv/OXeYIdn+D90XCn7JCfNEj6W+9kvQ7pqU5hroGBewDv4t/B/oAgsNsms926yP8ftA==", "creature"=>{"name"=>"Testing", "description"=>"Testing"}, "commit"=>"save creature"}
  [1m[36m (0.2ms)[0m  [1mBEGIN[0m
  [1m[35mSQL (6.9ms)[0m  INSERT INTO "creatures" ("name", "description", "created_at", "updated_at") VALUES ($1, $2, $3, $4) RETURNING "id"  [["name", "Testing"], ["description", "Testing"], ["created_at", "2016-02-19 02:12:00.769086"], ["updated_at", "2016-02-19 02:12:00.769086"]]
  [1m[36m (6.0ms)[0m  [1mCOMMIT[0m
Redirected to http://localhost:3000/creatures/4
Completed 302 Found in 18ms (ActiveRecord: 13.1ms)


Started GET "/creatures/4" for ::1 at 2016-02-18 18:12:00 -0800
Processing by CreaturesController#show as HTML
  Parameters: {"id"=>"4"}
  [1m[35mCreature Load (0.5ms)[0m  SELECT  "creatures".* FROM "creatures" WHERE "creatures"."id" = $1 LIMIT 1  [["id", 4]]
  Rendered creatures/show.html.erb within layouts/application (0.5ms)
Completed 200 OK in 29ms (Views: 26.8ms | ActiveRecord: 0.5ms)


Started GET "/creatures" for ::1 at 2016-02-18 18:12:04 -0800
Processing by CreaturesController#index as HTML
  [1m[36mCreature Load (0.3ms)[0m  [1mSELECT "creatures".* FROM "creatures"[0m
  Rendered creatures/index.html.erb within layouts/application (1.9ms)
Completed 200 OK in 26ms (Views: 25.3ms | ActiveRecord: 0.3ms)


Started DELETE "/creatures/4" for ::1 at 2016-02-18 18:12:13 -0800
Processing by CreaturesController#destroy as HTML
  Parameters: {"authenticity_token"=>"rc+tfSMyUX04ItZgQ2n6hJ6xTP5FcvpNNfyR5g360qJwnml+qEbWUJytaRuB4mzUj/n0gtjNqmvCP+uwVZr5Xg==", "id"=>"4"}
  [1m[35mCreature Load (0.3ms)[0m  SELECT  "creatures".* FROM "creatures" WHERE "creatures"."id" = $1 LIMIT 1  [["id", 4]]
  [1m[36m (0.1ms)[0m  [1mBEGIN[0m
  [1m[35mSQL (0.3ms)[0m  DELETE FROM "creatures" WHERE "creatures"."id" = $1  [["id", 4]]
  [1m[36m (1.9ms)[0m  [1mCOMMIT[0m
Redirected to http://localhost:3000/creatures
Completed 302 Found in 5ms (ActiveRecord: 2.6ms)


Started GET "/creatures" for ::1 at 2016-02-18 18:12:13 -0800
Processing by CreaturesController#index as HTML
  [1m[35mCreature Load (0.5ms)[0m  SELECT "creatures".* FROM "creatures"
  Rendered creatures/index.html.erb within layouts/application (2.2ms)
Completed 200 OK in 26ms (Views: 24.6ms | ActiveRecord: 0.5ms)


Started GET "/" for ::1 at 2016-02-18 18:17:46 -0800
Processing by CreaturesController#index as HTML
  [1m[36mCreature Load (0.4ms)[0m  [1mSELECT "creatures".* FROM "creatures"[0m
  Rendered creatures/index.html.erb within layouts/application (10.4ms)
Completed 200 OK in 48ms (Views: 41.6ms | ActiveRecord: 3.0ms)


Started GET "/creatures/1/edit" for ::1 at 2016-02-18 18:18:02 -0800
Processing by CreaturesController#edit as HTML
  Parameters: {"id"=>"1"}
  [1m[35mCreature Load (0.3ms)[0m  SELECT  "creatures".* FROM "creatures" WHERE "creatures"."id" = $1 LIMIT 1  [["id", 1]]
  Rendered creatures/edit.html.erb within layouts/application (3.5ms)
Completed 200 OK in 33ms (Views: 30.8ms | ActiveRecord: 0.3ms)
