

Started GET "/" for ::1 at 2016-02-18 17:20:28 -0800
Processing by Rails::WelcomeController#index as HTML
  Rendered /Users/californiadog/.rvm/gems/ruby-2.2.2/gems/railties-4.2.5/lib/rails/templates/rails/welcome/index.html.erb (2.0ms)
Completed 200 OK in 23ms (Views: 12.3ms | ActiveRecord: 0.0ms)


Started GET "/" for ::1 at 2016-02-18 17:20:28 -0800
Processing by Rails::WelcomeController#index as HTML
  Rendered /Users/californiadog/.rvm/gems/ruby-2.2.2/gems/railties-4.2.5/lib/rails/templates/rails/welcome/index.html.erb (0.1ms)
Completed 200 OK in 5ms (Views: 4.1ms | ActiveRecord: 0.0ms)
  [1m[36m (40.4ms)[0m  [1mCREATE TABLE "schema_migrations" ("version" character varying NOT NULL) [0m
  [1m[35m (4.4ms)[0m  CREATE UNIQUE INDEX  "unique_schema_migrations" ON "schema_migrations"  ("version")
  [1m[36mActiveRecord::SchemaMigration Load (1.1ms)[0m  [1mSELECT "schema_migrations".* FROM "schema_migrations"[0m
Migrating to CreateCreatures (20160219012840)
  [1m[35m (1.0ms)[0m  BEGIN
  [1m[36m (19.8ms)[0m  [1mCREATE TABLE "creatures" ("id" serial primary key, "name" character varying, "description" character varying, "created_at" timestamp NOT NULL, "updated_at" timestamp NOT NULL) [0m
  [1m[35mSQL (4.5ms)[0m  INSERT INTO "schema_migrations" ("version") VALUES ($1)  [["version", "20160219012840"]]
  [1m[36m (0.8ms)[0m  [1mCOMMIT[0m
  [1m[35mActiveRecord::SchemaMigration Load (0.4ms)[0m  SELECT "schema_migrations".* FROM "schema_migrations"
  [1m[36m (7.1ms)[0m  [1mSELECT t2.oid::regclass::text AS to_table, a1.attname AS column, a2.attname AS primary_key, c.conname AS name, c.confupdtype AS on_update, c.confdeltype AS on_delete
FROM pg_constraint c
JOIN pg_class t1 ON c.conrelid = t1.oid
JOIN pg_class t2 ON c.confrelid = t2.oid
JOIN pg_attribute a1 ON a1.attnum = c.conkey[1] AND a1.attrelid = t1.oid
JOIN pg_attribute a2 ON a2.attnum = c.confkey[1] AND a2.attrelid = t2.oid
JOIN pg_namespace t3 ON c.connamespace = t3.oid
WHERE c.contype = 'f'
  AND t1.relname = 'creatures'
  AND t3.nspname = ANY (current_schemas(false))
ORDER BY c.conname
[0m
  [1m[36m (0.2ms)[0m  [1mBEGIN[0m
  [1m[35mSQL (3.2ms)[0m  INSERT INTO "creatures" ("name", "description", "created_at", "updated_at") VALUES ($1, $2, $3, $4) RETURNING "id"  [["name", "Yoda"], ["description", "Little green master"], ["created_at", "2016-02-19 01:29:42.722133"], ["updated_at", "2016-02-19 01:29:42.722133"]]
  [1m[36m (0.5ms)[0m  [1mCOMMIT[0m
  [1m[36mActiveRecord::SchemaMigration Load (0.9ms)[0m  [1mSELECT "schema_migrations".* FROM "schema_migrations"[0m
  [1m[35m (0.1ms)[0m  BEGIN
  [1m[36mSQL (0.6ms)[0m  [1mINSERT INTO "creatures" ("name", "description", "created_at", "updated_at") VALUES ($1, $2, $3, $4) RETURNING "id"[0m  [["name", "Luke"], ["description", "Jedi"], ["created_at", "2016-02-19 01:31:13.236334"], ["updated_at", "2016-02-19 01:31:13.236334"]]
  [1m[35m (1.9ms)[0m  COMMIT
  [1m[36m (0.2ms)[0m  [1mBEGIN[0m
  [1m[35mSQL (0.3ms)[0m  INSERT INTO "creatures" ("name", "description", "created_at", "updated_at") VALUES ($1, $2, $3, $4) RETURNING "id"  [["name", "Darth Vader"], ["description", "Father of Luke"], ["created_at", "2016-02-19 01:31:13.244231"], ["updated_at", "2016-02-19 01:31:13.244231"]]
  [1m[36m (0.4ms)[0m  [1mCOMMIT[0m


Started GET "/" for ::1 at 2016-02-18 17:36:29 -0800
  [1m[36mActiveRecord::SchemaMigration Load (0.6ms)[0m  [1mSELECT "schema_migrations".* FROM "schema_migrations"[0m
Processing by CreaturesController#index as HTML
  [1m[35mCreature Load (1.6ms)[0m  SELECT "creatures".* FROM "creatures"
  Rendered creatures/index.html.erb within layouts/application (14.3ms)
Completed 200 OK in 1681ms (Views: 1658.5ms | ActiveRecord: 7.3ms)


Started GET "/assets/jquery.self-c64a74367bda6ef8b860f19e74df08927ca99d2be2ac934e9e92d5fd361e0da4.js?body=1" for ::1 at 2016-02-18 17:36:31 -0800


Started GET "/assets/creatures.self-877aef30ae1b040ab8a3aba4e3e309a11d7f2612f44dde450b5c157aa5f95c05.js?body=1" for ::1 at 2016-02-18 17:36:31 -0800


Started GET "/assets/jquery_ujs.self-d602bdfe68ffc63b9f9cc512872aa3cfff046228a0a36e90dd476e8ef54c1b09.js?body=1" for ::1 at 2016-02-18 17:36:31 -0800


Started GET "/assets/turbolinks.self-c37727e9bd6b2735da5c311aa83fead54ed0be6cc8bd9a65309e9c5abe2cbfff.js?body=1" for ::1 at 2016-02-18 17:36:31 -0800


Started GET "/assets/creatures.self-e3b0c44298fc1c149afbf4c8996fb92427ae41e4649b934ca495991b7852b855.css?body=1" for ::1 at 2016-02-18 17:36:31 -0800


Started GET "/assets/application.self-3b8dabdc891efe46b9a144b400ad69e37d7e5876bdc39dee783419a69d7ca819.js?body=1" for ::1 at 2016-02-18 17:36:31 -0800


Started GET "/assets/application.self-e80e8f2318043e8af94dddc2adad5a4f09739a8ebb323b3ab31cd71d45fd9113.css?body=1" for ::1 at 2016-02-18 17:36:31 -0800


Started GET "/creatures" for ::1 at 2016-02-18 17:36:55 -0800
Processing by CreaturesController#index as HTML
  [1m[36mCreature Load (0.5ms)[0m  [1mSELECT "creatures".* FROM "creatures"[0m
  Rendered creatures/index.html.erb within layouts/application (1.8ms)
Completed 200 OK in 26ms (Views: 24.7ms | ActiveRecord: 0.5ms)


Started GET "/creatures/new" for ::1 at 2016-02-18 17:37:02 -0800
Processing by CreaturesController#new as HTML
  Rendered creatures/new.html.erb within layouts/application (16.0ms)
Completed 200 OK in 43ms (Views: 42.3ms | ActiveRecord: 0.0ms)


Started GET "/creatures/new" for ::1 at 2016-02-18 17:38:42 -0800
Processing by CreaturesController#new as HTML
  Rendered creatures/new.html.erb within layouts/application (0.8ms)
Completed 200 OK in 41ms (Views: 39.6ms | ActiveRecord: 0.0ms)


Started GET "/assets/jquery_ujs.self-d602bdfe68ffc63b9f9cc512872aa3cfff046228a0a36e90dd476e8ef54c1b09.js?body=1" for ::1 at 2016-02-18 17:38:43 -0800


Started GET "/assets/turbolinks.self-c37727e9bd6b2735da5c311aa83fead54ed0be6cc8bd9a65309e9c5abe2cbfff.js?body=1" for ::1 at 2016-02-18 17:38:43 -0800


Started GET "/assets/creatures.self-e3b0c44298fc1c149afbf4c8996fb92427ae41e4649b934ca495991b7852b855.css?body=1" for ::1 at 2016-02-18 17:38:43 -0800


Started GET "/assets/jquery.self-c64a74367bda6ef8b860f19e74df08927ca99d2be2ac934e9e92d5fd361e0da4.js?body=1" for ::1 at 2016-02-18 17:38:43 -0800


Started GET "/assets/creatures.self-877aef30ae1b040ab8a3aba4e3e309a11d7f2612f44dde450b5c157aa5f95c05.js?body=1" for ::1 at 2016-02-18 17:38:43 -0800


Started GET "/assets/application.self-e80e8f2318043e8af94dddc2adad5a4f09739a8ebb323b3ab31cd71d45fd9113.css?body=1" for ::1 at 2016-02-18 17:38:43 -0800


Started GET "/assets/application.self-3b8dabdc891efe46b9a144b400ad69e37d7e5876bdc39dee783419a69d7ca819.js?body=1" for ::1 at 2016-02-18 17:38:43 -0800


Started GET "/creatures" for ::1 at 2016-02-18 17:41:20 -0800
Processing by CreaturesController#index as HTML
  [1m[35mCreature Load (0.6ms)[0m  SELECT "creatures".* FROM "creatures"
  Rendered creatures/index.html.erb within layouts/application (2.1ms)
Completed 500 Internal Server Error in 33ms (ActiveRecord: 0.6ms)

ActionView::Template::Error (couldn't find file 'bootstrap-3.2.0' with type 'text/css'):
    2: <html>
    3: <head>
    4:   <title>BogApp2</title>
    5:   <%= stylesheet_link_tag    'application', media: 'all', 'data-turbolinks-track' => true %>
    6:   <%= javascript_include_tag 'application', 'data-turbolinks-track' => true %>
    7:   <%= csrf_meta_tags %>
    8: </head>
  app/assets/stylesheets/application.css:15
  app/views/layouts/application.html.erb:5:in `_app_views_layouts_application_html_erb__1048105123015595568_70350155619880'
  app/controllers/creatures_controller.rb:5:in `index'


  Rendered /Users/californiadog/.rvm/gems/ruby-2.2.2/gems/actionpack-4.2.5/lib/action_dispatch/middleware/templates/rescues/_source.erb (10.3ms)
  Rendered /Users/californiadog/.rvm/gems/ruby-2.2.2/gems/actionpack-4.2.5/lib/action_dispatch/middleware/templates/rescues/_trace.html.erb (4.6ms)
  Rendered /Users/californiadog/.rvm/gems/ruby-2.2.2/gems/actionpack-4.2.5/lib/action_dispatch/middleware/templates/rescues/_request_and_response.html.erb (1.2ms)
  Rendered /Users/californiadog/.rvm/gems/ruby-2.2.2/gems/actionpack-4.2.5/lib/action_dispatch/middleware/templates/rescues/template_error.html.erb within rescues/layout (74.6ms)
  Rendered /Users/californiadog/.rvm/gems/ruby-2.2.2/gems/web-console-2.3.0/lib/web_console/templates/_markup.html.erb (0.5ms)
  Rendered /Users/californiadog/.rvm/gems/ruby-2.2.2/gems/web-console-2.3.0/lib/web_console/templates/_inner_console_markup.html.erb within layouts/inlined_string (0.4ms)
  Rendered /Users/californiadog/.rvm/gems/ruby-2.2.2/gems/web-console-2.3.0/lib/web_console/templates/_prompt_box_markup.html.erb within layouts/inlined_string (0.4ms)
  Rendered /Users/californiadog/.rvm/gems/ruby-2.2.2/gems/web-console-2.3.0/lib/web_console/templates/style.css.erb within layouts/inlined_string (0.5ms)
  Rendered /Users/californiadog/.rvm/gems/ruby-2.2.2/gems/web-console-2.3.0/lib/web_console/templates/console.js.erb within layouts/javascript (76.5ms)
  Rendered /Users/californiadog/.rvm/gems/ruby-2.2.2/gems/web-console-2.3.0/lib/web_console/templates/main.js.erb within layouts/javascript (0.5ms)
  Rendered /Users/californiadog/.rvm/gems/ruby-2.2.2/gems/web-console-2.3.0/lib/web_console/templates/error_page.js.erb within layouts/javascript (0.4ms)
  Rendered /Users/californiadog/.rvm/gems/ruby-2.2.2/gems/web-console-2.3.0/lib/web_console/templates/index.html.erb (153.1ms)


Started GET "/creatures" for ::1 at 2016-02-18 17:41:46 -0800
Processing by CreaturesController#index as HTML
  [1m[36mCreature Load (0.4ms)[0m  [1mSELECT "creatures".* FROM "creatures"[0m
  Rendered creatures/index.html.erb within layouts/application (1.3ms)
Completed 500 Internal Server Error in 16ms (ActiveRecord: 0.4ms)

ActionView::Template::Error (couldn't find file 'bootstrap' with type 'text/css'):
    2: <html>
    3: <head>
    4:   <title>BogApp2</title>
    5:   <%= stylesheet_link_tag    'application', media: 'all', 'data-turbolinks-track' => true %>
    6:   <%= javascript_include_tag 'application', 'data-turbolinks-track' => true %>
    7:   <%= csrf_meta_tags %>
    8: </head>
  app/assets/stylesheets/application.css:15
  app/views/layouts/application.html.erb:5:in `_app_views_layouts_application_html_erb__1048105123015595568_70350155619880'
  app/controllers/creatures_controller.rb:5:in `index'


  Rendered /Users/californiadog/.rvm/gems/ruby-2.2.2/gems/actionpack-4.2.5/lib/action_dispatch/middleware/templates/rescues/_source.erb (8.2ms)
  Rendered /Users/californiadog/.rvm/gems/ruby-2.2.2/gems/actionpack-4.2.5/lib/action_dispatch/middleware/templates/rescues/_trace.html.erb (3.1ms)
  Rendered /Users/californiadog/.rvm/gems/ruby-2.2.2/gems/actionpack-4.2.5/lib/action_dispatch/middleware/templates/rescues/_request_and_response.html.erb (1.2ms)
  Rendered /Users/californiadog/.rvm/gems/ruby-2.2.2/gems/actionpack-4.2.5/lib/action_dispatch/middleware/templates/rescues/template_error.html.erb within rescues/layout (65.4ms)
  Rendered /Users/californiadog/.rvm/gems/ruby-2.2.2/gems/web-console-2.3.0/lib/web_console/templates/_markup.html.erb (0.4ms)
  Rendered /Users/californiadog/.rvm/gems/ruby-2.2.2/gems/web-console-2.3.0/lib/web_console/templates/_inner_console_markup.html.erb within layouts/inlined_string (0.4ms)
  Rendered /Users/californiadog/.rvm/gems/ruby-2.2.2/gems/web-console-2.3.0/lib/web_console/templates/_prompt_box_markup.html.erb within layouts/inlined_string (0.4ms)
  Rendered /Users/californiadog/.rvm/gems/ruby-2.2.2/gems/web-console-2.3.0/lib/web_console/templates/style.css.erb within layouts/inlined_string (0.6ms)
  Rendered /Users/californiadog/.rvm/gems/ruby-2.2.2/gems/web-console-2.3.0/lib/web_console/templates/console.js.erb within layouts/javascript (57.5ms)
  Rendered /Users/californiadog/.rvm/gems/ruby-2.2.2/gems/web-console-2.3.0/lib/web_console/templates/main.js.erb within layouts/javascript (0.3ms)
  Rendered /Users/californiadog/.rvm/gems/ruby-2.2.2/gems/web-console-2.3.0/lib/web_console/templates/error_page.js.erb within layouts/javascript (0.5ms)
  Rendered /Users/californiadog/.rvm/gems/ruby-2.2.2/gems/web-console-2.3.0/lib/web_console/templates/index.html.erb (128.1ms)


Started GET "/creatures" for ::1 at 2016-02-18 17:42:42 -0800
Processing by CreaturesController#index as HTML
  [1m[35mCreature Load (0.4ms)[0m  SELECT "creatures".* FROM "creatures"
  Rendered creatures/index.html.erb within layouts/application (1.1ms)
Completed 500 Internal Server Error in 14ms (ActiveRecord: 0.4ms)

ActionView::Template::Error (couldn't find file 'bootstrap' with type 'text/css'):
    2: <html>
    3: <head>
    4:   <title>BogApp2</title>
    5:   <%= stylesheet_link_tag    'application', media: 'all', 'data-turbolinks-track' => true %>
    6:   <%= javascript_include_tag 'application', 'data-turbolinks-track' => true %>
    7:   <%= csrf_meta_tags %>
    8: </head>
  app/assets/stylesheets/application.css:15
  app/views/layouts/application.html.erb:5:in `_app_views_layouts_application_html_erb__1048105123015595568_70350155619880'
  app/controllers/creatures_controller.rb:5:in `index'


  Rendered /Users/californiadog/.rvm/gems/ruby-2.2.2/gems/actionpack-4.2.5/lib/action_dispatch/middleware/templates/rescues/_source.erb (17.0ms)
  Rendered /Users/californiadog/.rvm/gems/ruby-2.2.2/gems/actionpack-4.2.5/lib/action_dispatch/middleware/templates/rescues/_trace.html.erb (4.9ms)
  Rendered /Users/californiadog/.rvm/gems/ruby-2.2.2/gems/actionpack-4.2.5/lib/action_dispatch/middleware/templates/rescues/_request_and_response.html.erb (1.5ms)
  Rendered /Users/californiadog/.rvm/gems/ruby-2.2.2/gems/actionpack-4.2.5/lib/action_dispatch/middleware/templates/rescues/template_error.html.erb within rescues/layout (80.4ms)
  Rendered /Users/californiadog/.rvm/gems/ruby-2.2.2/gems/web-console-2.3.0/lib/web_console/templates/_markup.html.erb (0.7ms)
  Rendered /Users/californiadog/.rvm/gems/ruby-2.2.2/gems/web-console-2.3.0/lib/web_console/templates/_inner_console_markup.html.erb within layouts/inlined_string (0.3ms)
  Rendered /Users/californiadog/.rvm/gems/ruby-2.2.2/gems/web-console-2.3.0/lib/web_console/templates/_prompt_box_markup.html.erb within layouts/inlined_string (0.5ms)
  Rendered /Users/californiadog/.rvm/gems/ruby-2.2.2/gems/web-console-2.3.0/lib/web_console/templates/style.css.erb within layouts/inlined_string (0.5ms)
  Rendered /Users/californiadog/.rvm/gems/ruby-2.2.2/gems/web-console-2.3.0/lib/web_console/templates/console.js.erb within layouts/javascript (56.0ms)
  Rendered /Users/californiadog/.rvm/gems/ruby-2.2.2/gems/web-console-2.3.0/lib/web_console/templates/main.js.erb within layouts/javascript (0.3ms)
  Rendered /Users/californiadog/.rvm/gems/ruby-2.2.2/gems/web-console-2.3.0/lib/web_console/templates/error_page.js.erb within layouts/javascript (0.6ms)
  Rendered /Users/californiadog/.rvm/gems/ruby-2.2.2/gems/web-console-2.3.0/lib/web_console/templates/index.html.erb (130.1ms)


Started GET "/creatures" for ::1 at 2016-02-18 17:42:57 -0800
Processing by CreaturesController#index as HTML
  [1m[36mCreature Load (0.4ms)[0m  [1mSELECT "creatures".* FROM "creatures"[0m
  Rendered creatures/index.html.erb within layouts/application (1.0ms)
Completed 500 Internal Server Error in 12ms (ActiveRecord: 0.4ms)

ActionView::Template::Error (couldn't find file 'bootstrap' with type 'text/css'):
    2: <html>
    3: <head>
    4:   <title>BogApp2</title>
    5:   <%= stylesheet_link_tag    'application', media: 'all', 'data-turbolinks-track' => true %>
    6:   <%= javascript_include_tag 'application', 'data-turbolinks-track' => true %>
    7:   <%= csrf_meta_tags %>
    8: </head>
  app/assets/stylesheets/application.css:15
  app/views/layouts/application.html.erb:5:in `_app_views_layouts_application_html_erb__1048105123015595568_70350155619880'
  app/controllers/creatures_controller.rb:5:in `index'


  Rendered /Users/californiadog/.rvm/gems/ruby-2.2.2/gems/actionpack-4.2.5/lib/action_dispatch/middleware/templates/rescues/_source.erb (8.2ms)
  Rendered /Users/californiadog/.rvm/gems/ruby-2.2.2/gems/actionpack-4.2.5/lib/action_dispatch/middleware/templates/rescues/_trace.html.erb (3.4ms)
  Rendered /Users/californiadog/.rvm/gems/ruby-2.2.2/gems/actionpack-4.2.5/lib/action_dispatch/middleware/templates/rescues/_request_and_response.html.erb (1.0ms)
  Rendered /Users/californiadog/.rvm/gems/ruby-2.2.2/gems/actionpack-4.2.5/lib/action_dispatch/middleware/templates/rescues/template_error.html.erb within rescues/layout (60.0ms)
  Rendered /Users/californiadog/.rvm/gems/ruby-2.2.2/gems/web-console-2.3.0/lib/web_console/templates/_markup.html.erb (0.5ms)
  Rendered /Users/californiadog/.rvm/gems/ruby-2.2.2/gems/web-console-2.3.0/lib/web_console/templates/_inner_console_markup.html.erb within layouts/inlined_string (0.4ms)
  Rendered /Users/californiadog/.rvm/gems/ruby-2.2.2/gems/web-console-2.3.0/lib/web_console/templates/_prompt_box_markup.html.erb within layouts/inlined_string (0.5ms)
  Rendered /Users/californiadog/.rvm/gems/ruby-2.2.2/gems/web-console-2.3.0/lib/web_console/templates/style.css.erb within layouts/inlined_string (0.4ms)
  Rendered /Users/californiadog/.rvm/gems/ruby-2.2.2/gems/web-console-2.3.0/lib/web_console/templates/console.js.erb within layouts/javascript (51.2ms)
  Rendered /Users/californiadog/.rvm/gems/ruby-2.2.2/gems/web-console-2.3.0/lib/web_console/templates/main.js.erb within layouts/javascript (0.5ms)
  Rendered /Users/californiadog/.rvm/gems/ruby-2.2.2/gems/web-console-2.3.0/lib/web_console/templates/error_page.js.erb within layouts/javascript (0.4ms)
  Rendered /Users/californiadog/.rvm/gems/ruby-2.2.2/gems/web-console-2.3.0/lib/web_console/templates/index.html.erb (117.4ms)


Started GET "/creatures" for ::1 at 2016-02-18 17:43:20 -0800
Processing by CreaturesController#index as HTML
  [1m[35mCreature Load (0.4ms)[0m  SELECT "creatures".* FROM "creatures"
  Rendered creatures/index.html.erb within layouts/application (1.2ms)
Completed 200 OK in 28ms (Views: 26.5ms | ActiveRecord: 0.4ms)


Started GET "/assets/jquery.self-c64a74367bda6ef8b860f19e74df08927ca99d2be2ac934e9e92d5fd361e0da4.js?body=1" for ::1 at 2016-02-18 17:43:20 -0800


Started GET "/assets/jquery_ujs.self-d602bdfe68ffc63b9f9cc512872aa3cfff046228a0a36e90dd476e8ef54c1b09.js?body=1" for ::1 at 2016-02-18 17:43:21 -0800


Started GET "/assets/creatures.self-e3b0c44298fc1c149afbf4c8996fb92427ae41e4649b934ca495991b7852b855.css?body=1" for ::1 at 2016-02-18 17:43:21 -0800


Started GET "/assets/application.self-e80e8f2318043e8af94dddc2adad5a4f09739a8ebb323b3ab31cd71d45fd9113.css?body=1" for ::1 at 2016-02-18 17:43:21 -0800


Started GET "/assets/turbolinks.self-c37727e9bd6b2735da5c311aa83fead54ed0be6cc8bd9a65309e9c5abe2cbfff.js?body=1" for ::1 at 2016-02-18 17:43:21 -0800


Started GET "/assets/creatures.self-877aef30ae1b040ab8a3aba4e3e309a11d7f2612f44dde450b5c157aa5f95c05.js?body=1" for ::1 at 2016-02-18 17:43:21 -0800


Started GET "/assets/application.self-3b8dabdc891efe46b9a144b400ad69e37d7e5876bdc39dee783419a69d7ca819.js?body=1" for ::1 at 2016-02-18 17:43:21 -0800


Started GET "/creatures" for ::1 at 2016-02-18 17:43:41 -0800
Processing by CreaturesController#index as HTML
  [1m[36mCreature Load (0.7ms)[0m  [1mSELECT "creatures".* FROM "creatures"[0m
  Rendered creatures/index.html.erb within layouts/application (2.0ms)
Completed 200 OK in 23ms (Views: 21.9ms | ActiveRecord: 0.7ms)


Started GET "/assets/application.self-e80e8f2318043e8af94dddc2adad5a4f09739a8ebb323b3ab31cd71d45fd9113.css?body=1" for ::1 at 2016-02-18 17:43:42 -0800


Started GET "/assets/jquery.self-c64a74367bda6ef8b860f19e74df08927ca99d2be2ac934e9e92d5fd361e0da4.js?body=1" for ::1 at 2016-02-18 17:43:42 -0800


Started GET "/assets/jquery_ujs.self-d602bdfe68ffc63b9f9cc512872aa3cfff046228a0a36e90dd476e8ef54c1b09.js?body=1" for ::1 at 2016-02-18 17:43:42 -0800


Started GET "/assets/turbolinks.self-c37727e9bd6b2735da5c311aa83fead54ed0be6cc8bd9a65309e9c5abe2cbfff.js?body=1" for ::1 at 2016-02-18 17:43:42 -0800


Started GET "/assets/creatures.self-877aef30ae1b040ab8a3aba4e3e309a11d7f2612f44dde450b5c157aa5f95c05.js?body=1" for ::1 at 2016-02-18 17:43:42 -0800


Started GET "/assets/application.self-3b8dabdc891efe46b9a144b400ad69e37d7e5876bdc39dee783419a69d7ca819.js?body=1" for ::1 at 2016-02-18 17:43:42 -0800


Started GET "/assets/creatures.self-e3b0c44298fc1c149afbf4c8996fb92427ae41e4649b934ca495991b7852b855.css?body=1" for ::1 at 2016-02-18 17:43:42 -0800


Started GET "/creatures/new" for ::1 at 2016-02-18 17:43:46 -0800
Processing by CreaturesController#new as HTML
  Rendered creatures/new.html.erb within layouts/application (0.6ms)
Completed 200 OK in 17ms (Views: 16.2ms | ActiveRecord: 0.0ms)


Started GET "/creatures" for ::1 at 2016-02-18 17:50:52 -0800

SyntaxError (/Users/californiadog/dev/bog_app_2/app/controllers/creatures_controller.rb:20: syntax error, unexpected end-of-input, expecting keyword_end):
  app/controllers/creatures_controller.rb:20: syntax error, unexpected end-of-input, expecting keyword_end


  Rendered /Users/californiadog/.rvm/gems/ruby-2.2.2/gems/actionpack-4.2.5/lib/action_dispatch/middleware/templates/rescues/_source.erb (4.7ms)
  Rendered /Users/californiadog/.rvm/gems/ruby-2.2.2/gems/actionpack-4.2.5/lib/action_dispatch/middleware/templates/rescues/_trace.html.erb (2.4ms)
  Rendered /Users/californiadog/.rvm/gems/ruby-2.2.2/gems/actionpack-4.2.5/lib/action_dispatch/middleware/templates/rescues/_request_and_response.html.erb (1.9ms)
  Rendered /Users/californiadog/.rvm/gems/ruby-2.2.2/gems/actionpack-4.2.5/lib/action_dispatch/middleware/templates/rescues/diagnostics.html.erb within rescues/layout (70.0ms)
  Rendered /Users/californiadog/.rvm/gems/ruby-2.2.2/gems/web-console-2.3.0/lib/web_console/templates/_markup.html.erb (0.5ms)
  Rendered /Users/californiadog/.rvm/gems/ruby-2.2.2/gems/web-console-2.3.0/lib/web_console/templates/_inner_console_markup.html.erb within layouts/inlined_string (0.4ms)
  Rendered /Users/californiadog/.rvm/gems/ruby-2.2.2/gems/web-console-2.3.0/lib/web_console/templates/_prompt_box_markup.html.erb within layouts/inlined_string (0.4ms)
  Rendered /Users/californiadog/.rvm/gems/ruby-2.2.2/gems/web-console-2.3.0/lib/web_console/templates/style.css.erb within layouts/inlined_string (0.4ms)
  Rendered /Users/californiadog/.rvm/gems/ruby-2.2.2/gems/web-console-2.3.0/lib/web_console/templates/console.js.erb within layouts/javascript (60.1ms)
  Rendered /Users/californiadog/.rvm/gems/ruby-2.2.2/gems/web-console-2.3.0/lib/web_console/templates/main.js.erb within layouts/javascript (0.4ms)
  Rendered /Users/californiadog/.rvm/gems/ruby-2.2.2/gems/web-console-2.3.0/lib/web_console/templates/error_page.js.erb within layouts/javascript (0.6ms)
  Rendered /Users/californiadog/.rvm/gems/ruby-2.2.2/gems/web-console-2.3.0/lib/web_console/templates/index.html.erb (132.8ms)


Started GET "/creatures" for ::1 at 2016-02-18 17:51:06 -0800
Processing by CreaturesController#index as HTML
  [1m[35mCreature Load (0.4ms)[0m  SELECT "creatures".* FROM "creatures"
  Rendered creatures/index.html.erb within layouts/application (8.6ms)
Completed 200 OK in 44ms (Views: 36.1ms | ActiveRecord: 4.5ms)


Started GET "/assets/jquery.self-c64a74367bda6ef8b860f19e74df08927ca99d2be2ac934e9e92d5fd361e0da4.js?body=1" for ::1 at 2016-02-18 17:51:07 -0800


Started GET "/assets/jquery_ujs.self-d602bdfe68ffc63b9f9cc512872aa3cfff046228a0a36e90dd476e8ef54c1b09.js?body=1" for ::1 at 2016-02-18 17:51:07 -0800


Started GET "/assets/turbolinks.self-c37727e9bd6b2735da5c311aa83fead54ed0be6cc8bd9a65309e9c5abe2cbfff.js?body=1" for ::1 at 2016-02-18 17:51:07 -0800


Started GET "/assets/creatures.self-e3b0c44298fc1c149afbf4c8996fb92427ae41e4649b934ca495991b7852b855.css?body=1" for ::1 at 2016-02-18 17:51:07 -0800


Started GET "/assets/application.self-e80e8f2318043e8af94dddc2adad5a4f09739a8ebb323b3ab31cd71d45fd9113.css?body=1" for ::1 at 2016-02-18 17:51:07 -0800


Started GET "/assets/creatures.self-877aef30ae1b040ab8a3aba4e3e309a11d7f2612f44dde450b5c157aa5f95c05.js?body=1" for ::1 at 2016-02-18 17:51:07 -0800


Started GET "/assets/application.self-3b8dabdc891efe46b9a144b400ad69e37d7e5876bdc39dee783419a69d7ca819.js?body=1" for ::1 at 2016-02-18 17:51:07 -0800


Started GET "/creatures" for ::1 at 2016-02-18 17:52:36 -0800
Processing by CreaturesController#index as HTML
  [1m[36mCreature Load (0.5ms)[0m  [1mSELECT "creatures".* FROM "creatures"[0m
  Rendered creatures/index.html.erb within layouts/application (1.4ms)
Completed 200 OK in 189ms (Views: 187.9ms | ActiveRecord: 0.5ms)


Started GET "/assets/creatures.self-e3b0c44298fc1c149afbf4c8996fb92427ae41e4649b934ca495991b7852b855.css?body=1" for ::1 at 2016-02-18 17:52:37 -0800


Started GET "/assets/bootstrap.min.self-a2136f50814e64f3dc4cd000975604947d7f3d0a16f1d66295e17c1040ace54f.css?body=1" for ::1 at 2016-02-18 17:52:37 -0800


Started GET "/assets/jquery_ujs.self-d602bdfe68ffc63b9f9cc512872aa3cfff046228a0a36e90dd476e8ef54c1b09.js?body=1" for ::1 at 2016-02-18 17:52:37 -0800


Started GET "/assets/jquery.self-c64a74367bda6ef8b860f19e74df08927ca99d2be2ac934e9e92d5fd361e0da4.js?body=1" for ::1 at 2016-02-18 17:52:37 -0800


Started GET "/assets/application.self-d885a0a66bd595c10edb24f8879f94e334d88be0730c4d7c7a7b57c731c09037.css?body=1" for ::1 at 2016-02-18 17:52:37 -0800


Started GET "/assets/creatures.self-877aef30ae1b040ab8a3aba4e3e309a11d7f2612f44dde450b5c157aa5f95c05.js?body=1" for ::1 at 2016-02-18 17:52:37 -0800


Started GET "/assets/turbolinks.self-c37727e9bd6b2735da5c311aa83fead54ed0be6cc8bd9a65309e9c5abe2cbfff.js?body=1" for ::1 at 2016-02-18 17:52:37 -0800


Started GET "/assets/application.self-3b8dabdc891efe46b9a144b400ad69e37d7e5876bdc39dee783419a69d7ca819.js?body=1" for ::1 at 2016-02-18 17:52:37 -0800


Started GET "/creatures/new" for ::1 at 2016-02-18 17:53:18 -0800
Processing by CreaturesController#new as HTML
  Rendered creatures/new.html.erb within layouts/application (0.7ms)
Completed 200 OK in 24ms (Views: 23.2ms | ActiveRecord: 0.0ms)


Started GET "/creatures" for ::1 at 2016-02-18 17:56:48 -0800
Processing by CreaturesController#index as HTML
  [1m[35mCreature Load (0.9ms)[0m  SELECT "creatures".* FROM "creatures"
  Rendered creatures/index.html.erb within layouts/application (9.2ms)
Completed 200 OK in 49ms (Views: 42.2ms | ActiveRecord: 3.7ms)


Started GET "/assets/creatures.self-e3b0c44298fc1c149afbf4c8996fb92427ae41e4649b934ca495991b7852b855.css?body=1" for ::1 at 2016-02-18 17:56:49 -0800


Started GET "/assets/application.self-d885a0a66bd595c10edb24f8879f94e334d88be0730c4d7c7a7b57c731c09037.css?body=1" for ::1 at 2016-02-18 17:56:49 -0800


Started GET "/assets/bootstrap.min.self-a2136f50814e64f3dc4cd000975604947d7f3d0a16f1d66295e17c1040ace54f.css?body=1" for ::1 at 2016-02-18 17:56:49 -0800


Started GET "/assets/jquery.self-c64a74367bda6ef8b860f19e74df08927ca99d2be2ac934e9e92d5fd361e0da4.js?body=1" for ::1 at 2016-02-18 17:56:49 -0800


Started GET "/assets/jquery_ujs.self-d602bdfe68ffc63b9f9cc512872aa3cfff046228a0a36e90dd476e8ef54c1b09.js?body=1" for ::1 at 2016-02-18 17:56:49 -0800


Started GET "/assets/turbolinks.self-c37727e9bd6b2735da5c311aa83fead54ed0be6cc8bd9a65309e9c5abe2cbfff.js?body=1" for ::1 at 2016-02-18 17:56:49 -0800


Started GET "/assets/creatures.self-877aef30ae1b040ab8a3aba4e3e309a11d7f2612f44dde450b5c157aa5f95c05.js?body=1" for ::1 at 2016-02-18 17:56:49 -0800


Started GET "/assets/application.self-3b8dabdc891efe46b9a144b400ad69e37d7e5876bdc39dee783419a69d7ca819.js?body=1" for ::1 at 2016-02-18 17:56:49 -0800


Started GET "/creatures/new" for ::1 at 2016-02-18 17:56:55 -0800
Processing by CreaturesController#new as HTML
  Rendered creatures/new.html.erb within layouts/application (20.1ms)
Completed 200 OK in 61ms (Views: 59.1ms | ActiveRecord: 0.0ms)


Started GET "/creatures/new" for ::1 at 2016-02-18 17:56:55 -0800
Processing by CreaturesController#new as HTML
  Rendered creatures/new.html.erb within layouts/application (1.6ms)
Completed 200 OK in 27ms (Views: 25.7ms | ActiveRecord: 0.0ms)


Started GET "/creatures/new" for ::1 at 2016-02-18 18:00:04 -0800
Processing by CreaturesController#new as HTML
  Rendered creatures/new.html.erb within layouts/application (1.6ms)
Completed 200 OK in 62ms (Views: 51.2ms | ActiveRecord: 3.1ms)


Started GET "/assets/creatures.self-e3b0c44298fc1c149afbf4c8996fb92427ae41e4649b934ca495991b7852b855.css?body=1" for ::1 at 2016-02-18 18:00:05 -0800


Started GET "/assets/jquery.self-c64a74367bda6ef8b860f19e74df08927ca99d2be2ac934e9e92d5fd361e0da4.js?body=1" for ::1 at 2016-02-18 18:00:06 -0800


Started GET "/assets/application.self-7281e3b0991a3aef416d826e7de03da013e22bf91c045303f21a78fe32d71d47.css?body=1" for ::1 at 2016-02-18 18:00:06 -0800


Started GET "/assets/jquery_ujs.self-d602bdfe68ffc63b9f9cc512872aa3cfff046228a0a36e90dd476e8ef54c1b09.js?body=1" for ::1 at 2016-02-18 18:00:06 -0800


Started GET "/assets/turbolinks.self-c37727e9bd6b2735da5c311aa83fead54ed0be6cc8bd9a65309e9c5abe2cbfff.js?body=1" for ::1 at 2016-02-18 18:00:06 -0800


Started GET "/assets/creatures.self-877aef30ae1b040ab8a3aba4e3e309a11d7f2612f44dde450b5c157aa5f95c05.js?body=1" for ::1 at 2016-02-18 18:00:06 -0800


Started GET "/assets/application.self-3b8dabdc891efe46b9a144b400ad69e37d7e5876bdc39dee783419a69d7ca819.js?body=1" for ::1 at 2016-02-18 18:00:06 -0800


Started GET "/creatures" for ::1 at 2016-02-18 18:00:11 -0800
Processing by CreaturesController#index as HTML
  [1m[36mCreature Load (0.7ms)[0m  [1mSELECT "creatures".* FROM "creatures"[0m
  Rendered creatures/index.html.erb within layouts/application (2.2ms)
Completed 200 OK in 30ms (Views: 27.6ms | ActiveRecord: 0.7ms)


Started GET "/assets/creatures.self-e3b0c44298fc1c149afbf4c8996fb92427ae41e4649b934ca495991b7852b855.css?body=1" for ::1 at 2016-02-18 18:00:11 -0800


Started GET "/assets/creatures.self-877aef30ae1b040ab8a3aba4e3e309a11d7f2612f44dde450b5c157aa5f95c05.js?body=1" for ::1 at 2016-02-18 18:00:11 -0800


Started GET "/assets/jquery_ujs.self-d602bdfe68ffc63b9f9cc512872aa3cfff046228a0a36e90dd476e8ef54c1b09.js?body=1" for ::1 at 2016-02-18 18:00:11 -0800


Started GET "/assets/turbolinks.self-c37727e9bd6b2735da5c311aa83fead54ed0be6cc8bd9a65309e9c5abe2cbfff.js?body=1" for ::1 at 2016-02-18 18:00:11 -0800


Started GET "/assets/jquery.self-c64a74367bda6ef8b860f19e74df08927ca99d2be2ac934e9e92d5fd361e0da4.js?body=1" for ::1 at 2016-02-18 18:00:11 -0800


Started GET "/assets/application.self-7281e3b0991a3aef416d826e7de03da013e22bf91c045303f21a78fe32d71d47.css?body=1" for ::1 at 2016-02-18 18:00:11 -0800


Started GET "/assets/application.self-3b8dabdc891efe46b9a144b400ad69e37d7e5876bdc39dee783419a69d7ca819.js?body=1" for ::1 at 2016-02-18 18:00:11 -0800


Started GET "/creatures" for ::1 at 2016-02-18 18:00:18 -0800
Processing by CreaturesController#index as HTML
  [1m[35mCreature Load (0.4ms)[0m  SELECT "creatures".* FROM "creatures"
  Rendered creatures/index.html.erb within layouts/application (1.2ms)
Completed 200 OK in 37ms (Views: 35.6ms | ActiveRecord: 0.4ms)


Started GET "/assets/creatures.self-e3b0c44298fc1c149afbf4c8996fb92427ae41e4649b934ca495991b7852b855.css?body=1" for ::1 at 2016-02-18 18:00:19 -0800


Started GET "/assets/jquery.self-c64a74367bda6ef8b860f19e74df08927ca99d2be2ac934e9e92d5fd361e0da4.js?body=1" for ::1 at 2016-02-18 18:00:19 -0800


Started GET "/assets/application.self-d885a0a66bd595c10edb24f8879f94e334d88be0730c4d7c7a7b57c731c09037.css?body=1" for ::1 at 2016-02-18 18:00:19 -0800


Started GET "/assets/turbolinks.self-c37727e9bd6b2735da5c311aa83fead54ed0be6cc8bd9a65309e9c5abe2cbfff.js?body=1" for ::1 at 2016-02-18 18:00:19 -0800


Started GET "/assets/bootstrap.min.self-a2136f50814e64f3dc4cd000975604947d7f3d0a16f1d66295e17c1040ace54f.css?body=1" for ::1 at 2016-02-18 18:00:19 -0800


Started GET "/assets/jquery_ujs.self-d602bdfe68ffc63b9f9cc512872aa3cfff046228a0a36e90dd476e8ef54c1b09.js?body=1" for ::1 at 2016-02-18 18:00:19 -0800


Started GET "/assets/creatures.self-877aef30ae1b040ab8a3aba4e3e309a11d7f2612f44dde450b5c157aa5f95c05.js?body=1" for ::1 at 2016-02-18 18:00:19 -0800


Started GET "/assets/application.self-3b8dabdc891efe46b9a144b400ad69e37d7e5876bdc39dee783419a69d7ca819.js?body=1" for ::1 at 2016-02-18 18:00:19 -0800


Started GET "/creatures" for ::1 at 2016-02-18 18:08:42 -0800

SyntaxError (/Users/californiadog/dev/bog_app_2/app/controllers/creatures_controller.rb:30: syntax error, unexpected end-of-input, expecting keyword_end):
  app/controllers/creatures_controller.rb:30: syntax error, unexpected end-of-input, expecting keyword_end


  Rendered /Users/californiadog/.rvm/gems/ruby-2.2.2/gems/actionpack-4.2.5/lib/action_dispatch/middleware/templates/rescues/_source.erb (5.7ms)
  Rendered /Users/californiadog/.rvm/gems/ruby-2.2.2/gems/actionpack-4.2.5/lib/action_dispatch/middleware/templates/rescues/_trace.html.erb (3.3ms)
  Rendered /Users/californiadog/.rvm/gems/ruby-2.2.2/gems/actionpack-4.2.5/lib/action_dispatch/middleware/templates/rescues/_request_and_response.html.erb (5.1ms)
  Rendered /Users/californiadog/.rvm/gems/ruby-2.2.2/gems/actionpack-4.2.5/lib/action_dispatch/middleware/templates/rescues/diagnostics.html.erb within rescues/layout (70.5ms)
  Rendered /Users/californiadog/.rvm/gems/ruby-2.2.2/gems/web-console-2.3.0/lib/web_console/templates/_markup.html.erb (0.9ms)
  Rendered /Users/californiadog/.rvm/gems/ruby-2.2.2/gems/web-console-2.3.0/lib/web_console/templates/_inner_console_markup.html.erb within layouts/inlined_string (0.7ms)
  Rendered /Users/californiadog/.rvm/gems/ruby-2.2.2/gems/web-console-2.3.0/lib/web_console/templates/_prompt_box_markup.html.erb within layouts/inlined_string (0.6ms)
  Rendered /Users/californiadog/.rvm/gems/ruby-2.2.2/gems/web-console-2.3.0/lib/web_console/templates/style.css.erb within layouts/inlined_string (0.7ms)
  Rendered /Users/californiadog/.rvm/gems/ruby-2.2.2/gems/web-console-2.3.0/lib/web_console/templates/console.js.erb within layouts/javascript (63.9ms)
  Rendered /Users/californiadog/.rvm/gems/ruby-2.2.2/gems/web-console-2.3.0/lib/web_console/templates/main.js.erb within layouts/javascript (0.8ms)
  Rendered /Users/californiadog/.rvm/gems/ruby-2.2.2/gems/web-console-2.3.0/lib/web_console/templates/error_page.js.erb within layouts/javascript (0.9ms)
  Rendered /Users/californiadog/.rvm/gems/ruby-2.2.2/gems/web-console-2.3.0/lib/web_console/templates/index.html.erb (131.2ms)


Started GET "/creatures" for ::1 at 2016-02-18 18:08:57 -0800
Processing by CreaturesController#index as HTML
  [1m[36mCreature Load (0.6ms)[0m  [1mSELECT "creatures".* FROM "creatures"[0m
  Rendered creatures/index.html.erb within layouts/application (8.7ms)
Completed 200 OK in 50ms (Views: 42.6ms | ActiveRecord: 3.1ms)


Started GET "/assets/creatures.self-e3b0c44298fc1c149afbf4c8996fb92427ae41e4649b934ca495991b7852b855.css?body=1" for ::1 at 2016-02-18 18:08:58 -0800


Started GET "/assets/application.self-d885a0a66bd595c10edb24f8879f94e334d88be0730c4d7c7a7b57c731c09037.css?body=1" for ::1 at 2016-02-18 18:08:58 -0800


Started GET "/assets/turbolinks.self-c37727e9bd6b2735da5c311aa83fead54ed0be6cc8bd9a65309e9c5abe2cbfff.js?body=1" for ::1 at 2016-02-18 18:08:58 -0800


Started GET "/assets/jquery.self-c64a74367bda6ef8b860f19e74df08927ca99d2be2ac934e9e92d5fd361e0da4.js?body=1" for ::1 at 2016-02-18 18:08:58 -0800


Started GET "/assets/jquery_ujs.self-d602bdfe68ffc63b9f9cc512872aa3cfff046228a0a36e90dd476e8ef54c1b09.js?body=1" for ::1 at 2016-02-18 18:08:58 -0800


Started GET "/assets/bootstrap.min.self-a2136f50814e64f3dc4cd000975604947d7f3d0a16f1d66295e17c1040ace54f.css?body=1" for ::1 at 2016-02-18 18:08:58 -0800


Started GET "/assets/creatures.self-877aef30ae1b040ab8a3aba4e3e309a11d7f2612f44dde450b5c157aa5f95c05.js?body=1" for ::1 at 2016-02-18 18:08:58 -0800


Started GET "/assets/application.self-3b8dabdc891efe46b9a144b400ad69e37d7e5876bdc39dee783419a69d7ca819.js?body=1" for ::1 at 2016-02-18 18:08:58 -0800


Started GET "/creatures/new" for ::1 at 2016-02-18 18:09:04 -0800
Processing by CreaturesController#new as HTML
  Rendered creatures/new.html.erb within layouts/application (1.8ms)
Completed 200 OK in 41ms (Views: 39.6ms | ActiveRecord: 0.0ms)


Started POST "/creatures" for ::1 at 2016-02-18 18:09:31 -0800
Processing by CreaturesController#create as HTML
  Parameters: {"utf8"=>"✓", "authenticity_token"=>"GvJI10WZYhBMOOG6KbHQtVxT+HV1oLXyVu9qlDhozo0pTnyXesWBUYah066I/SjPyFjzucSpgMLXhFacueF2Ig==", "creature"=>{"name"=>"Hans Solo", "description"=>"Freelancer"}, "commit"=>"save creature"}
  [1m[35m (0.1ms)[0m  BEGIN
  [1m[36mSQL (1.4ms)[0m  [1mINSERT INTO "creatures" ("name", "description", "created_at", "updated_at") VALUES ($1, $2, $3, $4) RETURNING "id"[0m  [["name", "Hans Solo"], ["description", "Freelancer"], ["created_at", "2016-02-19 02:09:31.545627"], ["updated_at", "2016-02-19 02:09:31.545627"]]
  [1m[35m (2.1ms)[0m  COMMIT
Redirected to http://localhost:3000/creatures/4
Completed 302 Found in 22ms (ActiveRecord: 3.8ms)


Started GET "/creatures/4" for ::1 at 2016-02-18 18:09:31 -0800
Processing by CreaturesController#show as HTML
  Parameters: {"id"=>"4"}
  [1m[36mCreature Load (1.0ms)[0m  [1mSELECT  "creatures".* FROM "creatures" WHERE "creatures"."id" = $1 LIMIT 1[0m  [["id", 4]]
  Rendered creatures/show.html.erb within layouts/application (1.0ms)
Completed 200 OK in 38ms (Views: 23.7ms | ActiveRecord: 1.0ms)


Started GET "/creatures" for ::1 at 2016-02-18 18:09:39 -0800
Processing by CreaturesController#index as HTML
  [1m[35mCreature Load (0.4ms)[0m  SELECT "creatures".* FROM "creatures"
  Rendered creatures/index.html.erb within layouts/application (1.1ms)
Completed 200 OK in 17ms (Views: 15.5ms | ActiveRecord: 0.4ms)


Started GET "/creatures" for ::1 at 2016-02-18 18:14:14 -0800
Processing by CreaturesController#index as HTML
  [1m[36mCreature Load (0.4ms)[0m  [1mSELECT "creatures".* FROM "creatures"[0m
  Rendered creatures/index.html.erb within layouts/application (6.9ms)
Completed 200 OK in 38ms (Views: 32.1ms | ActiveRecord: 2.9ms)


Started GET "/assets/jquery.self-c64a74367bda6ef8b860f19e74df08927ca99d2be2ac934e9e92d5fd361e0da4.js?body=1" for ::1 at 2016-02-18 18:14:15 -0800


Started GET "/assets/bootstrap.min.self-a2136f50814e64f3dc4cd000975604947d7f3d0a16f1d66295e17c1040ace54f.css?body=1" for ::1 at 2016-02-18 18:14:15 -0800


Started GET "/assets/turbolinks.self-c37727e9bd6b2735da5c311aa83fead54ed0be6cc8bd9a65309e9c5abe2cbfff.js?body=1" for ::1 at 2016-02-18 18:14:15 -0800


Started GET "/assets/jquery_ujs.self-d602bdfe68ffc63b9f9cc512872aa3cfff046228a0a36e90dd476e8ef54c1b09.js?body=1" for ::1 at 2016-02-18 18:14:15 -0800


Started GET "/assets/application.self-d885a0a66bd595c10edb24f8879f94e334d88be0730c4d7c7a7b57c731c09037.css?body=1" for ::1 at 2016-02-18 18:14:15 -0800


Started GET "/assets/creatures.self-e3b0c44298fc1c149afbf4c8996fb92427ae41e4649b934ca495991b7852b855.css?body=1" for ::1 at 2016-02-18 18:14:15 -0800


Started GET "/assets/creatures.self-877aef30ae1b040ab8a3aba4e3e309a11d7f2612f44dde450b5c157aa5f95c05.js?body=1" for ::1 at 2016-02-18 18:14:15 -0800


Started GET "/assets/application.self-3b8dabdc891efe46b9a144b400ad69e37d7e5876bdc39dee783419a69d7ca819.js?body=1" for ::1 at 2016-02-18 18:14:15 -0800


Started GET "/creatures/new" for ::1 at 2016-02-18 18:14:19 -0800
Processing by CreaturesController#new as HTML
  Rendered creatures/new.html.erb within layouts/application (1.4ms)
Completed 200 OK in 20ms (Views: 19.0ms | ActiveRecord: 0.0ms)


Started GET "/creatures/1/edit" for ::1 at 2016-02-18 18:14:21 -0800
Processing by CreaturesController#edit as HTML
  Parameters: {"id"=>"1"}
  [1m[35mCreature Load (0.4ms)[0m  SELECT  "creatures".* FROM "creatures" WHERE "creatures"."id" = $1 LIMIT 1  [["id", 1]]
  Rendered creatures/edit.html.erb within layouts/application (2.2ms)
Completed 200 OK in 26ms (Views: 23.9ms | ActiveRecord: 0.4ms)


Started PATCH "/creatures/1" for ::1 at 2016-02-18 18:14:43 -0800

ActionController::RoutingError (No route matches [PATCH] "/creatures/1"):
  actionpack (4.2.5) lib/action_dispatch/middleware/debug_exceptions.rb:21:in `call'
  web-console (2.3.0) lib/web_console/middleware.rb:28:in `block in call'
  web-console (2.3.0) lib/web_console/middleware.rb:18:in `catch'
  web-console (2.3.0) lib/web_console/middleware.rb:18:in `call'
  actionpack (4.2.5) lib/action_dispatch/middleware/show_exceptions.rb:30:in `call'
  railties (4.2.5) lib/rails/rack/logger.rb:38:in `call_app'
  railties (4.2.5) lib/rails/rack/logger.rb:20:in `block in call'
  activesupport (4.2.5) lib/active_support/tagged_logging.rb:68:in `block in tagged'
  activesupport (4.2.5) lib/active_support/tagged_logging.rb:26:in `tagged'
  activesupport (4.2.5) lib/active_support/tagged_logging.rb:68:in `tagged'
  railties (4.2.5) lib/rails/rack/logger.rb:20:in `call'
  actionpack (4.2.5) lib/action_dispatch/middleware/request_id.rb:21:in `call'
  rack (1.6.4) lib/rack/methodoverride.rb:22:in `call'
  rack (1.6.4) lib/rack/runtime.rb:18:in `call'
  activesupport (4.2.5) lib/active_support/cache/strategy/local_cache_middleware.rb:28:in `call'
  rack (1.6.4) lib/rack/lock.rb:17:in `call'
  actionpack (4.2.5) lib/action_dispatch/middleware/static.rb:116:in `call'
  rack (1.6.4) lib/rack/sendfile.rb:113:in `call'
  railties (4.2.5) lib/rails/engine.rb:518:in `call'
  railties (4.2.5) lib/rails/application.rb:165:in `call'
  rack (1.6.4) lib/rack/lock.rb:17:in `call'
  rack (1.6.4) lib/rack/content_length.rb:15:in `call'
  rack (1.6.4) lib/rack/handler/webrick.rb:88:in `service'
  /Users/californiadog/.rvm/rubies/ruby-2.2.2/lib/ruby/2.2.0/webrick/httpserver.rb:138:in `service'
  /Users/californiadog/.rvm/rubies/ruby-2.2.2/lib/ruby/2.2.0/webrick/httpserver.rb:94:in `run'
  /Users/californiadog/.rvm/rubies/ruby-2.2.2/lib/ruby/2.2.0/webrick/server.rb:294:in `block in start_thread'


  Rendered /Users/californiadog/.rvm/gems/ruby-2.2.2/gems/actionpack-4.2.5/lib/action_dispatch/middleware/templates/rescues/_trace.html.erb (1.9ms)
  Rendered /Users/californiadog/.rvm/gems/ruby-2.2.2/gems/actionpack-4.2.5/lib/action_dispatch/middleware/templates/routes/_route.html.erb (1.2ms)
  Rendered /Users/californiadog/.rvm/gems/ruby-2.2.2/gems/actionpack-4.2.5/lib/action_dispatch/middleware/templates/routes/_table.html.erb (25.9ms)
  Rendered /Users/californiadog/.rvm/gems/ruby-2.2.2/gems/actionpack-4.2.5/lib/action_dispatch/middleware/templates/rescues/_request_and_response.html.erb (2.4ms)
  Rendered /Users/californiadog/.rvm/gems/ruby-2.2.2/gems/actionpack-4.2.5/lib/action_dispatch/middleware/templates/rescues/routing_error.html.erb within rescues/layout (106.4ms)
  Rendered /Users/californiadog/.rvm/gems/ruby-2.2.2/gems/web-console-2.3.0/lib/web_console/templates/_markup.html.erb (0.6ms)
  Rendered /Users/californiadog/.rvm/gems/ruby-2.2.2/gems/web-console-2.3.0/lib/web_console/templates/_inner_console_markup.html.erb within layouts/inlined_string (0.6ms)
  Rendered /Users/californiadog/.rvm/gems/ruby-2.2.2/gems/web-console-2.3.0/lib/web_console/templates/_prompt_box_markup.html.erb within layouts/inlined_string (0.5ms)
  Rendered /Users/californiadog/.rvm/gems/ruby-2.2.2/gems/web-console-2.3.0/lib/web_console/templates/style.css.erb within layouts/inlined_string (0.7ms)
  Rendered /Users/californiadog/.rvm/gems/ruby-2.2.2/gems/web-console-2.3.0/lib/web_console/templates/console.js.erb within layouts/javascript (54.6ms)
  Rendered /Users/californiadog/.rvm/gems/ruby-2.2.2/gems/web-console-2.3.0/lib/web_console/templates/main.js.erb within layouts/javascript (0.9ms)
  Rendered /Users/californiadog/.rvm/gems/ruby-2.2.2/gems/web-console-2.3.0/lib/web_console/templates/error_page.js.erb within layouts/javascript (0.5ms)
  Rendered /Users/californiadog/.rvm/gems/ruby-2.2.2/gems/web-console-2.3.0/lib/web_console/templates/index.html.erb (119.9ms)


Started GET "/creatures/edit/1" for ::1 at 2016-02-18 18:25:28 -0800

ActionController::RoutingError (No route matches [GET] "/creatures/edit/1"):
  actionpack (4.2.5) lib/action_dispatch/middleware/debug_exceptions.rb:21:in `call'
  web-console (2.3.0) lib/web_console/middleware.rb:28:in `block in call'
  web-console (2.3.0) lib/web_console/middleware.rb:18:in `catch'
  web-console (2.3.0) lib/web_console/middleware.rb:18:in `call'
  actionpack (4.2.5) lib/action_dispatch/middleware/show_exceptions.rb:30:in `call'
  railties (4.2.5) lib/rails/rack/logger.rb:38:in `call_app'
  railties (4.2.5) lib/rails/rack/logger.rb:20:in `block in call'
  activesupport (4.2.5) lib/active_support/tagged_logging.rb:68:in `block in tagged'
  activesupport (4.2.5) lib/active_support/tagged_logging.rb:26:in `tagged'
  activesupport (4.2.5) lib/active_support/tagged_logging.rb:68:in `tagged'
  railties (4.2.5) lib/rails/rack/logger.rb:20:in `call'
  actionpack (4.2.5) lib/action_dispatch/middleware/request_id.rb:21:in `call'
  rack (1.6.4) lib/rack/methodoverride.rb:22:in `call'
  rack (1.6.4) lib/rack/runtime.rb:18:in `call'
  activesupport (4.2.5) lib/active_support/cache/strategy/local_cache_middleware.rb:28:in `call'
  rack (1.6.4) lib/rack/lock.rb:17:in `call'
  actionpack (4.2.5) lib/action_dispatch/middleware/static.rb:116:in `call'
  rack (1.6.4) lib/rack/sendfile.rb:113:in `call'
  railties (4.2.5) lib/rails/engine.rb:518:in `call'
  railties (4.2.5) lib/rails/application.rb:165:in `call'
  rack (1.6.4) lib/rack/lock.rb:17:in `call'
  rack (1.6.4) lib/rack/content_length.rb:15:in `call'
  rack (1.6.4) lib/rack/handler/webrick.rb:88:in `service'
  /Users/californiadog/.rvm/rubies/ruby-2.2.2/lib/ruby/2.2.0/webrick/httpserver.rb:138:in `service'
  /Users/californiadog/.rvm/rubies/ruby-2.2.2/lib/ruby/2.2.0/webrick/httpserver.rb:94:in `run'
  /Users/californiadog/.rvm/rubies/ruby-2.2.2/lib/ruby/2.2.0/webrick/server.rb:294:in `block in start_thread'


  Rendered /Users/californiadog/.rvm/gems/ruby-2.2.2/gems/actionpack-4.2.5/lib/action_dispatch/middleware/templates/rescues/_trace.html.erb (1.6ms)
  Rendered /Users/californiadog/.rvm/gems/ruby-2.2.2/gems/actionpack-4.2.5/lib/action_dispatch/middleware/templates/routes/_route.html.erb (1.1ms)
  Rendered /Users/californiadog/.rvm/gems/ruby-2.2.2/gems/actionpack-4.2.5/lib/action_dispatch/middleware/templates/routes/_table.html.erb (2.4ms)
  Rendered /Users/californiadog/.rvm/gems/ruby-2.2.2/gems/actionpack-4.2.5/lib/action_dispatch/middleware/templates/rescues/_request_and_response.html.erb (1.6ms)
  Rendered /Users/californiadog/.rvm/gems/ruby-2.2.2/gems/actionpack-4.2.5/lib/action_dispatch/middleware/templates/rescues/routing_error.html.erb within rescues/layout (82.3ms)
  Rendered /Users/californiadog/.rvm/gems/ruby-2.2.2/gems/web-console-2.3.0/lib/web_console/templates/_markup.html.erb (0.8ms)
  Rendered /Users/californiadog/.rvm/gems/ruby-2.2.2/gems/web-console-2.3.0/lib/web_console/templates/_inner_console_markup.html.erb within layouts/inlined_string (0.5ms)
  Rendered /Users/californiadog/.rvm/gems/ruby-2.2.2/gems/web-console-2.3.0/lib/web_console/templates/_prompt_box_markup.html.erb within layouts/inlined_string (0.5ms)
  Rendered /Users/californiadog/.rvm/gems/ruby-2.2.2/gems/web-console-2.3.0/lib/web_console/templates/style.css.erb within layouts/inlined_string (0.4ms)
  Rendered /Users/californiadog/.rvm/gems/ruby-2.2.2/gems/web-console-2.3.0/lib/web_console/templates/console.js.erb within layouts/javascript (63.7ms)
  Rendered /Users/californiadog/.rvm/gems/ruby-2.2.2/gems/web-console-2.3.0/lib/web_console/templates/main.js.erb within layouts/javascript (0.3ms)
  Rendered /Users/californiadog/.rvm/gems/ruby-2.2.2/gems/web-console-2.3.0/lib/web_console/templates/error_page.js.erb within layouts/javascript (0.4ms)
  Rendered /Users/californiadog/.rvm/gems/ruby-2.2.2/gems/web-console-2.3.0/lib/web_console/templates/index.html.erb (131.6ms)


Started GET "/creatures/1/edit" for ::1 at 2016-02-18 18:25:37 -0800
Processing by CreaturesController#edit as HTML
  Parameters: {"id"=>"1"}
  [1m[36mCreature Load (0.3ms)[0m  [1mSELECT  "creatures".* FROM "creatures" WHERE "creatures"."id" = $1 LIMIT 1[0m  [["id", 1]]
  Rendered creatures/edit.html.erb within layouts/application (1.4ms)
Completed 200 OK in 44ms (Views: 34.8ms | ActiveRecord: 2.8ms)


Started PATCH "/creatures/1" for ::1 at 2016-02-18 18:25:42 -0800
Processing by CreaturesController#update as HTML
  Parameters: {"utf8"=>"✓", "authenticity_token"=>"RDYUer9g8CQUB/3+1saLt/YVyGD5LwjCC6mTMJ7leJV3iiA6gDwTZd6ez+p3inPNYh7DrEgmPfKKwq84H2zAOg==", "creature"=>{"name"=>"Yoda", "description"=>"Little green master guy"}, "commit"=>"update creature", "id"=>"1"}
Completed 500 Internal Server Error in 7ms (ActiveRecord: 0.0ms)

NameError (undefined local variable or method `creature_id' for #<CreaturesController:0x007ff755307c90>):
  app/controllers/creatures_controller.rb:42:in `update'


  Rendered /Users/californiadog/.rvm/gems/ruby-2.2.2/gems/actionpack-4.2.5/lib/action_dispatch/middleware/templates/rescues/_source.erb (8.2ms)
  Rendered /Users/californiadog/.rvm/gems/ruby-2.2.2/gems/actionpack-4.2.5/lib/action_dispatch/middleware/templates/rescues/_trace.html.erb (3.3ms)
  Rendered /Users/californiadog/.rvm/gems/ruby-2.2.2/gems/actionpack-4.2.5/lib/action_dispatch/middleware/templates/rescues/_request_and_response.html.erb (1.5ms)
  Rendered /Users/californiadog/.rvm/gems/ruby-2.2.2/gems/actionpack-4.2.5/lib/action_dispatch/middleware/templates/rescues/diagnostics.html.erb within rescues/layout (83.0ms)
  Rendered /Users/californiadog/.rvm/gems/ruby-2.2.2/gems/web-console-2.3.0/lib/web_console/templates/_markup.html.erb (0.6ms)
  Rendered /Users/californiadog/.rvm/gems/ruby-2.2.2/gems/web-console-2.3.0/lib/web_console/templates/_inner_console_markup.html.erb within layouts/inlined_string (0.5ms)
  Rendered /Users/californiadog/.rvm/gems/ruby-2.2.2/gems/web-console-2.3.0/lib/web_console/templates/_prompt_box_markup.html.erb within layouts/inlined_string (0.4ms)
  Rendered /Users/californiadog/.rvm/gems/ruby-2.2.2/gems/web-console-2.3.0/lib/web_console/templates/style.css.erb within layouts/inlined_string (0.4ms)
  Rendered /Users/californiadog/.rvm/gems/ruby-2.2.2/gems/web-console-2.3.0/lib/web_console/templates/console.js.erb within layouts/javascript (60.6ms)
  Rendered /Users/californiadog/.rvm/gems/ruby-2.2.2/gems/web-console-2.3.0/lib/web_console/templates/main.js.erb within layouts/javascript (0.9ms)
  Rendered /Users/californiadog/.rvm/gems/ruby-2.2.2/gems/web-console-2.3.0/lib/web_console/templates/error_page.js.erb within layouts/javascript (0.6ms)
  Rendered /Users/californiadog/.rvm/gems/ruby-2.2.2/gems/web-console-2.3.0/lib/web_console/templates/index.html.erb (128.5ms)


Started GET "/creatures/1/edit" for ::1 at 2016-02-18 18:27:05 -0800
Processing by CreaturesController#edit as HTML
  Parameters: {"id"=>"1"}
  [1m[35mCreature Load (0.3ms)[0m  SELECT  "creatures".* FROM "creatures" WHERE "creatures"."id" = $1 LIMIT 1  [["id", 1]]
  Rendered creatures/edit.html.erb within layouts/application (2.3ms)
Completed 200 OK in 59ms (Views: 48.1ms | ActiveRecord: 3.4ms)


Started GET "/assets/jquery.self-c64a74367bda6ef8b860f19e74df08927ca99d2be2ac934e9e92d5fd361e0da4.js?body=1" for ::1 at 2016-02-18 18:27:05 -0800


Started GET "/assets/bootstrap.min.self-a2136f50814e64f3dc4cd000975604947d7f3d0a16f1d66295e17c1040ace54f.css?body=1" for ::1 at 2016-02-18 18:27:05 -0800


Started GET "/assets/jquery_ujs.self-d602bdfe68ffc63b9f9cc512872aa3cfff046228a0a36e90dd476e8ef54c1b09.js?body=1" for ::1 at 2016-02-18 18:27:05 -0800


Started GET "/assets/creatures.self-e3b0c44298fc1c149afbf4c8996fb92427ae41e4649b934ca495991b7852b855.css?body=1" for ::1 at 2016-02-18 18:27:05 -0800


Started GET "/assets/application.self-d885a0a66bd595c10edb24f8879f94e334d88be0730c4d7c7a7b57c731c09037.css?body=1" for ::1 at 2016-02-18 18:27:05 -0800


Started GET "/assets/turbolinks.self-c37727e9bd6b2735da5c311aa83fead54ed0be6cc8bd9a65309e9c5abe2cbfff.js?body=1" for ::1 at 2016-02-18 18:27:05 -0800


Started GET "/assets/creatures.self-877aef30ae1b040ab8a3aba4e3e309a11d7f2612f44dde450b5c157aa5f95c05.js?body=1" for ::1 at 2016-02-18 18:27:05 -0800


Started GET "/assets/application.self-3b8dabdc891efe46b9a144b400ad69e37d7e5876bdc39dee783419a69d7ca819.js?body=1" for ::1 at 2016-02-18 18:27:05 -0800


Started GET "/creatures/edit/1" for ::1 at 2016-02-18 18:27:11 -0800

ActionController::RoutingError (No route matches [GET] "/creatures/edit/1"):
  actionpack (4.2.5) lib/action_dispatch/middleware/debug_exceptions.rb:21:in `call'
  web-console (2.3.0) lib/web_console/middleware.rb:28:in `block in call'
  web-console (2.3.0) lib/web_console/middleware.rb:18:in `catch'
  web-console (2.3.0) lib/web_console/middleware.rb:18:in `call'
  actionpack (4.2.5) lib/action_dispatch/middleware/show_exceptions.rb:30:in `call'
  railties (4.2.5) lib/rails/rack/logger.rb:38:in `call_app'
  railties (4.2.5) lib/rails/rack/logger.rb:20:in `block in call'
  activesupport (4.2.5) lib/active_support/tagged_logging.rb:68:in `block in tagged'
  activesupport (4.2.5) lib/active_support/tagged_logging.rb:26:in `tagged'
  activesupport (4.2.5) lib/active_support/tagged_logging.rb:68:in `tagged'
  railties (4.2.5) lib/rails/rack/logger.rb:20:in `call'
  actionpack (4.2.5) lib/action_dispatch/middleware/request_id.rb:21:in `call'
  rack (1.6.4) lib/rack/methodoverride.rb:22:in `call'
  rack (1.6.4) lib/rack/runtime.rb:18:in `call'
  activesupport (4.2.5) lib/active_support/cache/strategy/local_cache_middleware.rb:28:in `call'
  rack (1.6.4) lib/rack/lock.rb:17:in `call'
  actionpack (4.2.5) lib/action_dispatch/middleware/static.rb:116:in `call'
  rack (1.6.4) lib/rack/sendfile.rb:113:in `call'
  railties (4.2.5) lib/rails/engine.rb:518:in `call'
  railties (4.2.5) lib/rails/application.rb:165:in `call'
  rack (1.6.4) lib/rack/lock.rb:17:in `call'
  rack (1.6.4) lib/rack/content_length.rb:15:in `call'
  rack (1.6.4) lib/rack/handler/webrick.rb:88:in `service'
  /Users/californiadog/.rvm/rubies/ruby-2.2.2/lib/ruby/2.2.0/webrick/httpserver.rb:138:in `service'
  /Users/californiadog/.rvm/rubies/ruby-2.2.2/lib/ruby/2.2.0/webrick/httpserver.rb:94:in `run'
  /Users/californiadog/.rvm/rubies/ruby-2.2.2/lib/ruby/2.2.0/webrick/server.rb:294:in `block in start_thread'


  Rendered /Users/californiadog/.rvm/gems/ruby-2.2.2/gems/actionpack-4.2.5/lib/action_dispatch/middleware/templates/rescues/_trace.html.erb (1.9ms)
  Rendered /Users/californiadog/.rvm/gems/ruby-2.2.2/gems/actionpack-4.2.5/lib/action_dispatch/middleware/templates/routes/_route.html.erb (1.1ms)
  Rendered /Users/californiadog/.rvm/gems/ruby-2.2.2/gems/actionpack-4.2.5/lib/action_dispatch/middleware/templates/routes/_table.html.erb (2.8ms)
  Rendered /Users/californiadog/.rvm/gems/ruby-2.2.2/gems/actionpack-4.2.5/lib/action_dispatch/middleware/templates/rescues/_request_and_response.html.erb (2.6ms)
  Rendered /Users/californiadog/.rvm/gems/ruby-2.2.2/gems/actionpack-4.2.5/lib/action_dispatch/middleware/templates/rescues/routing_error.html.erb within rescues/layout (83.8ms)
  Rendered /Users/californiadog/.rvm/gems/ruby-2.2.2/gems/web-console-2.3.0/lib/web_console/templates/_markup.html.erb (0.7ms)
  Rendered /Users/californiadog/.rvm/gems/ruby-2.2.2/gems/web-console-2.3.0/lib/web_console/templates/_inner_console_markup.html.erb within layouts/inlined_string (0.5ms)
  Rendered /Users/californiadog/.rvm/gems/ruby-2.2.2/gems/web-console-2.3.0/lib/web_console/templates/_prompt_box_markup.html.erb within layouts/inlined_string (0.4ms)
  Rendered /Users/californiadog/.rvm/gems/ruby-2.2.2/gems/web-console-2.3.0/lib/web_console/templates/style.css.erb within layouts/inlined_string (0.5ms)
  Rendered /Users/californiadog/.rvm/gems/ruby-2.2.2/gems/web-console-2.3.0/lib/web_console/templates/console.js.erb within layouts/javascript (59.0ms)
  Rendered /Users/californiadog/.rvm/gems/ruby-2.2.2/gems/web-console-2.3.0/lib/web_console/templates/main.js.erb within layouts/javascript (0.5ms)
  Rendered /Users/californiadog/.rvm/gems/ruby-2.2.2/gems/web-console-2.3.0/lib/web_console/templates/error_page.js.erb within layouts/javascript (0.7ms)
  Rendered /Users/californiadog/.rvm/gems/ruby-2.2.2/gems/web-console-2.3.0/lib/web_console/templates/index.html.erb (128.9ms)


Started GET "/creatures/1/edit" for ::1 at 2016-02-18 18:27:22 -0800
Processing by CreaturesController#edit as HTML
  Parameters: {"id"=>"1"}
  [1m[36mCreature Load (0.4ms)[0m  [1mSELECT  "creatures".* FROM "creatures" WHERE "creatures"."id" = $1 LIMIT 1[0m  [["id", 1]]
  Rendered creatures/edit.html.erb within layouts/application (1.1ms)
Completed 200 OK in 21ms (Views: 19.1ms | ActiveRecord: 0.4ms)


Started PATCH "/creatures/1" for ::1 at 2016-02-18 18:27:26 -0800
Processing by CreaturesController#update as HTML
  Parameters: {"utf8"=>"✓", "authenticity_token"=>"GXys4L174FJZ2piYxI6e8aM/GltxVHTmZlS7eOrwsbQqwJiggicDE5NDqoxlwmaLNzQRl8BdQdbnP4dwa3kJGw==", "creature"=>{"name"=>"Yoda", "description"=>"Little green master guy"}, "commit"=>"update creature", "id"=>"1"}
  [1m[35mCreature Load (0.4ms)[0m  SELECT  "creatures".* FROM "creatures" WHERE "creatures"."id" = $1 LIMIT 1  [["id", 1]]
  [1m[36m (0.4ms)[0m  [1mBEGIN[0m
  [1m[35mSQL (0.8ms)[0m  UPDATE "creatures" SET "description" = $1, "updated_at" = $2 WHERE "creatures"."id" = $3  [["description", "Little green master guy"], ["updated_at", "2016-02-19 02:27:26.578058"], ["id", 1]]
  [1m[36m (0.3ms)[0m  [1mCOMMIT[0m
Redirected to http://localhost:3000/creatures/1
Completed 302 Found in 10ms (ActiveRecord: 1.8ms)


Started GET "/creatures/1" for ::1 at 2016-02-18 18:27:26 -0800
Processing by CreaturesController#show as HTML
  Parameters: {"id"=>"1"}
  [1m[35mCreature Load (0.4ms)[0m  SELECT  "creatures".* FROM "creatures" WHERE "creatures"."id" = $1 LIMIT 1  [["id", 1]]
  Rendered creatures/show.html.erb within layouts/application (0.1ms)
Completed 200 OK in 19ms (Views: 17.0ms | ActiveRecord: 0.4ms)


Started GET "/" for ::1 at 2016-02-18 18:34:03 -0800
Processing by CreaturesController#index as HTML
  [1m[36mCreature Load (0.5ms)[0m  [1mSELECT "creatures".* FROM "creatures"[0m
  Rendered creatures/index.html.erb within layouts/application (10.7ms)
Completed 200 OK in 45ms (Views: 39.0ms | ActiveRecord: 3.3ms)


Started GET "/" for ::1 at 2016-02-18 18:34:03 -0800
Processing by CreaturesController#index as HTML
  [1m[35mCreature Load (0.4ms)[0m  SELECT "creatures".* FROM "creatures"
  Rendered creatures/index.html.erb within layouts/application (2.6ms)
Completed 200 OK in 22ms (Views: 20.3ms | ActiveRecord: 0.4ms)


Started DELETE "/creatures/4" for ::1 at 2016-02-18 18:34:28 -0800
Processing by CreaturesController#destroy as HTML
  Parameters: {"authenticity_token"=>"ntKDgjHajhwwq1lFZHfCLeVRDf3iUPu5miZ5ztCzw7qtbrfCDoZtXfoya1HFOzpXcVoGMVNZzokbTUXGUTp7FQ==", "id"=>"4"}
  [1m[36mCreature Load (0.5ms)[0m  [1mSELECT  "creatures".* FROM "creatures" WHERE "creatures"."id" = $1 LIMIT 1[0m  [["id", 4]]
  [1m[35m (0.2ms)[0m  BEGIN
  [1m[36mSQL (0.5ms)[0m  [1mDELETE FROM "creatures" WHERE "creatures"."id" = $1[0m  [["id", 4]]
  [1m[35m (0.5ms)[0m  COMMIT
Redirected to http://localhost:3000/creatures
Completed 302 Found in 7ms (ActiveRecord: 1.6ms)


Started GET "/creatures" for ::1 at 2016-02-18 18:34:28 -0800
Processing by CreaturesController#index as HTML
  [1m[36mCreature Load (0.4ms)[0m  [1mSELECT "creatures".* FROM "creatures"[0m
  Rendered creatures/index.html.erb within layouts/application (2.2ms)
Completed 200 OK in 28ms (Views: 26.4ms | ActiveRecord: 0.4ms)
