  [1m[36mRecord Load (0.5ms)[0m  [1mSELECT "records".* FROM "records"[0m
  [1m[36m (5.7ms)[0m  [1mCREATE TABLE "schema_migrations" ("version" character varying NOT NULL) [0m
  [1m[35m (2.6ms)[0m  CREATE UNIQUE INDEX  "unique_schema_migrations" ON "schema_migrations"  ("version")
  [1m[36mActiveRecord::SchemaMigration Load (0.7ms)[0m  [1mSELECT "schema_migrations".* FROM "schema_migrations"[0m
Migrating to CreateRecords (20160218003251)
  [1m[35m (0.2ms)[0m  BEGIN
  [1m[36m (6.4ms)[0m  [1mCREATE TABLE "records" ("id" serial primary key, "title" character varying, "artist" character varying, "year" integer, "cover_art" character varying, "song_count" integer, "created_at" timestamp NOT NULL, "updated_at" timestamp NOT NULL) [0m
  [1m[35mSQL (0.4ms)[0m  INSERT INTO "schema_migrations" ("version") VALUES ($1)  [["version", "20160218003251"]]
  [1m[36m (1.3ms)[0m  [1mCOMMIT[0m
  [1m[35mActiveRecord::SchemaMigration Load (0.3ms)[0m  SELECT "schema_migrations".* FROM "schema_migrations"
  [1m[36m (3.9ms)[0m  [1mSELECT t2.oid::regclass::text AS to_table, a1.attname AS column, a2.attname AS primary_key, c.conname AS name, c.confupdtype AS on_update, c.confdeltype AS on_delete
FROM pg_constraint c
JOIN pg_class t1 ON c.conrelid = t1.oid
JOIN pg_class t2 ON c.confrelid = t2.oid
JOIN pg_attribute a1 ON a1.attnum = c.conkey[1] AND a1.attrelid = t1.oid
JOIN pg_attribute a2 ON a2.attnum = c.confkey[1] AND a2.attrelid = t2.oid
JOIN pg_namespace t3 ON c.connamespace = t3.oid
WHERE c.contype = 'f'
  AND t1.relname = 'records'
  AND t3.nspname = ANY (current_schemas(false))
ORDER BY c.conname
[0m
  [1m[35mRecord Load (1.5ms)[0m  SELECT "records".* FROM "records"
  [1m[36mActiveRecord::SchemaMigration Load (0.4ms)[0m  [1mSELECT "schema_migrations".* FROM "schema_migrations"[0m
  [1m[35mRecord Load (0.5ms)[0m  SELECT "records".* FROM "records"
  [1m[36m (0.2ms)[0m  [1mBEGIN[0m
  [1m[35mSQL (0.7ms)[0m  INSERT INTO "records" ("title", "artist", "year", "cover_art", "song_count", "created_at", "updated_at") VALUES ($1, $2, $3, $4, $5, $6, $7) RETURNING "id"  [["title", "On Avery Island"], ["artist", "Neutral Milk Hotel"], ["year", 1996], ["cover_art", "https://upload.wikimedia.org/wikipedia/en/7/73/On_avery_island_album_cover.jpg"], ["song_count", 12], ["created_at", "2016-02-18 00:35:28.624786"], ["updated_at", "2016-02-18 00:35:28.624786"]]
  [1m[36m (1.2ms)[0m  [1mCOMMIT[0m
  [1m[35m (0.3ms)[0m  BEGIN
  [1m[36mSQL (0.3ms)[0m  [1mINSERT INTO "records" ("title", "artist", "year", "cover_art", "song_count", "created_at", "updated_at") VALUES ($1, $2, $3, $4, $5, $6, $7) RETURNING "id"[0m  [["title", "Everything All the Time"], ["artist", "Band of Horses"], ["year", 2006], ["cover_art", "https://upload.wikimedia.org/wikipedia/en/5/51/BandofHorsesEverythingalltheTime.jpg"], ["song_count", 10], ["created_at", "2016-02-18 00:35:28.630843"], ["updated_at", "2016-02-18 00:35:28.630843"]]
  [1m[35m (1.2ms)[0m  COMMIT
  [1m[36m (0.1ms)[0m  [1mBEGIN[0m
  [1m[35mSQL (0.2ms)[0m  INSERT INTO "records" ("title", "artist", "year", "cover_art", "song_count", "created_at", "updated_at") VALUES ($1, $2, $3, $4, $5, $6, $7) RETURNING "id"  [["title", "The Flying Club Cup"], ["artist", "Beirut"], ["year", 2007], ["cover_art", "https://upload.wikimedia.org/wikipedia/en/4/4c/The_Flying_Club_Cup.jpg"], ["song_count", 13], ["created_at", "2016-02-18 00:35:28.633524"], ["updated_at", "2016-02-18 00:35:28.633524"]]
  [1m[36m (1.1ms)[0m  [1mCOMMIT[0m
  [1m[36mRecord Load (0.4ms)[0m  [1mSELECT "records".* FROM "records"[0m


Started GET "/" for ::1 at 2016-02-17 16:37:06 -0800
  [1m[36mActiveRecord::SchemaMigration Load (0.4ms)[0m  [1mSELECT "schema_migrations".* FROM "schema_migrations"[0m
Processing by Rails::WelcomeController#index as HTML
  Rendered /Users/macluca/.rvm/gems/ruby-2.2.1/gems/railties-4.2.5/lib/rails/templates/rails/welcome/index.html.erb (16.9ms)
Completed 200 OK in 42ms (Views: 31.8ms | ActiveRecord: 0.0ms)


Started GET "/records" for ::1 at 2016-02-17 16:37:16 -0800
Processing by RecordsController#index as HTML
  [1m[35mRecord Load (0.6ms)[0m  SELECT "records".* FROM "records"
  Rendered records/index.html.erb within layouts/application (9.5ms)
Completed 200 OK in 1147ms (Views: 1142.1ms | ActiveRecord: 3.8ms)


Started GET "/assets/records.self-e3b0c44298fc1c149afbf4c8996fb92427ae41e4649b934ca495991b7852b855.css?body=1" for ::1 at 2016-02-17 16:37:18 -0800


Started GET "/assets/records.self-877aef30ae1b040ab8a3aba4e3e309a11d7f2612f44dde450b5c157aa5f95c05.js?body=1" for ::1 at 2016-02-17 16:37:18 -0800


Started GET "/records" for ::1 at 2016-02-17 16:38:28 -0800
Processing by RecordsController#index as HTML
  [1m[36mRecord Load (0.3ms)[0m  [1mSELECT "records".* FROM "records"[0m
  Rendered records/index.html.erb within layouts/application (12.0ms)
Completed 200 OK in 39ms (Views: 33.4ms | ActiveRecord: 2.5ms)


Started GET "/assets/application.self-e80e8f2318043e8af94dddc2adad5a4f09739a8ebb323b3ab31cd71d45fd9113.css?body=1" for ::1 at 2016-02-17 16:38:29 -0800


Started GET "/assets/records.self-e3b0c44298fc1c149afbf4c8996fb92427ae41e4649b934ca495991b7852b855.css?body=1" for ::1 at 2016-02-17 16:38:29 -0800


Started GET "/assets/turbolinks.self-c37727e9bd6b2735da5c311aa83fead54ed0be6cc8bd9a65309e9c5abe2cbfff.js?body=1" for ::1 at 2016-02-17 16:38:29 -0800


Started GET "/assets/jquery.self-c64a74367bda6ef8b860f19e74df08927ca99d2be2ac934e9e92d5fd361e0da4.js?body=1" for ::1 at 2016-02-17 16:38:29 -0800


Started GET "/assets/jquery_ujs.self-d602bdfe68ffc63b9f9cc512872aa3cfff046228a0a36e90dd476e8ef54c1b09.js?body=1" for ::1 at 2016-02-17 16:38:29 -0800


Started GET "/assets/records.self-877aef30ae1b040ab8a3aba4e3e309a11d7f2612f44dde450b5c157aa5f95c05.js?body=1" for ::1 at 2016-02-17 16:38:29 -0800


Started GET "/assets/application.self-3b8dabdc891efe46b9a144b400ad69e37d7e5876bdc39dee783419a69d7ca819.js?body=1" for ::1 at 2016-02-17 16:38:29 -0800


Started GET "/records/1" for ::1 at 2016-02-17 16:38:31 -0800
Processing by RecordsController#show as HTML
  Parameters: {"id"=>"1"}
  [1m[35mRecord Load (0.3ms)[0m  SELECT  "records".* FROM "records" WHERE "records"."id" = $1 LIMIT 1  [["id", 1]]
  Rendered records/show.html.erb within layouts/application (0.5ms)
Completed 200 OK in 39ms (Views: 16.1ms | ActiveRecord: 0.9ms)


Started GET "/records/1" for ::1 at 2016-02-17 16:38:39 -0800
Processing by RecordsController#show as HTML
  Parameters: {"id"=>"1"}
  [1m[36mRecord Load (0.3ms)[0m  [1mSELECT  "records".* FROM "records" WHERE "records"."id" = $1 LIMIT 1[0m  [["id", 1]]
  Rendered records/show.html.erb within layouts/application (0.1ms)
Completed 200 OK in 21ms (Views: 19.1ms | ActiveRecord: 0.3ms)


Started GET "/records/2" for ::1 at 2016-02-17 16:38:43 -0800
Processing by RecordsController#show as HTML
  Parameters: {"id"=>"2"}
  [1m[35mRecord Load (0.3ms)[0m  SELECT  "records".* FROM "records" WHERE "records"."id" = $1 LIMIT 1  [["id", 2]]
  Rendered records/show.html.erb within layouts/application (0.1ms)
Completed 200 OK in 22ms (Views: 20.4ms | ActiveRecord: 0.3ms)


Started GET "/records" for ::1 at 2016-02-17 16:39:46 -0800
Processing by RecordsController#index as HTML
  [1m[36mRecord Load (0.3ms)[0m  [1mSELECT "records".* FROM "records"[0m
  Rendered records/index.html.erb within layouts/application (1.4ms)
Completed 200 OK in 20ms (Views: 19.2ms | ActiveRecord: 0.3ms)


Started GET "/assets/records.self-e3b0c44298fc1c149afbf4c8996fb92427ae41e4649b934ca495991b7852b855.css?body=1" for ::1 at 2016-02-17 16:39:46 -0800


Started GET "/assets/jquery_ujs.self-d602bdfe68ffc63b9f9cc512872aa3cfff046228a0a36e90dd476e8ef54c1b09.js?body=1" for ::1 at 2016-02-17 16:39:46 -0800


Started GET "/assets/jquery.self-c64a74367bda6ef8b860f19e74df08927ca99d2be2ac934e9e92d5fd361e0da4.js?body=1" for ::1 at 2016-02-17 16:39:46 -0800


Started GET "/assets/application.self-e80e8f2318043e8af94dddc2adad5a4f09739a8ebb323b3ab31cd71d45fd9113.css?body=1" for ::1 at 2016-02-17 16:39:46 -0800


Started GET "/assets/turbolinks.self-c37727e9bd6b2735da5c311aa83fead54ed0be6cc8bd9a65309e9c5abe2cbfff.js?body=1" for ::1 at 2016-02-17 16:39:46 -0800


Started GET "/assets/records.self-877aef30ae1b040ab8a3aba4e3e309a11d7f2612f44dde450b5c157aa5f95c05.js?body=1" for ::1 at 2016-02-17 16:39:46 -0800


Started GET "/assets/application.self-3b8dabdc891efe46b9a144b400ad69e37d7e5876bdc39dee783419a69d7ca819.js?body=1" for ::1 at 2016-02-17 16:39:46 -0800


Started GET "/records" for ::1 at 2016-02-17 16:41:35 -0800
Processing by RecordsController#index as HTML
  [1m[35mRecord Load (0.4ms)[0m  SELECT "records".* FROM "records"
  Rendered records/index.html.erb within layouts/application (13.8ms)
Completed 200 OK in 43ms (Views: 35.7ms | ActiveRecord: 4.5ms)


Started GET "/assets/records.self-e3b0c44298fc1c149afbf4c8996fb92427ae41e4649b934ca495991b7852b855.css?body=1" for ::1 at 2016-02-17 16:41:35 -0800


Started GET "/assets/jquery.self-c64a74367bda6ef8b860f19e74df08927ca99d2be2ac934e9e92d5fd361e0da4.js?body=1" for ::1 at 2016-02-17 16:41:35 -0800


Started GET "/assets/application.self-e80e8f2318043e8af94dddc2adad5a4f09739a8ebb323b3ab31cd71d45fd9113.css?body=1" for ::1 at 2016-02-17 16:41:35 -0800


Started GET "/assets/jquery_ujs.self-d602bdfe68ffc63b9f9cc512872aa3cfff046228a0a36e90dd476e8ef54c1b09.js?body=1" for ::1 at 2016-02-17 16:41:35 -0800


Started GET "/assets/turbolinks.self-c37727e9bd6b2735da5c311aa83fead54ed0be6cc8bd9a65309e9c5abe2cbfff.js?body=1" for ::1 at 2016-02-17 16:41:35 -0800


Started GET "/assets/application.self-3b8dabdc891efe46b9a144b400ad69e37d7e5876bdc39dee783419a69d7ca819.js?body=1" for ::1 at 2016-02-17 16:41:35 -0800


Started GET "/assets/records.self-877aef30ae1b040ab8a3aba4e3e309a11d7f2612f44dde450b5c157aa5f95c05.js?body=1" for ::1 at 2016-02-17 16:41:35 -0800


Started GET "/records/new" for ::1 at 2016-02-17 16:41:38 -0800
Processing by RecordsController#new as HTML
  Rendered records/new.html.erb within layouts/application (42.7ms)
Completed 200 OK in 56ms (Views: 54.9ms | ActiveRecord: 0.0ms)


Started GET "/records/new" for ::1 at 2016-02-17 16:43:31 -0800
Processing by RecordsController#new as HTML
  Rendered records/new.html.erb within layouts/application (2.0ms)
Completed 200 OK in 24ms (Views: 17.5ms | ActiveRecord: 1.9ms)


Started GET "/assets/records.self-e3b0c44298fc1c149afbf4c8996fb92427ae41e4649b934ca495991b7852b855.css?body=1" for ::1 at 2016-02-17 16:43:31 -0800


Started GET "/assets/jquery.self-c64a74367bda6ef8b860f19e74df08927ca99d2be2ac934e9e92d5fd361e0da4.js?body=1" for ::1 at 2016-02-17 16:43:31 -0800


Started GET "/assets/application.self-e80e8f2318043e8af94dddc2adad5a4f09739a8ebb323b3ab31cd71d45fd9113.css?body=1" for ::1 at 2016-02-17 16:43:31 -0800


Started GET "/assets/turbolinks.self-c37727e9bd6b2735da5c311aa83fead54ed0be6cc8bd9a65309e9c5abe2cbfff.js?body=1" for ::1 at 2016-02-17 16:43:31 -0800


Started GET "/assets/jquery_ujs.self-d602bdfe68ffc63b9f9cc512872aa3cfff046228a0a36e90dd476e8ef54c1b09.js?body=1" for ::1 at 2016-02-17 16:43:31 -0800


Started GET "/assets/records.self-877aef30ae1b040ab8a3aba4e3e309a11d7f2612f44dde450b5c157aa5f95c05.js?body=1" for ::1 at 2016-02-17 16:43:31 -0800


Started GET "/assets/application.self-3b8dabdc891efe46b9a144b400ad69e37d7e5876bdc39dee783419a69d7ca819.js?body=1" for ::1 at 2016-02-17 16:43:31 -0800


Started POST "/records" for ::1 at 2016-02-17 16:44:05 -0800
Processing by RecordsController#create as HTML
  Parameters: {"utf8"=>"✓", "authenticity_token"=>"Xl0CXHOGAPbDVlpMwIdwYc5B3f6HvbKWggpGxay5Qdj7YT0MtlXwV/YRNTZqCFAQUUcrxHST7GbH2pNBGetzlg==", "record"=>{"title"=>"After Eight", "artist"=>"Taco", "year"=>"1990", "cover_art"=>"http://vignette4.wikia.nocookie.net/lyricwiki/images/a/a6/Taco_-_After_Eight.jpg/revision/latest?cb=20110710141012", "song_count"=>"13"}, "commit"=>"Create Record"}
Completed 500 Internal Server Error in 5ms (ActiveRecord: 0.0ms)

ActionView::MissingTemplate (Missing template records/create, application/create with {:locale=>[:en], :formats=>[:html], :variants=>[], :handlers=>[:erb, :builder, :raw, :ruby, :coffee, :jbuilder]}. Searched in:
  * "/Users/macluca/Desktop/App_Rails_01/rock_n_rails/app/views"
):
  actionview (4.2.5) lib/action_view/path_set.rb:46:in `find'
  actionview (4.2.5) lib/action_view/lookup_context.rb:121:in `find'
  actionview (4.2.5) lib/action_view/renderer/abstract_renderer.rb:18:in `find_template'
  actionview (4.2.5) lib/action_view/renderer/template_renderer.rb:40:in `determine_template'
  actionview (4.2.5) lib/action_view/renderer/template_renderer.rb:8:in `render'
  actionview (4.2.5) lib/action_view/renderer/renderer.rb:42:in `render_template'
  actionview (4.2.5) lib/action_view/renderer/renderer.rb:23:in `render'
  actionview (4.2.5) lib/action_view/rendering.rb:100:in `_render_template'
  actionpack (4.2.5) lib/action_controller/metal/streaming.rb:217:in `_render_template'
  actionview (4.2.5) lib/action_view/rendering.rb:83:in `render_to_body'
  actionpack (4.2.5) lib/action_controller/metal/rendering.rb:32:in `render_to_body'
  actionpack (4.2.5) lib/action_controller/metal/renderers.rb:37:in `render_to_body'
  actionpack (4.2.5) lib/abstract_controller/rendering.rb:25:in `render'
  actionpack (4.2.5) lib/action_controller/metal/rendering.rb:16:in `render'
  actionpack (4.2.5) lib/action_controller/metal/instrumentation.rb:44:in `block (2 levels) in render'
  activesupport (4.2.5) lib/active_support/core_ext/benchmark.rb:12:in `block in ms'
  /Users/macluca/.rvm/rubies/ruby-2.2.1/lib/ruby/2.2.0/benchmark.rb:303:in `realtime'
  activesupport (4.2.5) lib/active_support/core_ext/benchmark.rb:12:in `ms'
  actionpack (4.2.5) lib/action_controller/metal/instrumentation.rb:44:in `block in render'
  actionpack (4.2.5) lib/action_controller/metal/instrumentation.rb:87:in `cleanup_view_runtime'
  activerecord (4.2.5) lib/active_record/railties/controller_runtime.rb:25:in `cleanup_view_runtime'
  actionpack (4.2.5) lib/action_controller/metal/instrumentation.rb:43:in `render'
  actionpack (4.2.5) lib/action_controller/metal/implicit_render.rb:10:in `default_render'
  actionpack (4.2.5) lib/action_controller/metal/implicit_render.rb:5:in `send_action'
  actionpack (4.2.5) lib/abstract_controller/base.rb:198:in `process_action'
  actionpack (4.2.5) lib/action_controller/metal/rendering.rb:10:in `process_action'
  actionpack (4.2.5) lib/abstract_controller/callbacks.rb:20:in `block in process_action'
  activesupport (4.2.5) lib/active_support/callbacks.rb:117:in `call'
  activesupport (4.2.5) lib/active_support/callbacks.rb:117:in `call'
  activesupport (4.2.5) lib/active_support/callbacks.rb:555:in `block (2 levels) in compile'
  activesupport (4.2.5) lib/active_support/callbacks.rb:505:in `call'
  activesupport (4.2.5) lib/active_support/callbacks.rb:505:in `call'
  activesupport (4.2.5) lib/active_support/callbacks.rb:92:in `__run_callbacks__'
  activesupport (4.2.5) lib/active_support/callbacks.rb:778:in `_run_process_action_callbacks'
  activesupport (4.2.5) lib/active_support/callbacks.rb:81:in `run_callbacks'
  actionpack (4.2.5) lib/abstract_controller/callbacks.rb:19:in `process_action'
  actionpack (4.2.5) lib/action_controller/metal/rescue.rb:29:in `process_action'
  actionpack (4.2.5) lib/action_controller/metal/instrumentation.rb:32:in `block in process_action'
  activesupport (4.2.5) lib/active_support/notifications.rb:164:in `block in instrument'
  activesupport (4.2.5) lib/active_support/notifications/instrumenter.rb:20:in `instrument'
  activesupport (4.2.5) lib/active_support/notifications.rb:164:in `instrument'
  actionpack (4.2.5) lib/action_controller/metal/instrumentation.rb:30:in `process_action'
  actionpack (4.2.5) lib/action_controller/metal/params_wrapper.rb:250:in `process_action'
  activerecord (4.2.5) lib/active_record/railties/controller_runtime.rb:18:in `process_action'
  actionpack (4.2.5) lib/abstract_controller/base.rb:137:in `process'
  actionview (4.2.5) lib/action_view/rendering.rb:30:in `process'
  actionpack (4.2.5) lib/action_controller/metal.rb:196:in `dispatch'
  actionpack (4.2.5) lib/action_controller/metal/rack_delegation.rb:13:in `dispatch'
  actionpack (4.2.5) lib/action_controller/metal.rb:237:in `block in action'
  actionpack (4.2.5) lib/action_dispatch/routing/route_set.rb:76:in `call'
  actionpack (4.2.5) lib/action_dispatch/routing/route_set.rb:76:in `dispatch'
  actionpack (4.2.5) lib/action_dispatch/routing/route_set.rb:45:in `serve'
  actionpack (4.2.5) lib/action_dispatch/journey/router.rb:43:in `block in serve'
  actionpack (4.2.5) lib/action_dispatch/journey/router.rb:30:in `each'
  actionpack (4.2.5) lib/action_dispatch/journey/router.rb:30:in `serve'
  actionpack (4.2.5) lib/action_dispatch/routing/route_set.rb:817:in `call'
  rack (1.6.4) lib/rack/etag.rb:24:in `call'
  rack (1.6.4) lib/rack/conditionalget.rb:38:in `call'
  rack (1.6.4) lib/rack/head.rb:13:in `call'
  actionpack (4.2.5) lib/action_dispatch/middleware/params_parser.rb:27:in `call'
  actionpack (4.2.5) lib/action_dispatch/middleware/flash.rb:260:in `call'
  rack (1.6.4) lib/rack/session/abstract/id.rb:225:in `context'
  rack (1.6.4) lib/rack/session/abstract/id.rb:220:in `call'
  actionpack (4.2.5) lib/action_dispatch/middleware/cookies.rb:560:in `call'
  activerecord (4.2.5) lib/active_record/query_cache.rb:36:in `call'
  activerecord (4.2.5) lib/active_record/connection_adapters/abstract/connection_pool.rb:653:in `call'
  activerecord (4.2.5) lib/active_record/migration.rb:377:in `call'
  actionpack (4.2.5) lib/action_dispatch/middleware/callbacks.rb:29:in `block in call'
  activesupport (4.2.5) lib/active_support/callbacks.rb:88:in `__run_callbacks__'
  activesupport (4.2.5) lib/active_support/callbacks.rb:778:in `_run_call_callbacks'
  activesupport (4.2.5) lib/active_support/callbacks.rb:81:in `run_callbacks'
  actionpack (4.2.5) lib/action_dispatch/middleware/callbacks.rb:27:in `call'
  actionpack (4.2.5) lib/action_dispatch/middleware/reloader.rb:73:in `call'
  actionpack (4.2.5) lib/action_dispatch/middleware/remote_ip.rb:78:in `call'
  actionpack (4.2.5) lib/action_dispatch/middleware/debug_exceptions.rb:17:in `call'
  web-console (2.3.0) lib/web_console/middleware.rb:28:in `block in call'
  web-console (2.3.0) lib/web_console/middleware.rb:18:in `catch'
  web-console (2.3.0) lib/web_console/middleware.rb:18:in `call'
  actionpack (4.2.5) lib/action_dispatch/middleware/show_exceptions.rb:30:in `call'
  railties (4.2.5) lib/rails/rack/logger.rb:38:in `call_app'
  railties (4.2.5) lib/rails/rack/logger.rb:20:in `block in call'
  activesupport (4.2.5) lib/active_support/tagged_logging.rb:68:in `block in tagged'
  activesupport (4.2.5) lib/active_support/tagged_logging.rb:26:in `tagged'
  activesupport (4.2.5) lib/active_support/tagged_logging.rb:68:in `tagged'
  railties (4.2.5) lib/rails/rack/logger.rb:20:in `call'
  actionpack (4.2.5) lib/action_dispatch/middleware/request_id.rb:21:in `call'
  rack (1.6.4) lib/rack/methodoverride.rb:22:in `call'
  rack (1.6.4) lib/rack/runtime.rb:18:in `call'
  activesupport (4.2.5) lib/active_support/cache/strategy/local_cache_middleware.rb:28:in `call'
  rack (1.6.4) lib/rack/lock.rb:17:in `call'
  actionpack (4.2.5) lib/action_dispatch/middleware/static.rb:116:in `call'
  rack (1.6.4) lib/rack/sendfile.rb:113:in `call'
  railties (4.2.5) lib/rails/engine.rb:518:in `call'
  railties (4.2.5) lib/rails/application.rb:165:in `call'
  rack (1.6.4) lib/rack/lock.rb:17:in `call'
  rack (1.6.4) lib/rack/content_length.rb:15:in `call'
  rack (1.6.4) lib/rack/handler/webrick.rb:88:in `service'
  /Users/macluca/.rvm/rubies/ruby-2.2.1/lib/ruby/2.2.0/webrick/httpserver.rb:138:in `service'
  /Users/macluca/.rvm/rubies/ruby-2.2.1/lib/ruby/2.2.0/webrick/httpserver.rb:94:in `run'
  /Users/macluca/.rvm/rubies/ruby-2.2.1/lib/ruby/2.2.0/webrick/server.rb:294:in `block in start_thread'


  Rendered /Users/macluca/.rvm/gems/ruby-2.2.1/gems/actionpack-4.2.5/lib/action_dispatch/middleware/templates/rescues/_source.erb (5.5ms)
  Rendered /Users/macluca/.rvm/gems/ruby-2.2.1/gems/actionpack-4.2.5/lib/action_dispatch/middleware/templates/rescues/_trace.html.erb (2.6ms)
  Rendered /Users/macluca/.rvm/gems/ruby-2.2.1/gems/actionpack-4.2.5/lib/action_dispatch/middleware/templates/rescues/_request_and_response.html.erb (9.6ms)
  Rendered /Users/macluca/.rvm/gems/ruby-2.2.1/gems/actionpack-4.2.5/lib/action_dispatch/middleware/templates/rescues/missing_template.html.erb within rescues/layout (68.1ms)
  Rendered /Users/macluca/.rvm/gems/ruby-2.2.1/gems/web-console-2.3.0/lib/web_console/templates/_markup.html.erb (0.4ms)
  Rendered /Users/macluca/.rvm/gems/ruby-2.2.1/gems/web-console-2.3.0/lib/web_console/templates/_inner_console_markup.html.erb within layouts/inlined_string (0.3ms)
  Rendered /Users/macluca/.rvm/gems/ruby-2.2.1/gems/web-console-2.3.0/lib/web_console/templates/_prompt_box_markup.html.erb within layouts/inlined_string (0.3ms)
  Rendered /Users/macluca/.rvm/gems/ruby-2.2.1/gems/web-console-2.3.0/lib/web_console/templates/style.css.erb within layouts/inlined_string (0.3ms)
  Rendered /Users/macluca/.rvm/gems/ruby-2.2.1/gems/web-console-2.3.0/lib/web_console/templates/console.js.erb within layouts/javascript (48.4ms)
  Rendered /Users/macluca/.rvm/gems/ruby-2.2.1/gems/web-console-2.3.0/lib/web_console/templates/main.js.erb within layouts/javascript (0.3ms)
  Rendered /Users/macluca/.rvm/gems/ruby-2.2.1/gems/web-console-2.3.0/lib/web_console/templates/error_page.js.erb within layouts/javascript (0.4ms)
  Rendered /Users/macluca/.rvm/gems/ruby-2.2.1/gems/web-console-2.3.0/lib/web_console/templates/index.html.erb (112.0ms)


Started POST "/records" for ::1 at 2016-02-17 16:45:13 -0800
Processing by RecordsController#create as HTML
  Parameters: {"utf8"=>"✓", "authenticity_token"=>"Xl0CXHOGAPbDVlpMwIdwYc5B3f6HvbKWggpGxay5Qdj7YT0MtlXwV/YRNTZqCFAQUUcrxHST7GbH2pNBGetzlg==", "record"=>{"title"=>"After Eight", "artist"=>"Taco", "year"=>"1990", "cover_art"=>"http://vignette4.wikia.nocookie.net/lyricwiki/images/a/a6/Taco_-_After_Eight.jpg/revision/latest?cb=20110710141012", "song_count"=>"13"}, "commit"=>"Create Record"}
  [1m[36m (0.2ms)[0m  [1mBEGIN[0m
  [1m[35mSQL (0.5ms)[0m  INSERT INTO "records" ("title", "artist", "year", "cover_art", "song_count", "created_at", "updated_at") VALUES ($1, $2, $3, $4, $5, $6, $7) RETURNING "id"  [["title", "After Eight"], ["artist", "Taco"], ["year", 1990], ["cover_art", "http://vignette4.wikia.nocookie.net/lyricwiki/images/a/a6/Taco_-_After_Eight.jpg/revision/latest?cb=20110710141012"], ["song_count", 13], ["created_at", "2016-02-18 00:45:13.702354"], ["updated_at", "2016-02-18 00:45:13.702354"]]
  [1m[36m (1.3ms)[0m  [1mCOMMIT[0m
Redirected to http://localhost:3000/records
Completed 302 Found in 15ms (ActiveRecord: 4.2ms)


Started GET "/records" for ::1 at 2016-02-17 16:45:13 -0800
Processing by RecordsController#index as HTML
  [1m[35mRecord Load (0.3ms)[0m  SELECT "records".* FROM "records"
  Rendered records/index.html.erb within layouts/application (1.4ms)
Completed 200 OK in 34ms (Views: 32.6ms | ActiveRecord: 0.3ms)


Started GET "/assets/application.self-e80e8f2318043e8af94dddc2adad5a4f09739a8ebb323b3ab31cd71d45fd9113.css?body=1" for ::1 at 2016-02-17 16:45:13 -0800


Started GET "/assets/records.self-e3b0c44298fc1c149afbf4c8996fb92427ae41e4649b934ca495991b7852b855.css?body=1" for ::1 at 2016-02-17 16:45:13 -0800


Started GET "/assets/jquery.self-c64a74367bda6ef8b860f19e74df08927ca99d2be2ac934e9e92d5fd361e0da4.js?body=1" for ::1 at 2016-02-17 16:45:13 -0800


Started GET "/assets/turbolinks.self-c37727e9bd6b2735da5c311aa83fead54ed0be6cc8bd9a65309e9c5abe2cbfff.js?body=1" for ::1 at 2016-02-17 16:45:13 -0800


Started GET "/assets/jquery_ujs.self-d602bdfe68ffc63b9f9cc512872aa3cfff046228a0a36e90dd476e8ef54c1b09.js?body=1" for ::1 at 2016-02-17 16:45:13 -0800


Started GET "/assets/records.self-877aef30ae1b040ab8a3aba4e3e309a11d7f2612f44dde450b5c157aa5f95c05.js?body=1" for ::1 at 2016-02-17 16:45:13 -0800


Started GET "/assets/application.self-3b8dabdc891efe46b9a144b400ad69e37d7e5876bdc39dee783419a69d7ca819.js?body=1" for ::1 at 2016-02-17 16:45:13 -0800


Started GET "/records/new" for ::1 at 2016-02-17 16:45:15 -0800
Processing by RecordsController#new as HTML
  Rendered records/new.html.erb within layouts/application (1.5ms)
Completed 200 OK in 17ms (Views: 16.2ms | ActiveRecord: 0.0ms)


Started GET "/records/4" for ::1 at 2016-02-17 16:45:22 -0800
Processing by RecordsController#show as HTML
  Parameters: {"id"=>"4"}
  [1m[36mRecord Load (0.3ms)[0m  [1mSELECT  "records".* FROM "records" WHERE "records"."id" = $1 LIMIT 1[0m  [["id", 4]]
  Rendered records/show.html.erb within layouts/application (0.1ms)
Completed 200 OK in 16ms (Views: 14.6ms | ActiveRecord: 0.3ms)


Started GET "/records" for ::1 at 2016-02-17 16:48:13 -0800
Processing by RecordsController#index as HTML
  [1m[35mRecord Load (0.3ms)[0m  SELECT "records".* FROM "records"
  Rendered records/index.html.erb within layouts/application (7.1ms)
Completed 200 OK in 24ms (Views: 20.5ms | ActiveRecord: 2.4ms)


Started GET "/assets/records.self-e3b0c44298fc1c149afbf4c8996fb92427ae41e4649b934ca495991b7852b855.css?body=1" for ::1 at 2016-02-17 16:48:13 -0800


Started GET "/assets/application.self-e80e8f2318043e8af94dddc2adad5a4f09739a8ebb323b3ab31cd71d45fd9113.css?body=1" for ::1 at 2016-02-17 16:48:13 -0800


Started GET "/assets/jquery.self-c64a74367bda6ef8b860f19e74df08927ca99d2be2ac934e9e92d5fd361e0da4.js?body=1" for ::1 at 2016-02-17 16:48:13 -0800


Started GET "/assets/jquery_ujs.self-d602bdfe68ffc63b9f9cc512872aa3cfff046228a0a36e90dd476e8ef54c1b09.js?body=1" for ::1 at 2016-02-17 16:48:13 -0800


Started GET "/assets/application.self-3b8dabdc891efe46b9a144b400ad69e37d7e5876bdc39dee783419a69d7ca819.js?body=1" for ::1 at 2016-02-17 16:48:13 -0800


Started GET "/assets/turbolinks.self-c37727e9bd6b2735da5c311aa83fead54ed0be6cc8bd9a65309e9c5abe2cbfff.js?body=1" for ::1 at 2016-02-17 16:48:13 -0800


Started GET "/assets/records.self-877aef30ae1b040ab8a3aba4e3e309a11d7f2612f44dde450b5c157aa5f95c05.js?body=1" for ::1 at 2016-02-17 16:48:13 -0800


Started GET "/records/new" for ::1 at 2016-02-17 16:48:15 -0800
Processing by RecordsController#new as HTML
  Rendered records/new.html.erb within layouts/application (1.3ms)
Completed 200 OK in 15ms (Views: 13.8ms | ActiveRecord: 0.0ms)


Started POST "/records" for ::1 at 2016-02-17 16:49:22 -0800
Processing by RecordsController#create as HTML
  Parameters: {"utf8"=>"✓", "authenticity_token"=>"++ZB2F+DPYETY27lLpGQvgpuSNYBxBWlze6ra8NYDwZe2n6ImlDNICYkAZ+EHrDPlWi+7PLqS1WIPn7vdgo9SA==", "record"=>{"title"=>"Nevermind", "artist"=>"Nirvana", "year"=>"1994", "cover_art"=>"http://www.nirvana.com/files/2015/12/Nevermind.jpg", "song_count"=>"12"}, "commit"=>"Create Record"}
  [1m[36m (0.1ms)[0m  [1mBEGIN[0m
  [1m[35mSQL (0.3ms)[0m  INSERT INTO "records" ("title", "artist", "year", "cover_art", "song_count", "created_at", "updated_at") VALUES ($1, $2, $3, $4, $5, $6, $7) RETURNING "id"  [["title", "Nevermind"], ["artist", "Nirvana"], ["year", 1994], ["cover_art", "http://www.nirvana.com/files/2015/12/Nevermind.jpg"], ["song_count", 12], ["created_at", "2016-02-18 00:49:22.197984"], ["updated_at", "2016-02-18 00:49:22.197984"]]
  [1m[36m (1.3ms)[0m  [1mCOMMIT[0m
Redirected to http://localhost:3000/records
Completed 302 Found in 4ms (ActiveRecord: 1.6ms)


Started GET "/records" for ::1 at 2016-02-17 16:49:22 -0800
Processing by RecordsController#index as HTML
  [1m[35mRecord Load (0.3ms)[0m  SELECT "records".* FROM "records"
  Rendered records/index.html.erb within layouts/application (1.3ms)
Completed 200 OK in 13ms (Views: 11.7ms | ActiveRecord: 0.3ms)


Started GET "/records/5" for ::1 at 2016-02-17 16:49:25 -0800
Processing by RecordsController#show as HTML
  Parameters: {"id"=>"5"}
  [1m[36mRecord Load (0.3ms)[0m  [1mSELECT  "records".* FROM "records" WHERE "records"."id" = $1 LIMIT 1[0m  [["id", 5]]
  Rendered records/show.html.erb within layouts/application (0.1ms)
Completed 200 OK in 22ms (Views: 12.7ms | ActiveRecord: 0.3ms)


Started GET "/records/5" for ::1 at 2016-02-17 16:49:32 -0800
Processing by RecordsController#show as HTML
  Parameters: {"id"=>"5"}
  [1m[35mRecord Load (0.3ms)[0m  SELECT  "records".* FROM "records" WHERE "records"."id" = $1 LIMIT 1  [["id", 5]]
  Rendered records/show.html.erb within layouts/application (0.1ms)
Completed 200 OK in 15ms (Views: 14.2ms | ActiveRecord: 0.3ms)


Started GET "/records/new" for ::1 at 2016-02-17 16:49:46 -0800
Processing by RecordsController#new as HTML
  Rendered records/new.html.erb within layouts/application (1.3ms)
Completed 200 OK in 15ms (Views: 14.6ms | ActiveRecord: 0.0ms)


Started GET "/records" for ::1 at 2016-02-17 16:50:03 -0800
Processing by RecordsController#index as HTML
  [1m[36mRecord Load (1.8ms)[0m  [1mSELECT "records".* FROM "records"[0m
  Rendered records/index.html.erb within layouts/application (4.0ms)
Completed 200 OK in 37ms (Views: 34.3ms | ActiveRecord: 1.8ms)
  [1m[35mRecord Load (0.7ms)[0m  SELECT "records".* FROM "records"
